This is pdfTeX, Version 3.1415926-2.5-1.40.14 (TeX Live 2013/Debian) (format=pdflatex 2015.10.8)  30 JAN 2017 09:45
entering extended mode
 restricted \write18 enabled.
 %&-line parsing enabled.
**iitdharwad.tex
(./iitdharwad.tex
LaTeX2e <2011/06/27>
Babel <3.9h> and hyphenation patterns for 78 languages loaded.
(/usr/share/texlive/texmf-dist/tex/latex/base/article.cls
Document Class: article 2007/10/19 v1.4h Standard LaTeX document class
(/usr/share/texlive/texmf-dist/tex/latex/base/size10.clo
File: size10.clo 2007/10/19 v1.4h Standard LaTeX file (size option)
)
\c@part=\count79
\c@section=\count80
\c@subsection=\count81
\c@subsubsection=\count82
\c@paragraph=\count83
\c@subparagraph=\count84
\c@figure=\count85
\c@table=\count86
\abovecaptionskip=\skip41
\belowcaptionskip=\skip42
\bibindent=\dimen102
) (./pack.tex
(/usr/share/texlive/texmf-dist/tex/latex/etex-pkg/etex.sty
Package: etex 1998/03/26 v2.0 eTeX basic definition package (PEB)
\et@xins=\count87
)
(/usr/share/texlive/texmf-dist/tex/latex/psnfss/helvet.sty
Package: helvet 2005/04/12 PSNFSS-v9.2a (WaS) 

(/usr/share/texlive/texmf-dist/tex/latex/graphics/keyval.sty
Package: keyval 1999/03/16 v1.13 key=value parser (DPC)
\KV@toks@=\toks14
))
(/usr/share/texlive/texmf-dist/tex/latex/psnfss/courier.sty
Package: courier 2005/04/12 PSNFSS-v9.2a (WaS) 
)
(/usr/share/texlive/texmf-dist/tex/latex/paralist/paralist.sty
Package: paralist 2013/06/09 v2.4 Extended list environments
\pltopsep=\skip43
\plpartopsep=\skip44
\plitemsep=\skip45
\plparsep=\skip46
\pl@lab=\toks15
)
(/usr/share/texlive/texmf-dist/tex/latex/base/latexsym.sty
Package: latexsym 1998/08/17 v2.2e Standard LaTeX package (lasy symbols)
\symlasy=\mathgroup4
LaTeX Font Info:    Overwriting symbol font `lasy' in version `bold'
(Font)                  U/lasy/m/n --> U/lasy/b/n on input line 47.
)
(/usr/share/texlive/texmf-dist/tex/latex/url/url.sty
\Urlmuskip=\muskip10
Package: url 2013/09/16  ver 3.4  Verb mode for urls, etc.
)
(/usr/share/texlive/texmf-dist/tex/generic/xypic/xy.sty
(/usr/share/texlive/texmf-dist/tex/generic/xypic/xy.tex Bootstrap'ing:
catcodes, docmode, (/usr/share/texlive/texmf-dist/tex/generic/xypic/xyrecat.tex
) (/usr/share/texlive/texmf-dist/tex/generic/xypic/xyidioms.tex)

 Xy-pic version 3.8.9 <2013/10/06>
 Copyright (c) 1991-2013 by Kristoffer H. Rose <krisrose@tug.org> and others
 Xy-pic is free software: see the User's Guide for details.

Loading kernel: messages; fonts; allocations: state,
\X@c=\dimen103
\Y@c=\dimen104
\U@c=\dimen105
\D@c=\dimen106
\L@c=\dimen107
\R@c=\dimen108
\Edge@c=\toks16
\X@p=\dimen109
\Y@p=\dimen110
\U@p=\dimen111
\D@p=\dimen112
\L@p=\dimen113
\R@p=\dimen114
\Edge@p=\toks17
\X@origin=\dimen115
\Y@origin=\dimen116
\X@xbase=\dimen117
\Y@xbase=\dimen118
\X@ybase=\dimen119
\Y@ybase=\dimen120
\X@min=\dimen121
\Y@min=\dimen122
\X@max=\dimen123
\Y@max=\dimen124
\lastobjectbox@=\box26
\zerodotbox@=\box27
\almostz@=\dimen125
 direction,
\d@X=\dimen126
\d@Y=\dimen127
\K@=\count88
\KK@=\count89
\Direction=\count90
\K@dXdY=\dimen128
\K@dYdX=\dimen129
\xyread@=\read1
\xywrite@=\write3
\csp@=\count91
\quotPTK@=\dimen130

utility macros; pictures: \xy, positions,
\swaptoks@@=\toks18
\connectobjectbox@@=\box28
 objects,
\styletoks@=\toks19
 decorations;
kernel objects: directionals, circles, text; options; algorithms: directions,
edges, connections;  Xy-pic loaded)
(/usr/share/texlive/texmf-dist/tex/generic/oberdiek/ifpdf.sty
Package: ifpdf 2011/01/30 v2.3 Provides the ifpdf switch (HO)
Package ifpdf Info: pdfTeX in PDF mode is detected.
)
Package: xy 2013/10/06 Xy-pic version 3.8.9

(/usr/share/texlive/texmf-dist/tex/generic/xypic/xyall.tex
 Xy-pic option: All features v.3.8
(/usr/share/texlive/texmf-dist/tex/generic/xypic/xycurve.tex
 Xy-pic option: Curve and Spline extension v.3.12 curve,
\crv@cnt@=\count92
\crvpts@=\toks20
\splinebox@=\box29
\splineval@=\dimen131
\splinedepth@=\dimen132
\splinetol@=\dimen133
\splinelength@=\dimen134
 circles,
\L@=\dimen135
 loaded)
(/usr/share/texlive/texmf-dist/tex/generic/xypic/xyframe.tex
 Xy-pic option: Frame and Bracket extension v.3.14 loaded)
(/usr/share/texlive/texmf-dist/tex/generic/xypic/xycmtip.tex
 Xy-pic option: Computer Modern tip extension v.3.7
(/usr/share/texlive/texmf-dist/tex/generic/xypic/xytips.tex
 Xy-pic option: More Tips extension v.3.11 loaded) loaded)
(/usr/share/texlive/texmf-dist/tex/generic/xypic/xyline.tex
 Xy-pic option: Line styles extension v.3.10
\xylinethick@=\dimen136
 loaded)
(/usr/share/texlive/texmf-dist/tex/generic/xypic/xyrotate.tex
 Xy-pic option: Rotate and Scale extension v.3.8 loaded)
(/usr/share/texlive/texmf-dist/tex/generic/xypic/xycolor.tex
 Xy-pic option: Colour extension v.3.11 loaded)
(/usr/share/texlive/texmf-dist/tex/generic/xypic/xymatrix.tex
 Xy-pic option: Matrix feature v.3.14
\Row=\count93
\Col=\count94
\queue@=\toks21
\queue@@=\toks22
\qcount@=\count95
\qcount@@=\count96
\matrixsize@=\count97
 loaded)
(/usr/share/texlive/texmf-dist/tex/generic/xypic/xyarrow.tex
 Xy-pic option: Arrow and Path feature v.3.9 path, \ar, loaded)
(/usr/share/texlive/texmf-dist/tex/generic/xypic/xygraph.tex
 Xy-pic option: Graph feature v.3.11 loaded) loaded)
(/usr/share/texlive/texmf-dist/tex/generic/xypic/xypdf.tex
 Xy-pic option: PDF driver v.1.7 Xy-pic pdf driver: `color' extension support
(/usr/share/texlive/texmf-dist/tex/generic/xypic/xypdf-co.tex loaded)
Xy-pic pdf driver: `curve' extension support
(/usr/share/texlive/texmf-dist/tex/generic/xypic/xypdf-cu.tex loaded)
Xy-pic pdf driver: `frame' extension support
(/usr/share/texlive/texmf-dist/tex/generic/xypic/xypdf-fr.tex loaded)
Xy-pic pdf driver: `line' extension support
(/usr/share/texlive/texmf-dist/tex/generic/xypic/xypdf-li.tex loaded)
Xy-pic pdf driver: `rotate' extension support
(/usr/share/texlive/texmf-dist/tex/generic/xypic/xypdf-ro.tex loaded) loaded))
(/usr/share/texlive/texmf-dist/tex/latex/ncctools/nccmath.sty
Package: nccmath 2005/02/21 v1.2 Additional Math Commands (NCC)

(/usr/share/texlive/texmf-dist/tex/latex/amsmath/amsmath.sty
Package: amsmath 2013/01/14 v2.14 AMS math features
\@mathmargin=\skip47

For additional information on amsmath, use the `?' option.
(/usr/share/texlive/texmf-dist/tex/latex/amsmath/amstext.sty
Package: amstext 2000/06/29 v2.01

(/usr/share/texlive/texmf-dist/tex/latex/amsmath/amsgen.sty
File: amsgen.sty 1999/11/30 v2.0
\@emptytoks=\toks23
\ex@=\dimen137
))
(/usr/share/texlive/texmf-dist/tex/latex/amsmath/amsbsy.sty
Package: amsbsy 1999/11/29 v1.2d
\pmbraise@=\dimen138
)
(/usr/share/texlive/texmf-dist/tex/latex/amsmath/amsopn.sty
Package: amsopn 1999/12/14 v2.01 operator names
)
\inf@bad=\count98
LaTeX Info: Redefining \frac on input line 210.
\uproot@=\count99
\leftroot@=\count100
LaTeX Info: Redefining \overline on input line 306.
\classnum@=\count101
\DOTSCASE@=\count102
LaTeX Info: Redefining \ldots on input line 378.
LaTeX Info: Redefining \dots on input line 381.
LaTeX Info: Redefining \cdots on input line 466.
\Mathstrutbox@=\box30
\strutbox@=\box31
\big@size=\dimen139
LaTeX Font Info:    Redeclaring font encoding OML on input line 566.
LaTeX Font Info:    Redeclaring font encoding OMS on input line 567.
\macc@depth=\count103
\c@MaxMatrixCols=\count104
\dotsspace@=\muskip11
\c@parentequation=\count105
\dspbrk@lvl=\count106
\tag@help=\toks24
\row@=\count107
\column@=\count108
\maxfields@=\count109
\andhelp@=\toks25
\eqnshift@=\dimen140
\alignsep@=\dimen141
\tagshift@=\dimen142
\tagwidth@=\dimen143
\totwidth@=\dimen144
\lineht@=\dimen145
\@envbody=\toks26
\multlinegap=\skip48
\multlinetaggap=\skip49
\mathdisplay@stack=\toks27
LaTeX Info: Redefining \[ on input line 2665.
LaTeX Info: Redefining \] on input line 2666.
)
\NCC@fracrulewidth=\dimen146
)
(/usr/share/texlive/texmf-dist/tex/latex/comment/comment.sty
\CommentStream=\write4

Excluding comment 'comment') (/usr/share/texmf/tex/latex/xcolor/xcolor.sty
Package: xcolor 2007/01/21 v2.11 LaTeX color extensions (UK)

(/usr/share/texlive/texmf-dist/tex/latex/latexconfig/color.cfg
File: color.cfg 2007/01/18 v1.5 color configuration of teTeX/TeXLive
)
Package xcolor Info: Driver file: pdftex.def on input line 225.

(/usr/share/texlive/texmf-dist/tex/latex/pdftex-def/pdftex.def
File: pdftex.def 2011/05/27 v0.06d Graphics/color for pdfTeX

(/usr/share/texlive/texmf-dist/tex/generic/oberdiek/infwarerr.sty
Package: infwarerr 2010/04/08 v1.3 Providing info/warning/error messages (HO)
)
(/usr/share/texlive/texmf-dist/tex/generic/oberdiek/ltxcmds.sty
Package: ltxcmds 2011/11/09 v1.22 LaTeX kernel commands for general use (HO)
)
\Gread@gobject=\count110
)
Package xcolor Info: Model `cmy' substituted by `cmy0' on input line 1337.
Package xcolor Info: Model `hsb' substituted by `rgb' on input line 1341.
Package xcolor Info: Model `RGB' extended on input line 1353.
Package xcolor Info: Model `HTML' substituted by `rgb' on input line 1355.
Package xcolor Info: Model `Hsb' substituted by `hsb' on input line 1356.
Package xcolor Info: Model `tHsb' substituted by `hsb' on input line 1357.
Package xcolor Info: Model `HSB' substituted by `hsb' on input line 1358.
Package xcolor Info: Model `Gray' substituted by `gray' on input line 1359.
Package xcolor Info: Model `wave' substituted by `hsb' on input line 1360.

(/usr/share/texlive/texmf-dist/tex/latex/graphics/dvipsnam.def
File: dvipsnam.def 1999/02/16 v3.0i Driver-dependant file (DPC,SPQR)
))
(/usr/share/texlive/texmf-dist/tex/latex/graphics/graphicx.sty
Package: graphicx 1999/02/16 v1.0f Enhanced LaTeX Graphics (DPC,SPQR)

(/usr/share/texlive/texmf-dist/tex/latex/graphics/graphics.sty
Package: graphics 2009/02/05 v1.0o Standard LaTeX Graphics (DPC,SPQR)

(/usr/share/texlive/texmf-dist/tex/latex/graphics/trig.sty
Package: trig 1999/03/16 v1.09 sin cos tan (DPC)
)
(/usr/share/texlive/texmf-dist/tex/latex/latexconfig/graphics.cfg
File: graphics.cfg 2010/04/23 v1.9 graphics configuration of TeX Live
)
Package graphics Info: Driver file: pdftex.def on input line 91.
)
\Gin@req@height=\dimen147
\Gin@req@width=\dimen148
)
(/usr/share/texlive/texmf-dist/tex/latex/psnfss/pifont.sty
Package: pifont 2005/04/12 PSNFSS-v9.2a Pi font support (SPQR) 
LaTeX Font Info:    Try loading font information for U+pzd on input line 63.

(/usr/share/texlive/texmf-dist/tex/latex/psnfss/upzd.fd
File: upzd.fd 2001/06/04 font definitions for U/pzd.
)
LaTeX Font Info:    Try loading font information for U+psy on input line 64.

(/usr/share/texlive/texmf-dist/tex/latex/psnfss/upsy.fd
File: upsy.fd 2001/06/04 font definitions for U/psy.
))
(/usr/share/texlive/texmf-dist/tex/latex/savesym/savesym.sty
Package: savesym 2013/09/02 v1.2 Saves and restores symbols (JG)
)
(/usr/share/texlive/texmf-dist/tex/latex/tools/xspace.sty
Package: xspace 2009/10/20 v1.13 Space after command names (DPC,MH)
)
(/usr/share/texlive/texmf-dist/tex/latex/natbib/natbib.sty
Package: natbib 2010/09/13 8.31b (PWD, AO)
\bibhang=\skip50
\bibsep=\skip51
LaTeX Info: Redefining \cite on input line 694.
\c@NAT@ctr=\count111
)
(/usr/share/texlive/texmf-dist/tex/latex/algorithms/algorithm.sty
Package: algorithm 2009/08/24 v0.1 Document Style `algorithm' - floating enviro
nment

(/usr/share/texlive/texmf-dist/tex/latex/float/float.sty
Package: float 2001/11/08 v1.3d Float enhancements (AL)
\c@float@type=\count112
\float@exts=\toks28
\float@box=\box32
\@float@everytoks=\toks29
\@floatcapt=\box33
)
(/usr/share/texlive/texmf-dist/tex/latex/base/ifthen.sty
Package: ifthen 2001/05/26 v1.1c Standard LaTeX ifthen package (DPC)
)
\@float@every@algorithm=\toks30
\c@algorithm=\count113
)
(/usr/share/texlive/texmf-dist/tex/latex/algorithms/algorithmic.sty
Package: algorithmic 2009/08/24 v0.1 Document Style `algorithmic'
\c@ALC@unique=\count114
\c@ALC@line=\count115
\c@ALC@rem=\count116
\c@ALC@depth=\count117
\ALC@tlm=\skip52
\algorithmicindent=\skip53
)
(/usr/share/texmf/tex/latex/pgf/frontendlayer/tikz.sty
(/usr/share/texmf/tex/latex/pgf/basiclayer/pgf.sty
(/usr/share/texmf/tex/latex/pgf/utilities/pgfrcs.sty
(/usr/share/texmf/tex/generic/pgf/utilities/pgfutil-common.tex
\pgfutil@everybye=\toks31
)
(/usr/share/texmf/tex/generic/pgf/utilities/pgfutil-latex.def
\pgfutil@abb=\box34

(/usr/share/texlive/texmf-dist/tex/latex/ms/everyshi.sty
Package: everyshi 2001/05/15 v3.00 EveryShipout Package (MS)
))
(/usr/share/texmf/tex/generic/pgf/utilities/pgfrcs.code.tex
Package: pgfrcs 2010/10/25 v2.10 (rcs-revision 1.24)
))
Package: pgf 2008/01/15 v2.10 (rcs-revision 1.12)

(/usr/share/texmf/tex/latex/pgf/basiclayer/pgfcore.sty
(/usr/share/texmf/tex/latex/pgf/systemlayer/pgfsys.sty
(/usr/share/texmf/tex/generic/pgf/systemlayer/pgfsys.code.tex
Package: pgfsys 2010/06/30 v2.10 (rcs-revision 1.37)

(/usr/share/texmf/tex/generic/pgf/utilities/pgfkeys.code.tex
\pgfkeys@pathtoks=\toks32
\pgfkeys@temptoks=\toks33

(/usr/share/texmf/tex/generic/pgf/utilities/pgfkeysfiltered.code.tex
\pgfkeys@tmptoks=\toks34
))
\pgf@x=\dimen149
\pgf@y=\dimen150
\pgf@xa=\dimen151
\pgf@ya=\dimen152
\pgf@xb=\dimen153
\pgf@yb=\dimen154
\pgf@xc=\dimen155
\pgf@yc=\dimen156
\w@pgf@writea=\write5
\r@pgf@reada=\read2
\c@pgf@counta=\count118
\c@pgf@countb=\count119
\c@pgf@countc=\count120
\c@pgf@countd=\count121

(/usr/share/texmf/tex/generic/pgf/systemlayer/pgf.cfg
File: pgf.cfg 2008/05/14  (rcs-revision 1.7)
)
Package pgfsys Info: Driver file for pgf: pgfsys-pdftex.def on input line 900.

(/usr/share/texmf/tex/generic/pgf/systemlayer/pgfsys-pdftex.def
File: pgfsys-pdftex.def 2009/05/22  (rcs-revision 1.26)

(/usr/share/texmf/tex/generic/pgf/systemlayer/pgfsys-common-pdf.def
File: pgfsys-common-pdf.def 2008/05/19  (rcs-revision 1.10)
)))
(/usr/share/texmf/tex/generic/pgf/systemlayer/pgfsyssoftpath.code.tex
File: pgfsyssoftpath.code.tex 2008/07/18  (rcs-revision 1.7)
\pgfsyssoftpath@smallbuffer@items=\count122
\pgfsyssoftpath@bigbuffer@items=\count123
)
(/usr/share/texmf/tex/generic/pgf/systemlayer/pgfsysprotocol.code.tex
File: pgfsysprotocol.code.tex 2006/10/16  (rcs-revision 1.4)
))
(/usr/share/texmf/tex/generic/pgf/basiclayer/pgfcore.code.tex
Package: pgfcore 2010/04/11 v2.10 (rcs-revision 1.7)

(/usr/share/texmf/tex/generic/pgf/math/pgfmath.code.tex
(/usr/share/texmf/tex/generic/pgf/math/pgfmathcalc.code.tex
(/usr/share/texmf/tex/generic/pgf/math/pgfmathutil.code.tex)
(/usr/share/texmf/tex/generic/pgf/math/pgfmathparser.code.tex
\pgfmath@dimen=\dimen157
\pgfmath@count=\count124
\pgfmath@box=\box35
\pgfmath@toks=\toks35
\pgfmath@stack@operand=\toks36
\pgfmath@stack@operation=\toks37
)
(/usr/share/texmf/tex/generic/pgf/math/pgfmathfunctions.code.tex
(/usr/share/texmf/tex/generic/pgf/math/pgfmathfunctions.basic.code.tex)
(/usr/share/texmf/tex/generic/pgf/math/pgfmathfunctions.trigonometric.code.tex)
(/usr/share/texmf/tex/generic/pgf/math/pgfmathfunctions.random.code.tex)
(/usr/share/texmf/tex/generic/pgf/math/pgfmathfunctions.comparison.code.tex)
(/usr/share/texmf/tex/generic/pgf/math/pgfmathfunctions.base.code.tex)
(/usr/share/texmf/tex/generic/pgf/math/pgfmathfunctions.round.code.tex)
(/usr/share/texmf/tex/generic/pgf/math/pgfmathfunctions.misc.code.tex)))
(/usr/share/texmf/tex/generic/pgf/math/pgfmathfloat.code.tex
\c@pgfmathroundto@lastzeros=\count125
))
(/usr/share/texmf/tex/generic/pgf/basiclayer/pgfcorepoints.code.tex
File: pgfcorepoints.code.tex 2010/04/09  (rcs-revision 1.20)
\pgf@picminx=\dimen158
\pgf@picmaxx=\dimen159
\pgf@picminy=\dimen160
\pgf@picmaxy=\dimen161
\pgf@pathminx=\dimen162
\pgf@pathmaxx=\dimen163
\pgf@pathminy=\dimen164
\pgf@pathmaxy=\dimen165
\pgf@xx=\dimen166
\pgf@xy=\dimen167
\pgf@yx=\dimen168
\pgf@yy=\dimen169
\pgf@zx=\dimen170
\pgf@zy=\dimen171
)
(/usr/share/texmf/tex/generic/pgf/basiclayer/pgfcorepathconstruct.code.tex
File: pgfcorepathconstruct.code.tex 2010/08/03  (rcs-revision 1.24)
\pgf@path@lastx=\dimen172
\pgf@path@lasty=\dimen173
)
(/usr/share/texmf/tex/generic/pgf/basiclayer/pgfcorepathusage.code.tex
File: pgfcorepathusage.code.tex 2008/04/22  (rcs-revision 1.12)
\pgf@shorten@end@additional=\dimen174
\pgf@shorten@start@additional=\dimen175
)
(/usr/share/texmf/tex/generic/pgf/basiclayer/pgfcorescopes.code.tex
File: pgfcorescopes.code.tex 2010/09/08  (rcs-revision 1.34)
\pgfpic=\box36
\pgf@hbox=\box37
\pgf@layerbox@main=\box38
\pgf@picture@serial@count=\count126
)
(/usr/share/texmf/tex/generic/pgf/basiclayer/pgfcoregraphicstate.code.tex
File: pgfcoregraphicstate.code.tex 2008/04/22  (rcs-revision 1.9)
\pgflinewidth=\dimen176
)
(/usr/share/texmf/tex/generic/pgf/basiclayer/pgfcoretransformations.code.tex
File: pgfcoretransformations.code.tex 2009/06/10  (rcs-revision 1.11)
\pgf@pt@x=\dimen177
\pgf@pt@y=\dimen178
\pgf@pt@temp=\dimen179
)
(/usr/share/texmf/tex/generic/pgf/basiclayer/pgfcorequick.code.tex
File: pgfcorequick.code.tex 2008/10/09  (rcs-revision 1.3)
)
(/usr/share/texmf/tex/generic/pgf/basiclayer/pgfcoreobjects.code.tex
File: pgfcoreobjects.code.tex 2006/10/11  (rcs-revision 1.2)
)
(/usr/share/texmf/tex/generic/pgf/basiclayer/pgfcorepathprocessing.code.tex
File: pgfcorepathprocessing.code.tex 2008/10/09  (rcs-revision 1.8)
)
(/usr/share/texmf/tex/generic/pgf/basiclayer/pgfcorearrows.code.tex
File: pgfcorearrows.code.tex 2008/04/23  (rcs-revision 1.11)
)
(/usr/share/texmf/tex/generic/pgf/basiclayer/pgfcoreshade.code.tex
File: pgfcoreshade.code.tex 2008/11/23  (rcs-revision 1.13)
\pgf@max=\dimen180
\pgf@sys@shading@range@num=\count127
)
(/usr/share/texmf/tex/generic/pgf/basiclayer/pgfcoreimage.code.tex
File: pgfcoreimage.code.tex 2010/03/25  (rcs-revision 1.16)

(/usr/share/texmf/tex/generic/pgf/basiclayer/pgfcoreexternal.code.tex
File: pgfcoreexternal.code.tex 2010/09/01  (rcs-revision 1.17)
\pgfexternal@startupbox=\box39
))
(/usr/share/texmf/tex/generic/pgf/basiclayer/pgfcorelayers.code.tex
File: pgfcorelayers.code.tex 2010/08/27  (rcs-revision 1.2)
)
(/usr/share/texmf/tex/generic/pgf/basiclayer/pgfcoretransparency.code.tex
File: pgfcoretransparency.code.tex 2008/01/17  (rcs-revision 1.2)
)
(/usr/share/texmf/tex/generic/pgf/basiclayer/pgfcorepatterns.code.tex
File: pgfcorepatterns.code.tex 2009/07/02  (rcs-revision 1.3)
)))
(/usr/share/texmf/tex/generic/pgf/modules/pgfmoduleshapes.code.tex
File: pgfmoduleshapes.code.tex 2010/09/09  (rcs-revision 1.13)
\pgfnodeparttextbox=\box40
)
(/usr/share/texmf/tex/generic/pgf/modules/pgfmoduleplot.code.tex
File: pgfmoduleplot.code.tex 2010/10/22  (rcs-revision 1.8)
)
(/usr/share/texmf/tex/latex/pgf/compatibility/pgfcomp-version-0-65.sty
Package: pgfcomp-version-0-65 2007/07/03 v2.10 (rcs-revision 1.7)
\pgf@nodesepstart=\dimen181
\pgf@nodesepend=\dimen182
)
(/usr/share/texmf/tex/latex/pgf/compatibility/pgfcomp-version-1-18.sty
Package: pgfcomp-version-1-18 2007/07/23 v2.10 (rcs-revision 1.1)
))
(/usr/share/texmf/tex/latex/pgf/utilities/pgffor.sty
(/usr/share/texmf/tex/latex/pgf/utilities/pgfkeys.sty
(/usr/share/texmf/tex/generic/pgf/utilities/pgfkeys.code.tex))
(/usr/share/texmf/tex/generic/pgf/utilities/pgffor.code.tex
Package: pgffor 2010/03/23 v2.10 (rcs-revision 1.18)
\pgffor@iter=\dimen183
\pgffor@skip=\dimen184
\pgffor@stack=\toks38
\pgffor@toks=\toks39
))
(/usr/share/texmf/tex/generic/pgf/frontendlayer/tikz/tikz.code.tex
Package: tikz 2010/10/13 v2.10 (rcs-revision 1.76)

(/usr/share/texmf/tex/generic/pgf/libraries/pgflibraryplothandlers.code.tex
File: pgflibraryplothandlers.code.tex 2010/05/31 v2.10 (rcs-revision 1.15)
\pgf@plot@mark@count=\count128
\pgfplotmarksize=\dimen185
)
\tikz@lastx=\dimen186
\tikz@lasty=\dimen187
\tikz@lastxsaved=\dimen188
\tikz@lastysaved=\dimen189
\tikzleveldistance=\dimen190
\tikzsiblingdistance=\dimen191
\tikz@figbox=\box41
\tikz@tempbox=\box42
\tikztreelevel=\count129
\tikznumberofchildren=\count130
\tikznumberofcurrentchild=\count131
\tikz@fig@count=\count132

(/usr/share/texmf/tex/generic/pgf/modules/pgfmodulematrix.code.tex
File: pgfmodulematrix.code.tex 2010/08/24  (rcs-revision 1.4)
\pgfmatrixcurrentrow=\count133
\pgfmatrixcurrentcolumn=\count134
\pgf@matrix@numberofcolumns=\count135
)
\tikz@expandcount=\count136

(/usr/share/texmf/tex/generic/pgf/frontendlayer/tikz/libraries/tikzlibrarytopat
hs.code.tex
File: tikzlibrarytopaths.code.tex 2008/06/17 v2.10 (rcs-revision 1.2)
))) (/usr/share/texlive/texmf-dist/tex/latex/pgfplots/pgfplots.sty
(/usr/share/texlive/texmf-dist/tex/generic/pgfplots/pgfplots.revision.tex)
Package: pgfplots 2013/10/03 v1.9 Data Visualization (1.9)

(/usr/share/texlive/texmf-dist/tex/generic/pgfplots/pgfplots.code.tex
(/usr/share/texlive/texmf-dist/tex/generic/pgfplots/pgfplotscore.code.tex
\t@pgfplots@toka=\toks40
\t@pgfplots@tokb=\toks41
\t@pgfplots@tokc=\toks42
\pgfplots@tmpa=\dimen192
\c@pgfplots@coordindex=\count137
\c@pgfplots@scanlineindex=\count138

(/usr/share/texlive/texmf-dist/tex/generic/pgfplots/sys/pgfplotssysgeneric.code
.tex))
(/usr/share/texlive/texmf-dist/tex/generic/pgfplots/libs/pgfplotslibrary.code.t
ex)
(/usr/share/texlive/texmf-dist/tex/generic/pgfplots/oldpgfcompatib/pgfplotsoldp
gfsupp_loader.code.tex
Package pgfplots: loading complementary code for your PGF version...

(/usr/share/texlive/texmf-dist/tex/generic/pgfplots/oldpgfcompatib/pgfplotsoldp
gfsupp_misc.code.tex)
(/usr/share/texlive/texmf-dist/tex/generic/pgfplots/oldpgfcompatib/pgfplotsoldp
gfsupp_pgfkeys.code.tex
\pgfkeys@pathtoks=\toks43
\pgfkeys@temptoks=\toks44

(/usr/share/texlive/texmf-dist/tex/generic/pgfplots/oldpgfcompatib/pgfplotsoldp
gfsupp_pgfkeysfiltered.code.tex
\pgfkeys@tmptoks=\toks45
))
(/usr/share/texlive/texmf-dist/tex/generic/pgfplots/oldpgfcompatib/pgfplotsoldp
gfsupp_pgfmathfloat.code.tex
\c@pgfmathroundto@lastzeros=\count139
)
(/usr/share/texlive/texmf-dist/tex/generic/pgfplots/oldpgfcompatib/pgfplotsoldp
gfsupp_pgflibraryplothandlers.code.tex
File: pgflibraryplothandlers.code.tex 2012/09/11 v2.10 (rcs-revision 1.17)
\pgf@plot@mark@count=\count140
\pgfplotmarksize=\dimen193
)
(/usr/share/texlive/texmf-dist/tex/generic/pgfplots/oldpgfcompatib/pgfplotsoldp
gfsupp_pgflibraryfpu.code.tex)
(/usr/share/texlive/texmf-dist/tex/generic/pgfplots/oldpgfcompatib/pgfplotsoldp
gfsupp_pgfcorescopes.code.tex
File: pgfcorescopes.code.tex 2012/11/30  (rcs-revision 1.38)
\pgfpic=\box43
\pgf@hbox=\box44
\pgf@layerbox@main=\box45
\pgf@picture@serial@count=\count141
)
(/usr/share/texlive/texmf-dist/tex/generic/pgfplots/oldpgfcompatib/pgfplotsoldp
gfsupp_pgfcorelayers.code.tex
File: pgfcorelayers.code.tex 2012/11/07  (rcs-revision 1.5)
))
(/usr/share/texlive/texmf-dist/tex/generic/pgfplots/util/pgfplotsutil.code.tex
(/usr/share/texlive/texmf-dist/tex/generic/pgfplots/liststructure/pgfplotslists
tructure.code.tex)
(/usr/share/texlive/texmf-dist/tex/generic/pgfplots/liststructure/pgfplotslists
tructureext.code.tex)
(/usr/share/texlive/texmf-dist/tex/generic/pgfplots/liststructure/pgfplotsarray
.code.tex
\c@pgfplotsarray@tmp=\count142
)
(/usr/share/texlive/texmf-dist/tex/generic/pgfplots/liststructure/pgfplotsmatri
x.code.tex)
(/usr/share/texlive/texmf-dist/tex/generic/pgfplots/numtable/pgfplotstableshare
d.code.tex
\c@pgfplotstable@counta=\count143
\t@pgfplotstable@a=\toks46
)
(/usr/share/texlive/texmf-dist/tex/generic/pgfplots/liststructure/pgfplotsdeque
.code.tex)
(/usr/share/texlive/texmf-dist/tex/generic/pgfplots/util/pgfplotsbinary.code.te
x
(/usr/share/texlive/texmf-dist/tex/generic/pgfplots/util/pgfplotsbinary.data.co
de.tex))
(/usr/share/texlive/texmf-dist/tex/generic/pgfplots/util/pgfplotsutil.verb.code
.tex)
(/usr/share/texlive/texmf-dist/tex/generic/pgfplots/libs/pgflibrarypgfplots.sur
fshading.code.tex
\c@pgfplotslibrarysurf@no=\count144

(/usr/share/texlive/texmf-dist/tex/generic/pgfplots/sys/pgflibrarypgfplots.surf
shading.pgfsys-pdftex.def)))
(/usr/share/texlive/texmf-dist/tex/generic/pgfplots/util/pgfplotscolormap.code.
tex
(/usr/share/texlive/texmf-dist/tex/generic/pgfplots/util/pgfplotscolor.code.tex
))
(/usr/share/texlive/texmf-dist/tex/generic/pgfplots/pgfplotsstackedplots.code.t
ex)
(/usr/share/texlive/texmf-dist/tex/generic/pgfplots/pgfplotsplothandlers.code.t
ex
(/usr/share/texlive/texmf-dist/tex/generic/pgfplots/pgfplotsmeshplothandler.cod
e.tex))
(/usr/share/texlive/texmf-dist/tex/generic/pgfplots/pgfplots.scaling.code.tex)
(/usr/share/texlive/texmf-dist/tex/generic/pgfplots/pgfplotscoordprocessing.cod
e.tex)
(/usr/share/texlive/texmf-dist/tex/generic/pgfplots/pgfplots.errorbars.code.tex
) (/usr/share/texlive/texmf-dist/tex/generic/pgfplots/pgfplots.markers.code.tex
) (/usr/share/texlive/texmf-dist/tex/generic/pgfplots/pgfplotsticks.code.tex)
(/usr/share/texlive/texmf-dist/tex/generic/pgfplots/pgfplots.paths.code.tex)
(/usr/share/texmf/tex/generic/pgf/frontendlayer/tikz/libraries/tikzlibrarydecor
ations.code.tex
(/usr/share/texmf/tex/generic/pgf/modules/pgfmoduledecorations.code.tex
\pgfdecoratedcompleteddistance=\dimen194
\pgfdecoratedremainingdistance=\dimen195
\pgfdecoratedinputsegmentcompleteddistance=\dimen196
\pgfdecoratedinputsegmentremainingdistance=\dimen197
\pgf@decorate@distancetomove=\dimen198
\pgf@decorate@repeatstate=\count145
\pgfdecorationsegmentamplitude=\dimen199
\pgfdecorationsegmentlength=\dimen200
)
\tikz@lib@dec@box=\box46
)
(/usr/share/texmf/tex/generic/pgf/frontendlayer/tikz/libraries/tikzlibrarydecor
ations.pathmorphing.code.tex
(/usr/share/texmf/tex/generic/pgf/libraries/decorations/pgflibrarydecorations.p
athmorphing.code.tex))
(/usr/share/texmf/tex/generic/pgf/frontendlayer/tikz/libraries/tikzlibrarydecor
ations.pathreplacing.code.tex
(/usr/share/texmf/tex/generic/pgf/libraries/decorations/pgflibrarydecorations.p
athreplacing.code.tex))
\pgfplots@numplots=\count146
\pgfplots@xmin@reg=\dimen201
\pgfplots@xmax@reg=\dimen202
\pgfplots@ymin@reg=\dimen203
\pgfplots@ymax@reg=\dimen204
\pgfplots@zmin@reg=\dimen205
\pgfplots@zmax@reg=\dimen206
)
(/usr/share/texmf/tex/generic/pgf/frontendlayer/tikz/libraries/tikzlibraryplotm
arks.code.tex
File: tikzlibraryplotmarks.code.tex 2008/01/09 v2.10 (rcs-revision 1.1)

(/usr/share/texmf/tex/generic/pgf/libraries/pgflibraryplotmarks.code.tex
File: pgflibraryplotmarks.code.tex 2010/10/15 v2.10 (rcs-revision 1.12)
)))
(/usr/share/texlive/texmf-dist/tex/latex/placeins/placeins.sty
Package: placeins 2005/04/18  v 2.2
)
(/usr/share/texlive/texmf-dist/tex/generic/pgfplots/libs/tikzlibrarypgfplots.ex
ternal.code.tex
(/usr/share/texmf/tex/latex/pgf/frontendlayer/libraries/tikzlibraryexternal.cod
e.tex
(/usr/share/texmf/tex/generic/pgf/frontendlayer/tikz/libraries/tikzexternalshar
ed.code.tex
\tikzexternal@outfile=\write6
)))
\openout5 = `iitdharwad.auxlock'.


(/usr/share/texmf/tex/generic/pgf/frontendlayer/tikz/libraries/tikzlibraryinter
sections.code.tex
(/usr/share/texmf/tex/generic/pgf/libraries/pgflibraryintersections.code.tex
\pgf@intersect@solutions=\count147
))
(/usr/share/texmf/tex/generic/pgf/frontendlayer/tikz/libraries/tikzlibraryarrow
s.code.tex
File: tikzlibraryarrows.code.tex 2008/01/09 v2.10 (rcs-revision 1.1)

(/usr/share/texmf/tex/generic/pgf/libraries/pgflibraryarrows.code.tex
File: pgflibraryarrows.code.tex 2008/10/27 v2.10 (rcs-revision 1.9)
\arrowsize=\dimen207
))
(/usr/share/texmf/tex/generic/pgf/frontendlayer/tikz/libraries/tikzlibrarycalc.
code.tex
File: tikzlibrarycalc.code.tex 2009/09/04 v2.10 (rcs-revision 1.6)
)
(/usr/share/texmf/tex/generic/pgf/frontendlayer/tikz/libraries/tikzlibraryfit.c
ode.tex
File: tikzlibraryfit.code.tex 2008/06/21 v2.10 (rcs-revision 1.3)
)
(/usr/share/texmf/tex/generic/pgf/frontendlayer/tikz/libraries/tikzlibrarypatte
rns.code.tex
File: tikzlibrarypatterns.code.tex 2008/01/15 v2.10 (rcs-revision 1.2)

(/usr/share/texmf/tex/generic/pgf/libraries/pgflibrarypatterns.code.tex
File: pgflibrarypatterns.code.tex 2008/03/03 v2.10 (rcs-revision 1.13)
))
(/usr/share/texmf/tex/generic/pgf/frontendlayer/tikz/libraries/tikzlibraryshape
s.geometric.code.tex
File: tikzlibraryshapes.geometric.code.tex 2008/01/09 v2.10 (rcs-revision 1.1)

(/usr/share/texmf/tex/generic/pgf/libraries/shapes/pgflibraryshapes.geometric.c
ode.tex
File: pgflibraryshapes.geometric.code.tex 2008/06/26 v2.10 (rcs-revision 1.1)
))
(/usr/share/texmf/tex/generic/pgf/frontendlayer/tikz/libraries/tikzlibraryshape
s.misc.code.tex
File: tikzlibraryshapes.misc.code.tex 2008/01/09 v2.10 (rcs-revision 1.1)

(/usr/share/texmf/tex/generic/pgf/libraries/shapes/pgflibraryshapes.misc.code.t
ex
File: pgflibraryshapes.misc.code.tex 2008/10/07 v2.10 (rcs-revision 1.3)
))
(/usr/share/texmf/tex/generic/pgf/frontendlayer/tikz/libraries/tikzlibraryshape
s.symbols.code.tex
File: tikzlibraryshapes.symbols.code.tex 2008/01/09 v2.10 (rcs-revision 1.1)

(/usr/share/texmf/tex/generic/pgf/libraries/shapes/pgflibraryshapes.symbols.cod
e.tex
File: pgflibraryshapes.symbols.code.tex 2009/10/27 v2.10 (rcs-revision 1.3)
))
(/usr/share/texmf/tex/generic/pgf/frontendlayer/tikz/libraries/tikzlibraryshape
s.arrows.code.tex
File: tikzlibraryshapes.arrows.code.tex 2008/01/09 v2.10 (rcs-revision 1.1)

(/usr/share/texmf/tex/generic/pgf/libraries/shapes/pgflibraryshapes.arrows.code
.tex
File: pgflibraryshapes.arrows.code.tex 2008/06/26 v2.10 (rcs-revision 1.1)
))
(/usr/share/texmf/tex/generic/pgf/frontendlayer/tikz/libraries/tikzlibraryshape
s.callouts.code.tex
(/usr/share/texmf/tex/generic/pgf/libraries/shapes/pgflibraryshapes.callouts.co
de.tex))
(/usr/share/texmf/tex/generic/pgf/frontendlayer/tikz/libraries/tikzlibraryshape
s.multipart.code.tex
File: tikzlibraryshapes.multipart.code.tex 2008/01/09 v2.10 (rcs-revision 1.1)

(/usr/share/texmf/tex/generic/pgf/libraries/shapes/pgflibraryshapes.multipart.c
ode.tex
File: pgflibraryshapes.multipart.code.tex 2010/01/07 v2.10 (rcs-revision 1.2)
\pgfnodepartlowerbox=\box47
\pgfnodeparttwobox=\box48
\pgfnodepartthreebox=\box49
\pgfnodepartfourbox=\box50
\pgfnodeparttwentybox=\box51
\pgfnodepartnineteenbox=\box52
\pgfnodeparteighteenbox=\box53
\pgfnodepartseventeenbox=\box54
\pgfnodepartsixteenbox=\box55
\pgfnodepartfifteenbox=\box56
\pgfnodepartfourteenbox=\box57
\pgfnodepartthirteenbox=\box58
\pgfnodeparttwelvebox=\box59
\pgfnodepartelevenbox=\box60
\pgfnodeparttenbox=\box61
\pgfnodepartninebox=\box62
\pgfnodeparteightbox=\box63
\pgfnodepartsevenbox=\box64
\pgfnodepartsixbox=\box65
\pgfnodepartfivebox=\box66
))
(/usr/share/texmf/tex/generic/pgf/frontendlayer/tikz/libraries/tikzlibraryshape
s.gates.logic.US.code.tex
File: tikzlibraryshapes.gates.logic.US.code.tex 2008/01/25 v2.10 (rcs-revision 
1.1)

(/usr/share/texmf/tex/generic/pgf/libraries/shapes/circuits/pgflibraryshapes.ga
tes.logic.US.code.tex
(/usr/share/texmf/tex/generic/pgf/libraries/shapes/circuits/pgflibraryshapes.ga
tes.logic.code.tex)))
(/usr/share/texmf/tex/generic/pgf/frontendlayer/tikz/libraries/tikzlibraryshape
s.gates.logic.IEC.code.tex
File: tikzlibraryshapes.gates.logic.IEC.code.tex 2008/01/27 v2.10 (rcs-revision
 1.3)

(/usr/share/texmf/tex/generic/pgf/libraries/shapes/circuits/pgflibraryshapes.ga
tes.logic.IEC.code.tex))
(/usr/share/texmf/tex/generic/pgf/frontendlayer/tikz/libraries/tikzlibraryer.co
de.tex
File: tikzlibraryer.code.tex 2008/02/20 v2.10 (rcs-revision 1.2)
)
(/usr/share/texmf/tex/generic/pgf/frontendlayer/tikz/libraries/tikzlibraryautom
ata.code.tex
File: tikzlibraryautomata.code.tex 2008/07/14 v2.10 (rcs-revision 1.3)
)
(/usr/share/texmf/tex/generic/pgf/frontendlayer/tikz/libraries/tikzlibrarybackg
rounds.code.tex
File: tikzlibrarybackgrounds.code.tex 2010/02/08 v2.10 (rcs-revision 1.2)
\pgf@layerbox@background=\box67
\pgf@layerboxsaved@background=\box68
)
(/usr/share/texmf/tex/generic/pgf/frontendlayer/tikz/libraries/tikzlibrarychain
s.code.tex
File: tikzlibrarychains.code.tex 2008/02/27 v2.10 (rcs-revision 1.5)

(/usr/share/texmf/tex/generic/pgf/frontendlayer/tikz/libraries/tikzlibraryposit
ioning.code.tex
File: tikzlibrarypositioning.code.tex 2008/10/06 v2.10 (rcs-revision 1.7)
))
(/usr/share/texmf/tex/generic/pgf/frontendlayer/tikz/libraries/tikzlibrarytrees
.code.tex
File: tikzlibrarytrees.code.tex 2008/02/24 v2.10 (rcs-revision 1.2)
)
(/usr/share/texmf/tex/generic/pgf/frontendlayer/tikz/libraries/tikzlibrarypetri
.code.tex
File: tikzlibrarypetri.code.tex 2008/06/18 v2.10 (rcs-revision 1.2)
)
(/usr/share/texmf/tex/generic/pgf/frontendlayer/tikz/libraries/tikzlibrarymindm
ap.code.tex
File: tikzlibrarymindmap.code.tex 2009/11/12 v2.10 (rcs-revision 1.9)
)
(/usr/share/texmf/tex/generic/pgf/frontendlayer/tikz/libraries/tikzlibrarymatri
x.code.tex
File: tikzlibrarymatrix.code.tex 2008/06/18 v2.10 (rcs-revision 1.2)
)
(/usr/share/texmf/tex/generic/pgf/frontendlayer/tikz/libraries/tikzlibrarycalen
dar.code.tex
File: tikzlibrarycalendar.code.tex 2008/01/09 v2.10 (rcs-revision 1.1)
 (/usr/share/texmf/tex/latex/pgf/utilities/pgfcalendar.sty
(/usr/share/texmf/tex/generic/pgf/utilities/pgfcalendar.code.tex
File: pgfcalendar.code.tex 2007/07/23 v2.10 (rcs-revision 1.11)
\pgfcalendarcurrentjulian=\count148
)))
(/usr/share/texmf/tex/generic/pgf/frontendlayer/tikz/libraries/tikzlibraryfoldi
ng.code.tex
File: tikzlibraryfolding.code.tex 2008/01/09 v2.10 (rcs-revision 1.1)
\tikz@lib@fold@length=\dimen208
)
(/usr/share/texmf/tex/generic/pgf/frontendlayer/tikz/libraries/tikzlibraryfadin
gs.code.tex
File: tikzlibraryfadings.code.tex 2009/11/15 v2.10 (rcs-revision 1.2)

(/usr/share/texmf/tex/generic/pgf/libraries/pgflibraryfadings.code.tex
File: pgflibraryfadings.code.tex 2008/02/07 v2.10 (rcs-revision 1.3)
))
(/usr/share/texmf/tex/generic/pgf/frontendlayer/tikz/libraries/tikzlibrarythrou
gh.code.tex
File: tikzlibrarythrough.code.tex 2008/02/03 v2.10 (rcs-revision 1.1)
)
(/usr/share/texmf/tex/generic/pgf/frontendlayer/tikz/libraries/tikzlibraryscope
s.code.tex
File: tikzlibraryscopes.code.tex 2008/06/27 v2.10 (rcs-revision 1.2)
)
(/usr/share/texmf/tex/generic/pgf/frontendlayer/tikz/libraries/tikzlibrarydecor
ations.fractals.code.tex
(/usr/share/texmf/tex/generic/pgf/libraries/decorations/pgflibrarydecorations.f
ractals.code.tex))
(/usr/share/texmf/tex/generic/pgf/frontendlayer/tikz/libraries/tikzlibrarydecor
ations.shapes.code.tex
(/usr/share/texmf/tex/generic/pgf/libraries/decorations/pgflibrarydecorations.s
hapes.code.tex))
(/usr/share/texmf/tex/generic/pgf/frontendlayer/tikz/libraries/tikzlibrarydecor
ations.text.code.tex
(/usr/share/texmf/tex/generic/pgf/libraries/decorations/pgflibrarydecorations.t
ext.code.tex
\pgf@lib@dec@text@box=\box69
))
(/usr/share/texmf/tex/generic/pgf/frontendlayer/tikz/libraries/tikzlibrarydecor
ations.footprints.code.tex
(/usr/share/texmf/tex/generic/pgf/libraries/decorations/pgflibrarydecorations.f
ootprints.code.tex))
(/usr/share/texmf/tex/generic/pgf/frontendlayer/tikz/libraries/tikzlibrarydecor
ations.markings.code.tex
(/usr/share/texmf/tex/generic/pgf/libraries/decorations/pgflibrarydecorations.m
arkings.code.tex))
(/usr/share/texmf/tex/generic/pgf/frontendlayer/tikz/libraries/tikzlibraryshado
ws.code.tex
File: tikzlibraryshadows.code.tex 2008/01/13 v2.10 (rcs-revision 1.3)
)
(/usr/share/texmf/tex/generic/pgf/frontendlayer/tikz/libraries/circuits/tikzlib
rarycircuits.code.tex
\tikz@lib@circ@count=\count149
\tikzcircuitssizeunit=\dimen209
)
(/usr/share/texmf/tex/generic/pgf/frontendlayer/tikz/libraries/tikzlibraryshape
s.code.tex
File: tikzlibraryshapes.code.tex 2008/01/09 v2.10 (rcs-revision 1.1)
)
\c@assumption=\count150
\c@remark=\count151
\c@subequation=\count152
\c@algostep=\count153
\c@acalgorithm=\count154
) (/usr/share/texlive/texmf-dist/tex/latex/amsfonts/amssymb.sty
Package: amssymb 2013/01/14 v3.01 AMS font symbols

(/usr/share/texlive/texmf-dist/tex/latex/amsfonts/amsfonts.sty
Package: amsfonts 2013/01/14 v3.01 Basic AMSFonts support
\symAMSa=\mathgroup5
\symAMSb=\mathgroup6
LaTeX Font Info:    Overwriting math alphabet `\mathfrak' in version `bold'
(Font)                  U/euf/m/n --> U/euf/b/n on input line 106.
))
(/usr/share/texlive/texmf-dist/tex/latex/tools/multicol.sty
Package: multicol 2011/06/27 v1.7a multicolumn formatting (FMi)
\c@tracingmulticols=\count155
\mult@box=\box70
\multicol@leftmargin=\dimen210
\c@unbalance=\count156
\c@collectmore=\count157
\doublecol@number=\count158
\multicoltolerance=\count159
\multicolpretolerance=\count160
\full@width=\dimen211
\page@free=\dimen212
\premulticols=\dimen213
\postmulticols=\dimen214
\multicolsep=\skip54
\multicolbaselineskip=\skip55
\partial@page=\box71
\last@line=\box72
\mult@rightbox=\box73
\mult@grightbox=\box74
\mult@gfirstbox=\box75
\mult@firstbox=\box76
\@tempa=\box77
\@tempa=\box78
\@tempa=\box79
\@tempa=\box80
\@tempa=\box81
\@tempa=\box82
\@tempa=\box83
\@tempa=\box84
\@tempa=\box85
\@tempa=\box86
\@tempa=\box87
\@tempa=\box88
\@tempa=\box89
\@tempa=\box90
\@tempa=\box91
\@tempa=\box92
\@tempa=\box93
\c@columnbadness=\count161
\c@finalcolumnbadness=\count162
\last@try=\dimen215
\multicolovershoot=\dimen216
\multicolundershoot=\dimen217
\mult@nat@firstbox=\box94
\colbreak@box=\box95
\multicol@sort@counter=\count163
)
(/usr/share/texlive/texmf-dist/tex/latex/booktabs/booktabs.sty
Package: booktabs 2005/04/14 v1.61803 publication quality tables
\heavyrulewidth=\dimen218
\lightrulewidth=\dimen219
\cmidrulewidth=\dimen220
\belowrulesep=\dimen221
\belowbottomsep=\dimen222
\aboverulesep=\dimen223
\abovetopsep=\dimen224
\cmidrulesep=\dimen225
\cmidrulekern=\dimen226
\defaultaddspace=\dimen227
\@cmidla=\count164
\@cmidlb=\count165
\@aboverulesep=\dimen228
\@belowrulesep=\dimen229
\@thisruleclass=\count166
\@lastruleclass=\count167
\@thisrulewidth=\dimen230
)
(/usr/share/texlive/texmf-dist/tex/latex/multirow/multirow.sty
\bigstrutjot=\dimen231
)
(/usr/share/texlive/texmf-dist/tex/latex/fancyhdr/fancyhdr.sty
\fancy@headwidth=\skip56
\f@ncyO@elh=\skip57
\f@ncyO@erh=\skip58
\f@ncyO@olh=\skip59
\f@ncyO@orh=\skip60
\f@ncyO@elf=\skip61
\f@ncyO@erf=\skip62
\f@ncyO@olf=\skip63
\f@ncyO@orf=\skip64
)
(/usr/share/texlive/texmf-dist/tex/latex/cleveref/cleveref.sty
Package: cleveref 2013/12/28 v0.19 Intelligent cross-referencing
)
(/usr/share/texlive/texmf-dist/tex/latex/wrapfig/wrapfig.sty
\wrapoverhang=\dimen232
\WF@size=\dimen233
\c@WF@wrappedlines=\count168
\WF@box=\box96
\WF@everypar=\toks47
Package: wrapfig 2003/01/31  v 3.6
)
(/usr/share/texlive/texmf-dist/tex/latex/tools/enumerate.sty
Package: enumerate 1999/03/05 v3.00 enumerate extensions (DPC)
\@enLab=\toks48
)
(/usr/share/texlive/texmf-dist/tex/latex/cancel/cancel.sty
Package: cancel 2013/04/12 v2.2 Cancel math terms
)
(/usr/share/texlive/texmf-dist/tex/latex/jknapltx/mathrsfs.sty
Package: mathrsfs 1996/01/01 Math RSFS package v1.0 (jk)
\symrsfs=\mathgroup7
)
(/usr/share/texlive/texmf-dist/tex/latex/titlesec/titlesec.sty
Package: titlesec 2011/12/15 v2.10.0 Sectioning titles
\ttl@box=\box97
\beforetitleunit=\skip65
\aftertitleunit=\skip66
Normal \dimen register pool exhausted, switching to extended pool.
\ttl@plus=\dimen256
\ttl@minus=\dimen257
\ttl@toksa=\toks49
\titlewidth=\dimen258
\titlewidthlast=\dimen259
\titlewidthfirst=\dimen260
)
(/usr/share/texlive/texmf-dist/tex/latex/mdwtools/mdwlist.sty
Package: mdwlist 1996/05/02 1.1 Various list-related things
)
(/usr/share/texlive/texmf-dist/tex/latex/varwidth/varwidth.sty
Package: varwidth 2009/03/30 ver 0.92;  Variable-width minipages
\@vwid@box=\box98
\sift@deathcycles=\count169
\@vwid@loff=\dimen261
\@vwid@roff=\dimen262
)
(/usr/share/texlive/texmf-dist/tex/latex/breakurl/breakurl.sty
Package: breakurl 2013/04/10 v1.40 Breakable hyperref URLs

(/usr/share/texlive/texmf-dist/tex/latex/xkeyval/xkeyval.sty
Package: xkeyval 2012/10/14 v2.6b package option processing (HA)

(/usr/share/texlive/texmf-dist/tex/generic/xkeyval/xkeyval.tex
\XKV@toks=\toks50
\XKV@tempa@toks=\toks51
\XKV@depth=\count170
File: xkeyval.tex 2012/10/14 v2.6b key=value parser (HA)
))

Package breakurl Warning: You are using breakurl while processing via pdflatex.

(breakurl)                \burl will be just a synonym of \url.
(breakurl)                 on input line 48.

) (/usr/share/texlive/texmf-dist/tex/latex/datetime/datetime.sty
Package: datetime 2013/09/10 v2.59 Date Time Package

(/usr/share/texlive/texmf-dist/tex/latex/etoolbox/etoolbox.sty
Package: etoolbox 2011/01/03 v2.1 e-TeX tools for LaTeX
\etb@tempcnta=\count171
)
(/usr/share/texlive/texmf-dist/tex/latex/fmtcount/fmtcount.sty
Package: fmtcount 2013/08/17 v2.03

(/usr/share/texlive/texmf-dist/tex/latex/fmtcount/fcprefix.sty
Package: fcprefix 2012/09/28

(/usr/share/texlive/texmf-dist/tex/latex/fmtcount/fcnumparser.sty
Package: fcnumparser 2012/09/28
\fc@digit@counter=\count172
))
\c@padzeroesN=\count173
\fc@tmpcatcode=\count174
\@DT@modctr=\count175
\@ordinalctr=\count176
\@orgargctr=\count177
\@strctr=\count178
\@tmpstrctr=\count179
\@DT@loopN=\count180
\@DT@X=\count181

(/usr/share/texlive/texmf-dist/tex/latex/fmtcount/fc-english.def
File: fc-english.def 2013/08/17
))
(/usr/share/texlive/texmf-dist/tex/latex/datetime/datetime-defaults.sty
Package: datetime-defaults 2013/09/10
)
\@day=\count182
\@month=\count183
\@year=\count184
\c@HOUR=\count185
\c@HOURXII=\count186
\c@MINUTE=\count187
\c@TOHOUR=\count188
\c@TOMINUTE=\count189
\c@SECOND=\count190
\currenthour=\count191
\currentminute=\count192
\currentsecond=\count193
Package datetime Info: No datetime.cfg file found, using default settings on in
put line 308.
\@dtctr=\count194
\dayofyear=\count195
\dayofweek=\count196
LaTeX Info: Redefining \today on input line 736.
\dt@a=\toks52
\dt@b=\toks53
)
(/usr/share/texlive/texmf-dist/tex/latex/pdfpages/pdfpages.sty
Package: pdfpages 2013/08/25 v0.4v Insert pages of external PDF documents (AM)

(/usr/share/texlive/texmf-dist/tex/latex/tools/calc.sty
Package: calc 2007/08/22 v4.3 Infix arithmetic (KKT,FJ)
\calc@Acount=\count197
\calc@Bcount=\count198
\calc@Adimen=\dimen263
\calc@Bdimen=\dimen264
\calc@Askip=\skip67
\calc@Bskip=\skip68
LaTeX Info: Redefining \setlength on input line 76.
LaTeX Info: Redefining \addtolength on input line 77.
\calc@Ccount=\count199
\calc@Cskip=\skip69
)
(/usr/share/texlive/texmf-dist/tex/latex/eso-pic/eso-pic.sty
Package: eso-pic 2013/10/06 v2.0d eso-pic (RN)

(/usr/share/texlive/texmf-dist/tex/generic/oberdiek/atbegshi.sty
Package: atbegshi 2011/10/05 v1.16 At begin shipout hook (HO)
))
(/usr/share/texlive/texmf-dist/tex/latex/pdfpages/pppdftex.def
File: pppdftex.def 2013/08/25 v0.4v Pdfpages driver for pdfTeX (AM)
)
\AM@pagebox=\box99
\AM@toc@title=\toks54
\c@AM@survey=\count200
\AM@templatesizebox=\box100
)
(/usr/share/texlive/texmf-dist/tex/latex/setspace/setspace.sty
Package: setspace 2011/12/19 v6.7a set line spacing
)

LaTeX Warning: Unused global option(s):
    [8pt].

(./iitdharwad.aux)
\openout1 = `iitdharwad.aux'.

LaTeX Font Info:    Checking defaults for OML/cmm/m/it on input line 32.
LaTeX Font Info:    ... okay on input line 32.
LaTeX Font Info:    Checking defaults for T1/cmr/m/n on input line 32.
LaTeX Font Info:    ... okay on input line 32.
LaTeX Font Info:    Checking defaults for OT1/cmr/m/n on input line 32.
LaTeX Font Info:    ... okay on input line 32.
LaTeX Font Info:    Checking defaults for OMS/cmsy/m/n on input line 32.
LaTeX Font Info:    ... okay on input line 32.
LaTeX Font Info:    Checking defaults for OMX/cmex/m/n on input line 32.
LaTeX Font Info:    ... okay on input line 32.
LaTeX Font Info:    Checking defaults for U/cmr/m/n on input line 32.
LaTeX Font Info:    ... okay on input line 32.
LaTeX Font Info:    Try loading font information for U+lasy on input line 32.
 (/usr/share/texlive/texmf-dist/tex/latex/base/ulasy.fd
File: ulasy.fd 1998/08/17 v2.2e LaTeX symbol font definitions
)
LaTeX Font Info:    Try loading font information for U+msa on input line 32.

(/usr/share/texlive/texmf-dist/tex/latex/amsfonts/umsa.fd
File: umsa.fd 2013/01/14 v3.01 AMS symbols A
)
LaTeX Font Info:    Try loading font information for U+msb on input line 32.

(/usr/share/texlive/texmf-dist/tex/latex/amsfonts/umsb.fd
File: umsb.fd 2013/01/14 v3.01 AMS symbols B
)
LaTeX Font Info:    Try loading font information for U+rsfs on input line 32.

(/usr/share/texlive/texmf-dist/tex/latex/jknapltx/ursfs.fd
File: ursfs.fd 1998/03/24 rsfs font definition file (jk)
)
Package xypdf Info: Line width: 0.39998pt on input line 32.

(/usr/share/texlive/texmf-dist/tex/context/base/supp-pdf.mkii
[Loading MPS to PDF converter (version 2006.09.02).]
\scratchcounter=\count201
\scratchdimen=\dimen265
\scratchbox=\box101
\nofMPsegments=\count202
\nofMParguments=\count203
\everyMPshowfont=\toks55
\MPscratchCnt=\count204
\MPscratchDim=\dimen266
\MPnumerator=\count205
\makeMPintoPDFobject=\count206
\everyMPtoPDFconversion=\toks56
) (/usr/share/texlive/texmf-dist/tex/generic/oberdiek/pdftexcmds.sty
Package: pdftexcmds 2011/11/29 v0.20 Utility functions of pdfTeX for LuaTeX (HO
)

(/usr/share/texlive/texmf-dist/tex/generic/oberdiek/ifluatex.sty
Package: ifluatex 2010/03/01 v1.3 Provides the ifluatex switch (HO)
Package ifluatex Info: LuaTeX not detected.
)
Package pdftexcmds Info: LuaTeX not detected.
Package pdftexcmds Info: \pdf@primitive is available.
Package pdftexcmds Info: \pdf@ifprimitive is available.
Package pdftexcmds Info: \pdfdraftmode found.
)
(/usr/share/texlive/texmf-dist/tex/latex/oberdiek/epstopdf-base.sty
Package: epstopdf-base 2010/02/09 v2.5 Base part for package epstopdf

(/usr/share/texlive/texmf-dist/tex/latex/oberdiek/grfext.sty
Package: grfext 2010/08/19 v1.1 Manage graphics extensions (HO)

(/usr/share/texlive/texmf-dist/tex/generic/oberdiek/kvdefinekeys.sty
Package: kvdefinekeys 2011/04/07 v1.3 Define keys (HO)
))
(/usr/share/texlive/texmf-dist/tex/latex/oberdiek/kvoptions.sty
Package: kvoptions 2011/06/30 v3.11 Key value format for package options (HO)

(/usr/share/texlive/texmf-dist/tex/generic/oberdiek/kvsetkeys.sty
Package: kvsetkeys 2012/04/25 v1.16 Key value parser (HO)

(/usr/share/texlive/texmf-dist/tex/generic/oberdiek/etexcmds.sty
Package: etexcmds 2011/02/16 v1.5 Avoid name clashes with e-TeX commands (HO)
Package etexcmds Info: Could not find \expanded.
(etexcmds)             That can mean that you are not using pdfTeX 1.50 or
(etexcmds)             that some package has redefined \expanded.
(etexcmds)             In the latter case, load this package earlier.
)))
Package grfext Info: Graphics extension search list:
(grfext)             [.png,.pdf,.jpg,.mps,.jpeg,.jbig2,.jb2,.PNG,.PDF,.JPG,.JPE
G,.JBIG2,.JB2,.eps]
(grfext)             \AppendGraphicsExtensions on input line 452.

(/usr/share/texlive/texmf-dist/tex/latex/latexconfig/epstopdf-sys.cfg
File: epstopdf-sys.cfg 2010/07/13 v1.3 Configuration of (r)epstopdf for TeX Liv
e
))
ABD: EveryShipout initializing macros
Package pgfplots notification 'compat/show suggested version=true': document ha
s been generated with the most recent feature set (\pgfplotsset{compat=1.9}).

\AtBeginShipoutBox=\box102
<ext.pdf, id=20, 597.23125pt x 845.1575pt>
File: ext.pdf Graphic file (type pdf)
 <use ext.pdf>
Package pdftex.def Info: ext.pdf used on input line 33.
(pdftex.def)             Requested size: 597.22978pt x 845.15544pt.
File: ext.pdf Graphic file (type pdf)
 <use ext.pdf>
Package pdftex.def Info: ext.pdf used on input line 33.
(pdftex.def)             Requested size: 597.22978pt x 845.15544pt.

<ext.pdf, id=23, page=1, 597.23125pt x 845.1575pt>
File: ext.pdf Graphic file (type pdf)
 <use ext.pdf, page 1>
Package pdftex.def Info: ext.pdf, page1 used on input line 33.
(pdftex.def)             Requested size: 597.22978pt x 845.15544pt.
File: ext.pdf Graphic file (type pdf)

<use ext.pdf, page 1>
Package pdftex.def Info: ext.pdf, page1 used on input line 33.
(pdftex.def)             Requested size: 561.86221pt x 795.10587pt.
File: ext.pdf Graphic file (type pdf)
 <use ext.pdf, page 1>
Package pdftex.def Info: ext.pdf, page1 used on input line 33.
(pdftex.def)             Requested size: 561.86221pt x 795.10587pt.
File: ext.pdf Graphic file (type pdf)
 <use ext.pdf, page 1>
Package pdftex.def Info: ext.pdf, page1 used on input line 33.
(pdftex.def)             Requested size: 561.86221pt x 795.10587pt.
File: ext.pdf Graphic file (type pdf)

<use ext.pdf, page 1>
Package pdftex.def Info: ext.pdf, page1 used on input line 33.
(pdftex.def)             Requested size: 561.86221pt x 795.10587pt.
 [1

 <./ext.pdf>]
<ext.pdf, id=69, page=2, 597.23125pt x 845.1575pt>
File: ext.pdf Graphic file (type pdf)
 <use ext.pdf, page 2>
Package pdftex.def Info: ext.pdf, page2 used on input line 33.
(pdftex.def)             Requested size: 561.86221pt x 795.10587pt.
File: ext.pdf Graphic file (type pdf)

<use ext.pdf, page 2>
Package pdftex.def Info: ext.pdf, page2 used on input line 33.
(pdftex.def)             Requested size: 561.86221pt x 795.10587pt.
File: ext.pdf Graphic file (type pdf)
 <use ext.pdf, page 2>
Package pdftex.def Info: ext.pdf, page2 used on input line 33.
(pdftex.def)             Requested size: 561.86221pt x 795.10587pt.
 [2 <./ext.pdf>]
<ext.pdf, id=73, page=3, 597.23125pt x 845.1575pt>
File: ext.pdf Graphic file (type pdf)
 <use ext.pdf, page 3>
Package pdftex.def Info: ext.pdf, page3 used on input line 33.
(pdftex.def)             Requested size: 561.86221pt x 795.10587pt.
File: ext.pdf Graphic file (type pdf)

<use ext.pdf, page 3>
Package pdftex.def Info: ext.pdf, page3 used on input line 33.
(pdftex.def)             Requested size: 561.86221pt x 795.10587pt.
File: ext.pdf Graphic file (type pdf)
 <use ext.pdf, page 3>
Package pdftex.def Info: ext.pdf, page3 used on input line 33.
(pdftex.def)             Requested size: 561.86221pt x 795.10587pt.
 [3 <./ext.pdf>]
<ext.pdf, id=77, page=4, 597.23125pt x 845.1575pt>
File: ext.pdf Graphic file (type pdf)
 <use ext.pdf, page 4>
Package pdftex.def Info: ext.pdf, page4 used on input line 33.
(pdftex.def)             Requested size: 561.86221pt x 795.10587pt.
File: ext.pdf Graphic file (type pdf)

<use ext.pdf, page 4>
Package pdftex.def Info: ext.pdf, page4 used on input line 33.
(pdftex.def)             Requested size: 561.86221pt x 795.10587pt.
File: ext.pdf Graphic file (type pdf)
 <use ext.pdf, page 4>
Package pdftex.def Info: ext.pdf, page4 used on input line 33.
(pdftex.def)             Requested size: 561.86221pt x 795.10587pt.
 [4 <./ext.pdf>]
<signature.pdf, id=81, 614.295pt x 794.97pt>
File: signature.pdf Graphic file (type pdf)
 <use signature.pdf>
Package pdftex.def Info: signature.pdf used on input line 34.
(pdftex.def)             Requested size: 614.29349pt x 794.96806pt.
File: signature.pdf Graphic file (type pdf)

<use signature.pdf>
Package pdftex.def Info: signature.pdf used on input line 34.
(pdftex.def)             Requested size: 614.29349pt x 794.96806pt.
 <signature.pdf, id=84, page=1, 614.295pt x 794.97pt>
File: signature.pdf Graphic file (type pdf)

<use signature.pdf, page 1>
Package pdftex.def Info: signature.pdf, page1 used on input line 34.
(pdftex.def)             Requested size: 614.29349pt x 794.96806pt.
File: signature.pdf Graphic file (type pdf)
 <use signature.pdf, page 1>
Package pdftex.def Info: signature.pdf, page1 used on input line 34.
(pdftex.def)             Requested size: 614.58406pt x 795.3441pt.
File: signature.pdf Graphic file (type pdf)

<use signature.pdf, page 1>
Package pdftex.def Info: signature.pdf, page1 used on input line 34.
(pdftex.def)             Requested size: 614.58406pt x 795.3441pt.
File: signature.pdf Graphic file (type pdf)
 <use signature.pdf, page 1>
Package pdftex.def Info: signature.pdf, page1 used on input line 34.
(pdftex.def)             Requested size: 614.58406pt x 795.3441pt.
File: signature.pdf Graphic file (type pdf)

<use signature.pdf, page 1>
Package pdftex.def Info: signature.pdf, page1 used on input line 34.
(pdftex.def)             Requested size: 614.58406pt x 795.3441pt.
 [5 <./signature.pdf>]
File: ext.pdf Graphic file (type pdf)
 <use ext.pdf>
Package pdftex.def Info: ext.pdf used on input line 35.
(pdftex.def)             Requested size: 597.22978pt x 845.15544pt.
File: ext.pdf Graphic file (type pdf)
 <use ext.pdf>
Package pdftex.def Info: ext.pdf used on input line 35.
(pdftex.def)             Requested size: 597.22978pt x 845.15544pt.

<ext.pdf, id=97, page=6, 597.23125pt x 845.1575pt>
File: ext.pdf Graphic file (type pdf)
 <use ext.pdf, page 6>
Package pdftex.def Info: ext.pdf, page6 used on input line 35.
(pdftex.def)             Requested size: 597.22978pt x 845.15544pt.
File: ext.pdf Graphic file (type pdf)

<use ext.pdf, page 6>
Package pdftex.def Info: ext.pdf, page6 used on input line 35.
(pdftex.def)             Requested size: 561.86221pt x 795.10587pt.
File: ext.pdf Graphic file (type pdf)
 <use ext.pdf, page 6>
Package pdftex.def Info: ext.pdf, page6 used on input line 35.
(pdftex.def)             Requested size: 561.86221pt x 795.10587pt.
File: ext.pdf Graphic file (type pdf)
 <use ext.pdf, page 6>
Package pdftex.def Info: ext.pdf, page6 used on input line 35.
(pdftex.def)             Requested size: 561.86221pt x 795.10587pt.
File: ext.pdf Graphic file (type pdf)

<use ext.pdf, page 6>
Package pdftex.def Info: ext.pdf, page6 used on input line 35.
(pdftex.def)             Requested size: 561.86221pt x 795.10587pt.
 [6 <./ext.pdf>]
<ext.pdf, id=115, page=7, 597.23125pt x 845.1575pt>
File: ext.pdf Graphic file (type pdf)
 <use ext.pdf, page 7>
Package pdftex.def Info: ext.pdf, page7 used on input line 35.
(pdftex.def)             Requested size: 561.86221pt x 795.10587pt.
File: ext.pdf Graphic file (type pdf)

<use ext.pdf, page 7>
Package pdftex.def Info: ext.pdf, page7 used on input line 35.
(pdftex.def)             Requested size: 561.86221pt x 795.10587pt.
File: ext.pdf Graphic file (type pdf)
 <use ext.pdf, page 7>
Package pdftex.def Info: ext.pdf, page7 used on input line 35.
(pdftex.def)             Requested size: 561.86221pt x 795.10587pt.
 [7 <./ext.pdf>]
<ChandrashekarL.pdf, id=127, 597.50829pt x 845.0471pt>
File: ChandrashekarL.pdf Graphic file (type pdf)

<use ChandrashekarL.pdf>
Package pdftex.def Info: ChandrashekarL.pdf used on input line 36.
(pdftex.def)             Requested size: 597.50682pt x 845.04504pt.
File: ChandrashekarL.pdf Graphic file (type pdf)
 <use ChandrashekarL.pdf>
Package pdftex.def Info: ChandrashekarL.pdf used on input line 36.
(pdftex.def)             Requested size: 597.50682pt x 845.04504pt.

<ChandrashekarL.pdf, id=130, page=1, 597.50829pt x 845.0471pt>
File: ChandrashekarL.pdf Graphic file (type pdf)

<use ChandrashekarL.pdf, page 1>
Package pdftex.def Info: ChandrashekarL.pdf, page1 used on input line 36.
(pdftex.def)             Requested size: 597.50682pt x 845.04504pt.
File: ChandrashekarL.pdf Graphic file (type pdf)
 <use ChandrashekarL.pdf, page 1>
Package pdftex.def Info: ChandrashekarL.pdf, page1 used on input line 36.
(pdftex.def)             Requested size: 562.12285pt x 795.00201pt.
File: ChandrashekarL.pdf Graphic file (type pdf)

<use ChandrashekarL.pdf, page 1>
Package pdftex.def Info: ChandrashekarL.pdf, page1 used on input line 36.
(pdftex.def)             Requested size: 562.12285pt x 795.00201pt.
File: ChandrashekarL.pdf Graphic file (type pdf)
 <use ChandrashekarL.pdf, page 1>
Package pdftex.def Info: ChandrashekarL.pdf, page1 used on input line 36.
(pdftex.def)             Requested size: 562.12285pt x 795.00201pt.
File: ChandrashekarL.pdf Graphic file (type pdf)

<use ChandrashekarL.pdf, page 1>
Package pdftex.def Info: ChandrashekarL.pdf, page1 used on input line 36.
(pdftex.def)             Requested size: 562.12285pt x 795.00201pt.
 [8 <./ChandrashekarL.pdf{/var/lib/texmf/fonts/map/pdftex/updmap/pdftex.map}>]
<ChandrashekarL.pdf, id=160, page=2, 597.50829pt x 845.0471pt>
File: ChandrashekarL.pdf Graphic file (type pdf)

<use ChandrashekarL.pdf, page 2>
Package pdftex.def Info: ChandrashekarL.pdf, page2 used on input line 36.
(pdftex.def)             Requested size: 562.12285pt x 795.00201pt.
File: ChandrashekarL.pdf Graphic file (type pdf)
 <use ChandrashekarL.pdf, page 2>
Package pdftex.def Info: ChandrashekarL.pdf, page2 used on input line 36.
(pdftex.def)             Requested size: 562.12285pt x 795.00201pt.
File: ChandrashekarL.pdf Graphic file (type pdf)

<use ChandrashekarL.pdf, page 2>
Package pdftex.def Info: ChandrashekarL.pdf, page2 used on input line 36.
(pdftex.def)             Requested size: 562.12285pt x 795.00201pt.
 [9 <./ChandrashekarL.pdf>]
<ChandrashekarL.pdf, id=169, page=3, 597.50829pt x 845.0471pt>
File: ChandrashekarL.pdf Graphic file (type pdf)

<use ChandrashekarL.pdf, page 3>
Package pdftex.def Info: ChandrashekarL.pdf, page3 used on input line 36.
(pdftex.def)             Requested size: 562.12285pt x 795.00201pt.
File: ChandrashekarL.pdf Graphic file (type pdf)
 <use ChandrashekarL.pdf, page 3>
Package pdftex.def Info: ChandrashekarL.pdf, page3 used on input line 36.
(pdftex.def)             Requested size: 562.12285pt x 795.00201pt.
File: ChandrashekarL.pdf Graphic file (type pdf)

<use ChandrashekarL.pdf, page 3>
Package pdftex.def Info: ChandrashekarL.pdf, page3 used on input line 36.
(pdftex.def)             Requested size: 562.12285pt x 795.00201pt.
 [10 <./ChandrashekarL.pdf>]
<ChandrashekarL.pdf, id=178, page=4, 597.50829pt x 845.0471pt>
File: ChandrashekarL.pdf Graphic file (type pdf)

<use ChandrashekarL.pdf, page 4>
Package pdftex.def Info: ChandrashekarL.pdf, page4 used on input line 36.
(pdftex.def)             Requested size: 562.12285pt x 795.00201pt.
File: ChandrashekarL.pdf Graphic file (type pdf)
 <use ChandrashekarL.pdf, page 4>
Package pdftex.def Info: ChandrashekarL.pdf, page4 used on input line 36.
(pdftex.def)             Requested size: 562.12285pt x 795.00201pt.
File: ChandrashekarL.pdf Graphic file (type pdf)

<use ChandrashekarL.pdf, page 4>
Package pdftex.def Info: ChandrashekarL.pdf, page4 used on input line 36.
(pdftex.def)             Requested size: 562.12285pt x 795.00201pt.
 [11 <./ChandrashekarL.pdf>]
<btech.pdf, id=182, 597.50786pt x 845.04686pt>
File: btech.pdf Graphic file (type pdf)
 <use btech.pdf>
Package pdftex.def Info: btech.pdf used on input line 37.
(pdftex.def)             Requested size: 597.5064pt x 845.0448pt.
File: btech.pdf Graphic file (type pdf)
 <use btech.pdf>
Package pdftex.def Info: btech.pdf used on input line 37.
(pdftex.def)             Requested size: 597.5064pt x 845.0448pt.

<btech.pdf, id=185, page=1, 597.50786pt x 845.04686pt>
File: btech.pdf Graphic file (type pdf)
 <use btech.pdf, page 1>
Package pdftex.def Info: btech.pdf, page1 used on input line 37.
(pdftex.def)             Requested size: 597.5064pt x 845.0448pt.
File: btech.pdf Graphic file (type pdf)

<use btech.pdf, page 1>
Package pdftex.def Info: btech.pdf, page1 used on input line 37.
(pdftex.def)             Requested size: 562.12244pt x 795.00179pt.
File: btech.pdf Graphic file (type pdf)
 <use btech.pdf, page 1>
Package pdftex.def Info: btech.pdf, page1 used on input line 37.
(pdftex.def)             Requested size: 562.12244pt x 795.00179pt.
File: btech.pdf Graphic file (type pdf)
 <use btech.pdf, page 1>
Package pdftex.def Info: btech.pdf, page1 used on input line 37.
(pdftex.def)             Requested size: 562.12244pt x 795.00179pt.
File: btech.pdf Graphic file (type pdf)

<use btech.pdf, page 1>
Package pdftex.def Info: btech.pdf, page1 used on input line 37.
(pdftex.def)             Requested size: 562.12244pt x 795.00179pt.
 [12 <./btech.pdf>]
<mtech.pdf, id=193, 597.50786pt x 845.04686pt>
File: mtech.pdf Graphic file (type pdf)
 <use mtech.pdf>
Package pdftex.def Info: mtech.pdf used on input line 38.
(pdftex.def)             Requested size: 597.5064pt x 845.0448pt.
File: mtech.pdf Graphic file (type pdf)
 <use mtech.pdf>
Package pdftex.def Info: mtech.pdf used on input line 38.
(pdftex.def)             Requested size: 597.5064pt x 845.0448pt.

<mtech.pdf, id=196, page=1, 597.50786pt x 845.04686pt>
File: mtech.pdf Graphic file (type pdf)
 <use mtech.pdf, page 1>
Package pdftex.def Info: mtech.pdf, page1 used on input line 38.
(pdftex.def)             Requested size: 597.5064pt x 845.0448pt.
File: mtech.pdf Graphic file (type pdf)

<use mtech.pdf, page 1>
Package pdftex.def Info: mtech.pdf, page1 used on input line 38.
(pdftex.def)             Requested size: 562.12244pt x 795.00179pt.
File: mtech.pdf Graphic file (type pdf)
 <use mtech.pdf, page 1>
Package pdftex.def Info: mtech.pdf, page1 used on input line 38.
(pdftex.def)             Requested size: 562.12244pt x 795.00179pt.
File: mtech.pdf Graphic file (type pdf)
 <use mtech.pdf, page 1>
Package pdftex.def Info: mtech.pdf, page1 used on input line 38.
(pdftex.def)             Requested size: 562.12244pt x 795.00179pt.
File: mtech.pdf Graphic file (type pdf)

<use mtech.pdf, page 1>
Package pdftex.def Info: mtech.pdf, page1 used on input line 38.
(pdftex.def)             Requested size: 562.12244pt x 795.00179pt.
 [13 <./mtech.pdf>]
<Chandru_Prov001.pdf, id=205, 597.23125pt x 845.1575pt>
File: Chandru_Prov001.pdf Graphic file (type pdf)

<use Chandru_Prov001.pdf>
Package pdftex.def Info: Chandru_Prov001.pdf used on input line 39.
(pdftex.def)             Requested size: 597.22978pt x 845.15544pt.
File: Chandru_Prov001.pdf Graphic file (type pdf)
 <use Chandru_Prov001.pdf>
Package pdftex.def Info: Chandru_Prov001.pdf used on input line 39.
(pdftex.def)             Requested size: 597.22978pt x 845.15544pt.

<Chandru_Prov001.pdf, id=208, page=1, 597.23125pt x 845.1575pt>
File: Chandru_Prov001.pdf Graphic file (type pdf)

<use Chandru_Prov001.pdf, page 1>
Package pdftex.def Info: Chandru_Prov001.pdf, page1 used on input line 39.
(pdftex.def)             Requested size: 597.22978pt x 845.15544pt.
File: Chandru_Prov001.pdf Graphic file (type pdf)
 <use Chandru_Prov001.pdf, page 1>
Package pdftex.def Info: Chandru_Prov001.pdf, page1 used on input line 39.
(pdftex.def)             Requested size: 561.86221pt x 795.10587pt.
File: Chandru_Prov001.pdf Graphic file (type pdf)

<use Chandru_Prov001.pdf, page 1>
Package pdftex.def Info: Chandru_Prov001.pdf, page1 used on input line 39.
(pdftex.def)             Requested size: 561.86221pt x 795.10587pt.
File: Chandru_Prov001.pdf Graphic file (type pdf)
 <use Chandru_Prov001.pdf, page 1>
Package pdftex.def Info: Chandru_Prov001.pdf, page1 used on input line 39.
(pdftex.def)             Requested size: 561.86221pt x 795.10587pt.
File: Chandru_Prov001.pdf Graphic file (type pdf)

<use Chandru_Prov001.pdf, page 1>
Package pdftex.def Info: Chandru_Prov001.pdf, page1 used on input line 39.
(pdftex.def)             Requested size: 561.86221pt x 795.10587pt.
 [14 <./Chandru_Prov001.pdf>]
<research_proposal.pdf, id=214, 614.295pt x 794.97pt>
File: research_proposal.pdf Graphic file (type pdf)

<use research_proposal.pdf>
Package pdftex.def Info: research_proposal.pdf used on input line 40.
(pdftex.def)             Requested size: 614.29349pt x 794.96806pt.
File: research_proposal.pdf Graphic file (type pdf)
 <use research_proposal.pdf>
Package pdftex.def Info: research_proposal.pdf used on input line 40.
(pdftex.def)             Requested size: 614.29349pt x 794.96806pt.

<research_proposal.pdf, id=217, page=1, 614.295pt x 794.97pt>
File: research_proposal.pdf Graphic file (type pdf)

<use research_proposal.pdf, page 1>
Package pdftex.def Info: research_proposal.pdf, page1 used on input line 40.
(pdftex.def)             Requested size: 614.29349pt x 794.96806pt.
File: research_proposal.pdf Graphic file (type pdf)
 <use research_proposal.pdf, page 1>
Package pdftex.def Info: research_proposal.pdf, page1 used on input line 40.
(pdftex.def)             Requested size: 614.58406pt x 795.3441pt.
File: research_proposal.pdf Graphic file (type pdf)

<use research_proposal.pdf, page 1>
Package pdftex.def Info: research_proposal.pdf, page1 used on input line 40.
(pdftex.def)             Requested size: 614.58406pt x 795.3441pt.
File: research_proposal.pdf Graphic file (type pdf)
 <use research_proposal.pdf, page 1>
Package pdftex.def Info: research_proposal.pdf, page1 used on input line 40.
(pdftex.def)             Requested size: 614.58406pt x 795.3441pt.
File: research_proposal.pdf Graphic file (type pdf)

<use research_proposal.pdf, page 1>
Package pdftex.def Info: research_proposal.pdf, page1 used on input line 40.
(pdftex.def)             Requested size: 614.58406pt x 795.3441pt.
 [15 <./research_proposal.pdf>]
<research_proposal.pdf, id=258, page=2, 614.295pt x 794.97pt>
File: research_proposal.pdf Graphic file (type pdf)

<use research_proposal.pdf, page 2>
Package pdftex.def Info: research_proposal.pdf, page2 used on input line 40.
(pdftex.def)             Requested size: 614.58406pt x 795.3441pt.
File: research_proposal.pdf Graphic file (type pdf)
 <use research_proposal.pdf, page 2>
Package pdftex.def Info: research_proposal.pdf, page2 used on input line 40.
(pdftex.def)             Requested size: 614.58406pt x 795.3441pt.
File: research_proposal.pdf Graphic file (type pdf)

<use research_proposal.pdf, page 2>
Package pdftex.def Info: research_proposal.pdf, page2 used on input line 40.
(pdftex.def)             Requested size: 614.58406pt x 795.3441pt.
 [16 <./research_proposal.pdf>]
<research_proposal.pdf, id=267, page=3, 614.295pt x 794.97pt>
File: research_proposal.pdf Graphic file (type pdf)

<use research_proposal.pdf, page 3>
Package pdftex.def Info: research_proposal.pdf, page3 used on input line 40.
(pdftex.def)             Requested size: 614.58406pt x 795.3441pt.
File: research_proposal.pdf Graphic file (type pdf)
 <use research_proposal.pdf, page 3>
Package pdftex.def Info: research_proposal.pdf, page3 used on input line 40.
(pdftex.def)             Requested size: 614.58406pt x 795.3441pt.
File: research_proposal.pdf Graphic file (type pdf)

<use research_proposal.pdf, page 3>
Package pdftex.def Info: research_proposal.pdf, page3 used on input line 40.
(pdftex.def)             Requested size: 614.58406pt x 795.3441pt.
 [17 <./research_proposal.pdf>]
<teaching_plan.pdf, id=274, 614.295pt x 794.97pt>
File: teaching_plan.pdf Graphic file (type pdf)
 <use teaching_plan.pdf>
Package pdftex.def Info: teaching_plan.pdf used on input line 41.
(pdftex.def)             Requested size: 614.29349pt x 794.96806pt.
File: teaching_plan.pdf Graphic file (type pdf)

<use teaching_plan.pdf>
Package pdftex.def Info: teaching_plan.pdf used on input line 41.
(pdftex.def)             Requested size: 614.29349pt x 794.96806pt.

<teaching_plan.pdf, id=277, page=1, 614.295pt x 794.97pt>
File: teaching_plan.pdf Graphic file (type pdf)

<use teaching_plan.pdf, page 1>
Package pdftex.def Info: teaching_plan.pdf, page1 used on input line 41.
(pdftex.def)             Requested size: 614.29349pt x 794.96806pt.
File: teaching_plan.pdf Graphic file (type pdf)
 <use teaching_plan.pdf, page 1>
Package pdftex.def Info: teaching_plan.pdf, page1 used on input line 41.
(pdftex.def)             Requested size: 614.58406pt x 795.3441pt.
File: teaching_plan.pdf Graphic file (type pdf)

<use teaching_plan.pdf, page 1>
Package pdftex.def Info: teaching_plan.pdf, page1 used on input line 41.
(pdftex.def)             Requested size: 614.58406pt x 795.3441pt.
File: teaching_plan.pdf Graphic file (type pdf)
 <use teaching_plan.pdf, page 1>
Package pdftex.def Info: teaching_plan.pdf, page1 used on input line 41.
(pdftex.def)             Requested size: 614.58406pt x 795.3441pt.
File: teaching_plan.pdf Graphic file (type pdf)

<use teaching_plan.pdf, page 1>
Package pdftex.def Info: teaching_plan.pdf, page1 used on input line 41.
(pdftex.def)             Requested size: 614.58406pt x 795.3441pt.
 [18 <./teaching_plan.pdf>]
<teaching_plan.pdf, id=307, page=2, 614.295pt x 794.97pt>
File: teaching_plan.pdf Graphic file (type pdf)

<use teaching_plan.pdf, page 2>
Package pdftex.def Info: teaching_plan.pdf, page2 used on input line 41.
(pdftex.def)             Requested size: 614.58406pt x 795.3441pt.
File: teaching_plan.pdf Graphic file (type pdf)
 <use teaching_plan.pdf, page 2>
Package pdftex.def Info: teaching_plan.pdf, page2 used on input line 41.
(pdftex.def)             Requested size: 614.58406pt x 795.3441pt.
File: teaching_plan.pdf Graphic file (type pdf)

<use teaching_plan.pdf, page 2>
Package pdftex.def Info: teaching_plan.pdf, page2 used on input line 41.
(pdftex.def)             Requested size: 614.58406pt x 795.3441pt.
 [19 <./teaching_plan.pdf>]
<cosmic.pdf, id=312, 597.50786pt x 845.04686pt>
File: cosmic.pdf Graphic file (type pdf)
 <use cosmic.pdf>
Package pdftex.def Info: cosmic.pdf used on input line 42.
(pdftex.def)             Requested size: 597.5064pt x 845.0448pt.
File: cosmic.pdf Graphic file (type pdf)

<use cosmic.pdf>
Package pdftex.def Info: cosmic.pdf used on input line 42.
(pdftex.def)             Requested size: 597.5064pt x 845.0448pt.
 <cosmic.pdf, id=315, page=1, 597.50786pt x 845.04686pt>
File: cosmic.pdf Graphic file (type pdf)

<use cosmic.pdf, page 1>
Package pdftex.def Info: cosmic.pdf, page1 used on input line 42.
(pdftex.def)             Requested size: 597.5064pt x 845.0448pt.
File: cosmic.pdf Graphic file (type pdf)
 <use cosmic.pdf, page 1>
Package pdftex.def Info: cosmic.pdf, page1 used on input line 42.
(pdftex.def)             Requested size: 562.12244pt x 795.00179pt.
File: cosmic.pdf Graphic file (type pdf)
 <use cosmic.pdf, page 1>
Package pdftex.def Info: cosmic.pdf, page1 used on input line 42.
(pdftex.def)             Requested size: 562.12244pt x 795.00179pt.
File: cosmic.pdf Graphic file (type pdf)

<use cosmic.pdf, page 1>
Package pdftex.def Info: cosmic.pdf, page1 used on input line 42.
(pdftex.def)             Requested size: 562.12244pt x 795.00179pt.
File: cosmic.pdf Graphic file (type pdf)
 <use cosmic.pdf, page 1>
Package pdftex.def Info: cosmic.pdf, page1 used on input line 42.
(pdftex.def)             Requested size: 562.12244pt x 795.00179pt.
 [20 <./cosmic.pdf>]
<ttsastb.pdf, id=323, 597.50829pt x 845.0471pt>
File: ttsastb.pdf Graphic file (type pdf)
 <use ttsastb.pdf>
Package pdftex.def Info: ttsastb.pdf used on input line 43.
(pdftex.def)             Requested size: 597.50682pt x 845.04504pt.
File: ttsastb.pdf Graphic file (type pdf)

<use ttsastb.pdf>
Package pdftex.def Info: ttsastb.pdf used on input line 43.
(pdftex.def)             Requested size: 597.50682pt x 845.04504pt.
 <ttsastb.pdf, id=326, page=1, 597.50829pt x 845.0471pt>
File: ttsastb.pdf Graphic file (type pdf)

<use ttsastb.pdf, page 1>
Package pdftex.def Info: ttsastb.pdf, page1 used on input line 43.
(pdftex.def)             Requested size: 597.50682pt x 845.04504pt.
File: ttsastb.pdf Graphic file (type pdf)
 <use ttsastb.pdf, page 1>
Package pdftex.def Info: ttsastb.pdf, page1 used on input line 43.
(pdftex.def)             Requested size: 562.12285pt x 795.00201pt.
File: ttsastb.pdf Graphic file (type pdf)
 <use ttsastb.pdf, page 1>
Package pdftex.def Info: ttsastb.pdf, page1 used on input line 43.
(pdftex.def)             Requested size: 562.12285pt x 795.00201pt.
File: ttsastb.pdf Graphic file (type pdf)

<use ttsastb.pdf, page 1>
Package pdftex.def Info: ttsastb.pdf, page1 used on input line 43.
(pdftex.def)             Requested size: 562.12285pt x 795.00201pt.
File: ttsastb.pdf Graphic file (type pdf)
 <use ttsastb.pdf, page 1>
Package pdftex.def Info: ttsastb.pdf, page1 used on input line 43.
(pdftex.def)             Requested size: 562.12285pt x 795.00201pt.
 [21 <./ttsastb.pdf>]
<ttsastb.pdf, id=386, page=2, 597.50829pt x 845.0471pt>
File: ttsastb.pdf Graphic file (type pdf)

<use ttsastb.pdf, page 2>
Package pdftex.def Info: ttsastb.pdf, page2 used on input line 43.
(pdftex.def)             Requested size: 562.12285pt x 795.00201pt.
File: ttsastb.pdf Graphic file (type pdf)
 <use ttsastb.pdf, page 2>
Package pdftex.def Info: ttsastb.pdf, page2 used on input line 43.
(pdftex.def)             Requested size: 562.12285pt x 795.00201pt.
File: ttsastb.pdf Graphic file (type pdf)
 <use ttsastb.pdf, page 2>
Package pdftex.def Info: ttsastb.pdf, page2 used on input line 43.
(pdftex.def)             Requested size: 562.12285pt x 795.00201pt.

[22 <./ttsastb.pdf>] <ttsastb.pdf, id=395, page=3, 597.50829pt x 845.0471pt>
File: ttsastb.pdf Graphic file (type pdf)

<use ttsastb.pdf, page 3>
Package pdftex.def Info: ttsastb.pdf, page3 used on input line 43.
(pdftex.def)             Requested size: 562.12285pt x 795.00201pt.
File: ttsastb.pdf Graphic file (type pdf)
 <use ttsastb.pdf, page 3>
Package pdftex.def Info: ttsastb.pdf, page3 used on input line 43.
(pdftex.def)             Requested size: 562.12285pt x 795.00201pt.
File: ttsastb.pdf Graphic file (type pdf)
 <use ttsastb.pdf, page 3>
Package pdftex.def Info: ttsastb.pdf, page3 used on input line 43.
(pdftex.def)             Requested size: 562.12285pt x 795.00201pt.

[23 <./ttsastb.pdf>] <ttsastb.pdf, id=404, page=4, 597.50829pt x 845.0471pt>
File: ttsastb.pdf Graphic file (type pdf)

<use ttsastb.pdf, page 4>
Package pdftex.def Info: ttsastb.pdf, page4 used on input line 43.
(pdftex.def)             Requested size: 562.12285pt x 795.00201pt.
File: ttsastb.pdf Graphic file (type pdf)
 <use ttsastb.pdf, page 4>
Package pdftex.def Info: ttsastb.pdf, page4 used on input line 43.
(pdftex.def)             Requested size: 562.12285pt x 795.00201pt.
File: ttsastb.pdf Graphic file (type pdf)
 <use ttsastb.pdf, page 4>
Package pdftex.def Info: ttsastb.pdf, page4 used on input line 43.
(pdftex.def)             Requested size: 562.12285pt x 795.00201pt.

[24 <./ttsastb.pdf>] <ttsastb.pdf, id=413, page=5, 597.50829pt x 845.0471pt>
File: ttsastb.pdf Graphic file (type pdf)

<use ttsastb.pdf, page 5>
Package pdftex.def Info: ttsastb.pdf, page5 used on input line 43.
(pdftex.def)             Requested size: 562.12285pt x 795.00201pt.
File: ttsastb.pdf Graphic file (type pdf)
 <use ttsastb.pdf, page 5>
Package pdftex.def Info: ttsastb.pdf, page5 used on input line 43.
(pdftex.def)             Requested size: 562.12285pt x 795.00201pt.
File: ttsastb.pdf Graphic file (type pdf)
 <use ttsastb.pdf, page 5>
Package pdftex.def Info: ttsastb.pdf, page5 used on input line 43.
(pdftex.def)             Requested size: 562.12285pt x 795.00201pt.

[25 <./ttsastb.pdf>] <ttsastb.pdf, id=418, page=6, 597.50829pt x 845.0471pt>
File: ttsastb.pdf Graphic file (type pdf)

<use ttsastb.pdf, page 6>
Package pdftex.def Info: ttsastb.pdf, page6 used on input line 43.
(pdftex.def)             Requested size: 562.12285pt x 795.00201pt.
File: ttsastb.pdf Graphic file (type pdf)
 <use ttsastb.pdf, page 6>
Package pdftex.def Info: ttsastb.pdf, page6 used on input line 43.
(pdftex.def)             Requested size: 562.12285pt x 795.00201pt.
File: ttsastb.pdf Graphic file (type pdf)
 <use ttsastb.pdf, page 6>
Package pdftex.def Info: ttsastb.pdf, page6 used on input line 43.
(pdftex.def)             Requested size: 562.12285pt x 795.00201pt.

[26 <./ttsastb.pdf>] <ttsastb.pdf, id=422, page=7, 597.50829pt x 845.0471pt>
File: ttsastb.pdf Graphic file (type pdf)

<use ttsastb.pdf, page 7>
Package pdftex.def Info: ttsastb.pdf, page7 used on input line 43.
(pdftex.def)             Requested size: 562.12285pt x 795.00201pt.
File: ttsastb.pdf Graphic file (type pdf)
 <use ttsastb.pdf, page 7>
Package pdftex.def Info: ttsastb.pdf, page7 used on input line 43.
(pdftex.def)             Requested size: 562.12285pt x 795.00201pt.
File: ttsastb.pdf Graphic file (type pdf)
 <use ttsastb.pdf, page 7>
Package pdftex.def Info: ttsastb.pdf, page7 used on input line 43.
(pdftex.def)             Requested size: 562.12285pt x 795.00201pt.

[27 <./ttsastb.pdf>] <ttsastb.pdf, id=426, page=8, 597.50829pt x 845.0471pt>
File: ttsastb.pdf Graphic file (type pdf)

<use ttsastb.pdf, page 8>
Package pdftex.def Info: ttsastb.pdf, page8 used on input line 43.
(pdftex.def)             Requested size: 562.12285pt x 795.00201pt.
File: ttsastb.pdf Graphic file (type pdf)
 <use ttsastb.pdf, page 8>
Package pdftex.def Info: ttsastb.pdf, page8 used on input line 43.
(pdftex.def)             Requested size: 562.12285pt x 795.00201pt.
File: ttsastb.pdf Graphic file (type pdf)
 <use ttsastb.pdf, page 8>
Package pdftex.def Info: ttsastb.pdf, page8 used on input line 43.
(pdftex.def)             Requested size: 562.12285pt x 795.00201pt.

[28 <./ttsastb.pdf>] <ttsastb.pdf, id=430, page=9, 597.50829pt x 845.0471pt>
File: ttsastb.pdf Graphic file (type pdf)

<use ttsastb.pdf, page 9>
Package pdftex.def Info: ttsastb.pdf, page9 used on input line 43.
(pdftex.def)             Requested size: 562.12285pt x 795.00201pt.
File: ttsastb.pdf Graphic file (type pdf)
 <use ttsastb.pdf, page 9>
Package pdftex.def Info: ttsastb.pdf, page9 used on input line 43.
(pdftex.def)             Requested size: 562.12285pt x 795.00201pt.
File: ttsastb.pdf Graphic file (type pdf)
 <use ttsastb.pdf, page 9>
Package pdftex.def Info: ttsastb.pdf, page9 used on input line 43.
(pdftex.def)             Requested size: 562.12285pt x 795.00201pt.

[29 <./ttsastb.pdf>] <aaai2015_grlp.pdf, id=444, 614.295pt x 794.97pt>
File: aaai2015_grlp.pdf Graphic file (type pdf)

<use aaai2015_grlp.pdf>
Package pdftex.def Info: aaai2015_grlp.pdf used on input line 44.
(pdftex.def)             Requested size: 614.29349pt x 794.96806pt.
File: aaai2015_grlp.pdf Graphic file (type pdf)
 <use aaai2015_grlp.pdf>
Package pdftex.def Info: aaai2015_grlp.pdf used on input line 44.
(pdftex.def)             Requested size: 614.29349pt x 794.96806pt.

<aaai2015_grlp.pdf, id=447, page=1, 614.295pt x 794.97pt>
File: aaai2015_grlp.pdf Graphic file (type pdf)

<use aaai2015_grlp.pdf, page 1>
Package pdftex.def Info: aaai2015_grlp.pdf, page1 used on input line 44.
(pdftex.def)             Requested size: 614.29349pt x 794.96806pt.
File: aaai2015_grlp.pdf Graphic file (type pdf)
 <use aaai2015_grlp.pdf, page 1>
Package pdftex.def Info: aaai2015_grlp.pdf, page1 used on input line 44.
(pdftex.def)             Requested size: 614.58406pt x 795.3441pt.
File: aaai2015_grlp.pdf Graphic file (type pdf)

<use aaai2015_grlp.pdf, page 1>
Package pdftex.def Info: aaai2015_grlp.pdf, page1 used on input line 44.
(pdftex.def)             Requested size: 614.58406pt x 795.3441pt.
File: aaai2015_grlp.pdf Graphic file (type pdf)
 <use aaai2015_grlp.pdf, page 1>
Package pdftex.def Info: aaai2015_grlp.pdf, page1 used on input line 44.
(pdftex.def)             Requested size: 614.58406pt x 795.3441pt.
File: aaai2015_grlp.pdf Graphic file (type pdf)

<use aaai2015_grlp.pdf, page 1>
Package pdftex.def Info: aaai2015_grlp.pdf, page1 used on input line 44.
(pdftex.def)             Requested size: 614.58406pt x 795.3441pt.
 [30 <./aaai2015_grlp.pdf>]
<aaai2015_grlp.pdf, id=481, page=2, 614.295pt x 794.97pt>
File: aaai2015_grlp.pdf Graphic file (type pdf)

<use aaai2015_grlp.pdf, page 2>
Package pdftex.def Info: aaai2015_grlp.pdf, page2 used on input line 44.
(pdftex.def)             Requested size: 614.58406pt x 795.3441pt.
File: aaai2015_grlp.pdf Graphic file (type pdf)
 <use aaai2015_grlp.pdf, page 2>
Package pdftex.def Info: aaai2015_grlp.pdf, page2 used on input line 44.
(pdftex.def)             Requested size: 614.58406pt x 795.3441pt.
File: aaai2015_grlp.pdf Graphic file (type pdf)

<use aaai2015_grlp.pdf, page 2>
Package pdftex.def Info: aaai2015_grlp.pdf, page2 used on input line 44.
(pdftex.def)             Requested size: 614.58406pt x 795.3441pt.
 [31 <./aaai2015_grlp.pdf>]
<aaai2015_grlp.pdf, id=513, page=3, 614.295pt x 794.97pt>
File: aaai2015_grlp.pdf Graphic file (type pdf)

<use aaai2015_grlp.pdf, page 3>
Package pdftex.def Info: aaai2015_grlp.pdf, page3 used on input line 44.
(pdftex.def)             Requested size: 614.58406pt x 795.3441pt.
File: aaai2015_grlp.pdf Graphic file (type pdf)
 <use aaai2015_grlp.pdf, page 3>
Package pdftex.def Info: aaai2015_grlp.pdf, page3 used on input line 44.
(pdftex.def)             Requested size: 614.58406pt x 795.3441pt.
File: aaai2015_grlp.pdf Graphic file (type pdf)

<use aaai2015_grlp.pdf, page 3>
Package pdftex.def Info: aaai2015_grlp.pdf, page3 used on input line 44.
(pdftex.def)             Requested size: 614.58406pt x 795.3441pt.
 [32 <./aaai2015_grlp.pdf>]
<aaai2015_grlp.pdf, id=542, page=4, 614.295pt x 794.97pt>
File: aaai2015_grlp.pdf Graphic file (type pdf)

<use aaai2015_grlp.pdf, page 4>
Package pdftex.def Info: aaai2015_grlp.pdf, page4 used on input line 44.
(pdftex.def)             Requested size: 614.58406pt x 795.3441pt.
File: aaai2015_grlp.pdf Graphic file (type pdf)
 <use aaai2015_grlp.pdf, page 4>
Package pdftex.def Info: aaai2015_grlp.pdf, page4 used on input line 44.
(pdftex.def)             Requested size: 614.58406pt x 795.3441pt.
File: aaai2015_grlp.pdf Graphic file (type pdf)

<use aaai2015_grlp.pdf, page 4>
Package pdftex.def Info: aaai2015_grlp.pdf, page4 used on input line 44.
(pdftex.def)             Requested size: 614.58406pt x 795.3441pt.
 [33 <./aaai2015_grlp.pdf>]
<aaai2015_grlp.pdf, id=549, page=5, 614.295pt x 794.97pt>
File: aaai2015_grlp.pdf Graphic file (type pdf)

<use aaai2015_grlp.pdf, page 5>
Package pdftex.def Info: aaai2015_grlp.pdf, page5 used on input line 44.
(pdftex.def)             Requested size: 614.58406pt x 795.3441pt.
File: aaai2015_grlp.pdf Graphic file (type pdf)
 <use aaai2015_grlp.pdf, page 5>
Package pdftex.def Info: aaai2015_grlp.pdf, page5 used on input line 44.
(pdftex.def)             Requested size: 614.58406pt x 795.3441pt.
File: aaai2015_grlp.pdf Graphic file (type pdf)

<use aaai2015_grlp.pdf, page 5>
Package pdftex.def Info: aaai2015_grlp.pdf, page5 used on input line 44.
(pdftex.def)             Requested size: 614.58406pt x 795.3441pt.
 [34 <./aaai2015_grlp.pdf>]
<aaai2015_grlp.pdf, id=558, page=6, 614.295pt x 794.97pt>
File: aaai2015_grlp.pdf Graphic file (type pdf)

<use aaai2015_grlp.pdf, page 6>
Package pdftex.def Info: aaai2015_grlp.pdf, page6 used on input line 44.
(pdftex.def)             Requested size: 614.58406pt x 795.3441pt.
File: aaai2015_grlp.pdf Graphic file (type pdf)
 <use aaai2015_grlp.pdf, page 6>
Package pdftex.def Info: aaai2015_grlp.pdf, page6 used on input line 44.
(pdftex.def)             Requested size: 614.58406pt x 795.3441pt.
File: aaai2015_grlp.pdf Graphic file (type pdf)

<use aaai2015_grlp.pdf, page 6>
Package pdftex.def Info: aaai2015_grlp.pdf, page6 used on input line 44.
(pdftex.def)             Requested size: 614.58406pt x 795.3441pt.
 [35 <./aaai2015_grlp.pdf>]
<aaai2015_grlp.pdf, id=574, page=7, 614.295pt x 794.97pt>
File: aaai2015_grlp.pdf Graphic file (type pdf)

<use aaai2015_grlp.pdf, page 7>
Package pdftex.def Info: aaai2015_grlp.pdf, page7 used on input line 44.
(pdftex.def)             Requested size: 614.58406pt x 795.3441pt.
File: aaai2015_grlp.pdf Graphic file (type pdf)
 <use aaai2015_grlp.pdf, page 7>
Package pdftex.def Info: aaai2015_grlp.pdf, page7 used on input line 44.
(pdftex.def)             Requested size: 614.58406pt x 795.3441pt.
File: aaai2015_grlp.pdf Graphic file (type pdf)

<use aaai2015_grlp.pdf, page 7>
Package pdftex.def Info: aaai2015_grlp.pdf, page7 used on input line 44.
(pdftex.def)             Requested size: 614.58406pt x 795.3441pt.
 [36 <./aaai2015_grlp.pdf>]
<minplfa.pdf, id=578, 614.295pt x 794.97pt>
File: minplfa.pdf Graphic file (type pdf)
 <use minplfa.pdf>
Package pdftex.def Info: minplfa.pdf used on input line 45.
(pdftex.def)             Requested size: 614.29349pt x 794.96806pt.
File: minplfa.pdf Graphic file (type pdf)

<use minplfa.pdf>
Package pdftex.def Info: minplfa.pdf used on input line 45.
(pdftex.def)             Requested size: 614.29349pt x 794.96806pt.
 <minplfa.pdf, id=581, page=1, 614.295pt x 794.97pt>
File: minplfa.pdf Graphic file (type pdf)

<use minplfa.pdf, page 1>
Package pdftex.def Info: minplfa.pdf, page1 used on input line 45.
(pdftex.def)             Requested size: 614.29349pt x 794.96806pt.
File: minplfa.pdf Graphic file (type pdf)
 <use minplfa.pdf, page 1>
Package pdftex.def Info: minplfa.pdf, page1 used on input line 45.
(pdftex.def)             Requested size: 614.58406pt x 795.3441pt.
File: minplfa.pdf Graphic file (type pdf)
 <use minplfa.pdf, page 1>
Package pdftex.def Info: minplfa.pdf, page1 used on input line 45.
(pdftex.def)             Requested size: 614.58406pt x 795.3441pt.
File: minplfa.pdf Graphic file (type pdf)

<use minplfa.pdf, page 1>
Package pdftex.def Info: minplfa.pdf, page1 used on input line 45.
(pdftex.def)             Requested size: 614.58406pt x 795.3441pt.
File: minplfa.pdf Graphic file (type pdf)
 <use minplfa.pdf, page 1>
Package pdftex.def Info: minplfa.pdf, page1 used on input line 45.
(pdftex.def)             Requested size: 614.58406pt x 795.3441pt.
 [37 <./minplfa.pdf>]
<minplfa.pdf, id=654, page=2, 614.295pt x 794.97pt>
File: minplfa.pdf Graphic file (type pdf)
 <use minplfa.pdf, page 2>
Package pdftex.def Info: minplfa.pdf, page2 used on input line 45.
(pdftex.def)             Requested size: 614.58406pt x 795.3441pt.
File: minplfa.pdf Graphic file (type pdf)

<use minplfa.pdf, page 2>
Package pdftex.def Info: minplfa.pdf, page2 used on input line 45.
(pdftex.def)             Requested size: 614.58406pt x 795.3441pt.
File: minplfa.pdf Graphic file (type pdf)
 <use minplfa.pdf, page 2>
Package pdftex.def Info: minplfa.pdf, page2 used on input line 45.
(pdftex.def)             Requested size: 614.58406pt x 795.3441pt.
 [38 <./minplfa.pdf>]
<minplfa.pdf, id=664, page=3, 614.295pt x 794.97pt>
File: minplfa.pdf Graphic file (type pdf)
 <use minplfa.pdf, page 3>
Package pdftex.def Info: minplfa.pdf, page3 used on input line 45.
(pdftex.def)             Requested size: 614.58406pt x 795.3441pt.
File: minplfa.pdf Graphic file (type pdf)

<use minplfa.pdf, page 3>
Package pdftex.def Info: minplfa.pdf, page3 used on input line 45.
(pdftex.def)             Requested size: 614.58406pt x 795.3441pt.
File: minplfa.pdf Graphic file (type pdf)
 <use minplfa.pdf, page 3>
Package pdftex.def Info: minplfa.pdf, page3 used on input line 45.
(pdftex.def)             Requested size: 614.58406pt x 795.3441pt.
 [39 <./minplfa.pdf>]
<minplfa.pdf, id=668, page=4, 614.295pt x 794.97pt>
File: minplfa.pdf Graphic file (type pdf)
 <use minplfa.pdf, page 4>
Package pdftex.def Info: minplfa.pdf, page4 used on input line 45.
(pdftex.def)             Requested size: 614.58406pt x 795.3441pt.
File: minplfa.pdf Graphic file (type pdf)

<use minplfa.pdf, page 4>
Package pdftex.def Info: minplfa.pdf, page4 used on input line 45.
(pdftex.def)             Requested size: 614.58406pt x 795.3441pt.
File: minplfa.pdf Graphic file (type pdf)
 <use minplfa.pdf, page 4>
Package pdftex.def Info: minplfa.pdf, page4 used on input line 45.
(pdftex.def)             Requested size: 614.58406pt x 795.3441pt.
 [40 <./minplfa.pdf>]
<minplfa.pdf, id=675, page=5, 614.295pt x 794.97pt>
File: minplfa.pdf Graphic file (type pdf)
 <use minplfa.pdf, page 5>
Package pdftex.def Info: minplfa.pdf, page5 used on input line 45.
(pdftex.def)             Requested size: 614.58406pt x 795.3441pt.
File: minplfa.pdf Graphic file (type pdf)

<use minplfa.pdf, page 5>
Package pdftex.def Info: minplfa.pdf, page5 used on input line 45.
(pdftex.def)             Requested size: 614.58406pt x 795.3441pt.
File: minplfa.pdf Graphic file (type pdf)
 <use minplfa.pdf, page 5>
Package pdftex.def Info: minplfa.pdf, page5 used on input line 45.
(pdftex.def)             Requested size: 614.58406pt x 795.3441pt.
 [41 <./minplfa.pdf>]
<minplfa.pdf, id=679, page=6, 614.295pt x 794.97pt>
File: minplfa.pdf Graphic file (type pdf)
 <use minplfa.pdf, page 6>
Package pdftex.def Info: minplfa.pdf, page6 used on input line 45.
(pdftex.def)             Requested size: 614.58406pt x 795.3441pt.
File: minplfa.pdf Graphic file (type pdf)

<use minplfa.pdf, page 6>
Package pdftex.def Info: minplfa.pdf, page6 used on input line 45.
(pdftex.def)             Requested size: 614.58406pt x 795.3441pt.
File: minplfa.pdf Graphic file (type pdf)
 <use minplfa.pdf, page 6>
Package pdftex.def Info: minplfa.pdf, page6 used on input line 45.
(pdftex.def)             Requested size: 614.58406pt x 795.3441pt.
 [42 <./minplfa.pdf>]
(./iitdharwad.aux) ) 
Here is how much of TeX's memory you used:
 30181 strings out of 493304
 676607 string characters out of 6139871
 898504 words of memory out of 5000000
 32804 multiletter control sequences out of 15000+600000
 8291 words of font info for 39 fonts, out of 8000000 for 9000
 957 hyphenation exceptions out of 8191
 58i,18n,81p,3262b,609s stack positions out of 5000i,500n,10000p,200000b,80000s
</usr/share/texlive/texmf-dist/fonts/type1/public/amsfonts/
cm/cmbx10.pfb></usr/share/texlive/texmf-dist/fonts/type1/public/amsfonts/cm/cmb
x12.pfb></usr/share/texlive/texmf-dist/fonts/type1/public/amsfonts/cm/cmbx6.pfb
></usr/share/texlive/texmf-dist/fonts/type1/public/amsfonts/cm/cmbx7.pfb></usr/
share/texlive/texmf-dist/fonts/type1/public/amsfonts/cm/cmbx9.pfb></usr/share/t
exlive/texmf-dist/fonts/type1/public/amsfonts/cm/cmex10.pfb></usr/share/texlive
/texmf-dist/fonts/type1/public/amsfonts/cmextra/cmex9.pfb></usr/share/texlive/t
exmf-dist/fonts/type1/public/amsfonts/cm/cmmi10.pfb></usr/share/texlive/texmf-d
ist/fonts/type1/public/amsfonts/cm/cmmi12.pfb></usr/share/texlive/texmf-dist/fo
nts/type1/public/amsfonts/cm/cmmi5.pfb></usr/share/texlive/texmf-dist/fonts/typ
e1/public/amsfonts/cm/cmmi6.pfb></usr/share/texlive/texmf-dist/fonts/type1/publ
ic/amsfonts/cm/cmmi7.pfb></usr/share/texlive/texmf-dist/fonts/type1/public/amsf
onts/cm/cmmi8.pfb></usr/share/texlive/texmf-dist/fonts/type1/public/amsfonts/cm
/cmmi9.pfb></usr/share/texlive/texmf-dist/fonts/type1/public/amsfonts/cm/cmr10.
pfb></usr/share/texlive/texmf-dist/fonts/type1/public/amsfonts/cm/cmr12.pfb></u
sr/share/texlive/texmf-dist/fonts/type1/public/amsfonts/cm/cmr17.pfb></usr/shar
e/texlive/texmf-dist/fonts/type1/public/amsfonts/cm/cmr5.pfb></usr/share/texliv
e/texmf-dist/fonts/type1/public/amsfonts/cm/cmr6.pfb></usr/share/texlive/texmf-
dist/fonts/type1/public/amsfonts/cm/cmr7.pfb></usr/share/texlive/texmf-dist/fon
ts/type1/public/amsfonts/cm/cmr8.pfb></usr/share/texlive/texmf-dist/fonts/type1
/public/amsfonts/cm/cmr9.pfb></usr/share/texlive/texmf-dist/fonts/type1/public/
amsfonts/cm/cmsy10.pfb></usr/share/texlive/texmf-dist/fonts/type1/public/amsfon
ts/cm/cmsy5.pfb></usr/share/texlive/texmf-dist/fonts/type1/public/amsfonts/cm/c
msy6.pfb></usr/share/texlive/texmf-dist/fonts/type1/public/amsfonts/cm/cmsy7.pf
b></usr/share/texlive/texmf-dist/fonts/type1/public/amsfonts/cm/cmsy8.pfb></usr
/share/texlive/texmf-dist/fonts/type1/public/amsfonts/cm/cmsy9.pfb></usr/share/
texlive/texmf-dist/fonts/type1/public/amsfonts/cm/cmti10.pfb></usr/share/texliv
e/texmf-dist/fonts/type1/urw/courier/ucrr8a.pfb></usr/share/texlive/texmf-dist/
fonts/type1/urw/times/utmb8a.pfb></usr/share/texlive/texmf-dist/fonts/type1/urw
/times/utmbi8a.pfb></usr/share/texlive/texmf-dist/fonts/type1/urw/times/utmr8a.
pfb></usr/share/texlive/texmf-dist/fonts/type1/urw/times/utmr8a.pfb></usr/share
/texlive/texmf-dist/fonts/type1/urw/times/utmri8a.pfb></usr/share/texlive/texmf
-dist/fonts/type1/urw/zapfding/uzdr.pfb>
Output written on iitdharwad.pdf (42 pages, 4562960 bytes).
PDF statistics:
 734 PDF objects out of 1000 (max. 8388607)
 523 compressed objects within 6 object streams
 0 named destinations out of 1000 (max. 500000)
 509 words of extra memory for PDF output out of 10000 (max. 10000000)

