This is pdfTeX, Version 3.14159265-2.6-1.40.17 (TeX Live 2016) (preloaded format=pdflatex 2016.5.22)  25 FEB 2017 12:17
entering extended mode
 restricted \write18 enabled.
 %&-line parsing enabled.
**iitpkd
(./iitpkd.tex
LaTeX2e <2016/03/31>
Babel <3.9r> and hyphenation patterns for 83 language(s) loaded.
(/usr/local/texlive/2016/texmf-dist/tex/latex/base/article.cls
Document Class: article 2014/09/29 v1.4h Standard LaTeX document class
(/usr/local/texlive/2016/texmf-dist/tex/latex/base/size10.clo
File: size10.clo 2014/09/29 v1.4h Standard LaTeX file (size option)
)
\c@part=\count79
\c@section=\count80
\c@subsection=\count81
\c@subsubsection=\count82
\c@paragraph=\count83
\c@subparagraph=\count84
\c@figure=\count85
\c@table=\count86
\abovecaptionskip=\skip41
\belowcaptionskip=\skip42
\bibindent=\dimen102
) (./pack.tex
(/usr/local/texlive/2016/texmf-dist/tex/latex/etex-pkg/etex.sty
Package: etex 2016/01/11 v2.6 eTeX basic definition package (PEB,DPC)
\et@xins=\count87
)
(/usr/local/texlive/2016/texmf-dist/tex/latex/psnfss/helvet.sty
Package: helvet 2005/04/12 PSNFSS-v9.2a (WaS) 

(/usr/local/texlive/2016/texmf-dist/tex/latex/graphics/keyval.sty
Package: keyval 2014/10/28 v1.15 key=value parser (DPC)
\KV@toks@=\toks14
))
(/usr/local/texlive/2016/texmf-dist/tex/latex/psnfss/courier.sty
Package: courier 2005/04/12 PSNFSS-v9.2a (WaS) 
)
(/usr/local/texlive/2016/texmf-dist/tex/latex/paralist/paralist.sty
Package: paralist 2015/12/30 v2.5 Extended list environments
\pltopsep=\skip43
\plpartopsep=\skip44
\plitemsep=\skip45
\plparsep=\skip46
\pl@lab=\toks15
)
(/usr/local/texlive/2016/texmf-dist/tex/latex/base/latexsym.sty
Package: latexsym 1998/08/17 v2.2e Standard LaTeX package (lasy symbols)
\symlasy=\mathgroup4
LaTeX Font Info:    Overwriting symbol font `lasy' in version `bold'
(Font)                  U/lasy/m/n --> U/lasy/b/n on input line 52.
)
(/usr/local/texlive/2016/texmf-dist/tex/latex/url/url.sty
\Urlmuskip=\muskip10
Package: url 2013/09/16  ver 3.4  Verb mode for urls, etc.
)
(/usr/local/texlive/2016/texmf-dist/tex/generic/xypic/xy.sty
(/usr/local/texlive/2016/texmf-dist/tex/generic/xypic/xy.tex Bootstrap'ing:
catcodes, docmode,
(/usr/local/texlive/2016/texmf-dist/tex/generic/xypic/xyrecat.tex)
(/usr/local/texlive/2016/texmf-dist/tex/generic/xypic/xyidioms.tex)

 Xy-pic version 3.8.9 <2013/10/06>
 Copyright (c) 1991-2013 by Kristoffer H. Rose <krisrose@tug.org> and others
 Xy-pic is free software: see the User's Guide for details.

Loading kernel: messages; fonts; allocations: state,
\X@c=\dimen103
\Y@c=\dimen104
\U@c=\dimen105
\D@c=\dimen106
\L@c=\dimen107
\R@c=\dimen108
\Edge@c=\toks16
\X@p=\dimen109
\Y@p=\dimen110
\U@p=\dimen111
\D@p=\dimen112
\L@p=\dimen113
\R@p=\dimen114
\Edge@p=\toks17
\X@origin=\dimen115
\Y@origin=\dimen116
\X@xbase=\dimen117
\Y@xbase=\dimen118
\X@ybase=\dimen119
\Y@ybase=\dimen120
\X@min=\dimen121
\Y@min=\dimen122
\X@max=\dimen123
\Y@max=\dimen124
\lastobjectbox@=\box26
\zerodotbox@=\box27
\almostz@=\dimen125
 direction,
\d@X=\dimen126
\d@Y=\dimen127
\K@=\count88
\KK@=\count89
\Direction=\count90
\K@dXdY=\dimen128
\K@dYdX=\dimen129
\xyread@=\read1
\xywrite@=\write3
\csp@=\count91
\quotPTK@=\dimen130

utility macros; pictures: \xy, positions,
\swaptoks@@=\toks18
\connectobjectbox@@=\box28
 objects,
\styletoks@=\toks19
 decorations;
kernel objects: directionals, circles, text; options; algorithms: directions,
edges, connections;  Xy-pic loaded)
(/usr/local/texlive/2016/texmf-dist/tex/generic/oberdiek/ifpdf.sty
Package: ifpdf 2016/05/14 v3.1 Provides the ifpdf switch
)
Package: xy 2013/10/06 Xy-pic version 3.8.9

(/usr/local/texlive/2016/texmf-dist/tex/generic/xypic/xyall.tex
 Xy-pic option: All features v.3.8
(/usr/local/texlive/2016/texmf-dist/tex/generic/xypic/xycurve.tex
 Xy-pic option: Curve and Spline extension v.3.12 curve,
\crv@cnt@=\count92
\crvpts@=\toks20
\splinebox@=\box29
\splineval@=\dimen131
\splinedepth@=\dimen132
\splinetol@=\dimen133
\splinelength@=\dimen134
 circles,
\L@=\dimen135
 loaded)
(/usr/local/texlive/2016/texmf-dist/tex/generic/xypic/xyframe.tex
 Xy-pic option: Frame and Bracket extension v.3.14 loaded)
(/usr/local/texlive/2016/texmf-dist/tex/generic/xypic/xycmtip.tex
 Xy-pic option: Computer Modern tip extension v.3.7
(/usr/local/texlive/2016/texmf-dist/tex/generic/xypic/xytips.tex
 Xy-pic option: More Tips extension v.3.11 loaded) loaded)
(/usr/local/texlive/2016/texmf-dist/tex/generic/xypic/xyline.tex
 Xy-pic option: Line styles extension v.3.10
\xylinethick@=\dimen136
 loaded)
(/usr/local/texlive/2016/texmf-dist/tex/generic/xypic/xyrotate.tex
 Xy-pic option: Rotate and Scale extension v.3.8 loaded)
(/usr/local/texlive/2016/texmf-dist/tex/generic/xypic/xycolor.tex
 Xy-pic option: Colour extension v.3.11 loaded)
(/usr/local/texlive/2016/texmf-dist/tex/generic/xypic/xymatrix.tex
 Xy-pic option: Matrix feature v.3.14
\Row=\count93
\Col=\count94
\queue@=\toks21
\queue@@=\toks22
\qcount@=\count95
\qcount@@=\count96
\matrixsize@=\count97
 loaded)
(/usr/local/texlive/2016/texmf-dist/tex/generic/xypic/xyarrow.tex
 Xy-pic option: Arrow and Path feature v.3.9 path, \ar, loaded)
(/usr/local/texlive/2016/texmf-dist/tex/generic/xypic/xygraph.tex
 Xy-pic option: Graph feature v.3.11 loaded) loaded)
(/usr/local/texlive/2016/texmf-dist/tex/generic/xypic/xypdf.tex
 Xy-pic option: PDF driver v.1.7 Xy-pic pdf driver: `color' extension support
(/usr/local/texlive/2016/texmf-dist/tex/generic/xypic/xypdf-co.tex loaded)
Xy-pic pdf driver: `curve' extension support
(/usr/local/texlive/2016/texmf-dist/tex/generic/xypic/xypdf-cu.tex loaded)
Xy-pic pdf driver: `frame' extension support
(/usr/local/texlive/2016/texmf-dist/tex/generic/xypic/xypdf-fr.tex loaded)
Xy-pic pdf driver: `line' extension support
(/usr/local/texlive/2016/texmf-dist/tex/generic/xypic/xypdf-li.tex loaded)
Xy-pic pdf driver: `rotate' extension support
(/usr/local/texlive/2016/texmf-dist/tex/generic/xypic/xypdf-ro.tex loaded)
loaded)) (/usr/local/texlive/2016/texmf-dist/tex/latex/ncctools/nccmath.sty
Package: nccmath 2005/02/21 v1.2 Additional Math Commands (NCC)

(/usr/local/texlive/2016/texmf-dist/tex/latex/amsmath/amsmath.sty
Package: amsmath 2016/03/10 v2.15b AMS math features
\@mathmargin=\skip47

For additional information on amsmath, use the `?' option.
(/usr/local/texlive/2016/texmf-dist/tex/latex/amsmath/amstext.sty
Package: amstext 2000/06/29 v2.01 AMS text

(/usr/local/texlive/2016/texmf-dist/tex/latex/amsmath/amsgen.sty
File: amsgen.sty 1999/11/30 v2.0 generic functions
\@emptytoks=\toks23
\ex@=\dimen137
))
(/usr/local/texlive/2016/texmf-dist/tex/latex/amsmath/amsbsy.sty
Package: amsbsy 1999/11/29 v1.2d Bold Symbols
\pmbraise@=\dimen138
)
(/usr/local/texlive/2016/texmf-dist/tex/latex/amsmath/amsopn.sty
Package: amsopn 2016/03/08 v2.02 operator names
)
\inf@bad=\count98
LaTeX Info: Redefining \frac on input line 199.
\uproot@=\count99
\leftroot@=\count100
LaTeX Info: Redefining \overline on input line 297.
\classnum@=\count101
\DOTSCASE@=\count102
LaTeX Info: Redefining \ldots on input line 394.
LaTeX Info: Redefining \dots on input line 397.
LaTeX Info: Redefining \cdots on input line 518.
\Mathstrutbox@=\box30
\strutbox@=\box31
\big@size=\dimen139
LaTeX Font Info:    Redeclaring font encoding OML on input line 634.
LaTeX Font Info:    Redeclaring font encoding OMS on input line 635.
\macc@depth=\count103
\c@MaxMatrixCols=\count104
\dotsspace@=\muskip11
\c@parentequation=\count105
\dspbrk@lvl=\count106
\tag@help=\toks24
\row@=\count107
\column@=\count108
\maxfields@=\count109
\andhelp@=\toks25
\eqnshift@=\dimen140
\alignsep@=\dimen141
\tagshift@=\dimen142
\tagwidth@=\dimen143
\totwidth@=\dimen144
\lineht@=\dimen145
\@envbody=\toks26
\multlinegap=\skip48
\multlinetaggap=\skip49
\mathdisplay@stack=\toks27
LaTeX Info: Redefining \[ on input line 2739.
LaTeX Info: Redefining \] on input line 2740.
)
\NCC@fracrulewidth=\dimen146
)
(/usr/local/texlive/2016/texmf-dist/tex/latex/comment/comment.sty
\CommentStream=\write4

Excluding comment 'comment')
(/usr/local/texlive/2016/texmf-dist/tex/latex/xcolor/xcolor.sty
Package: xcolor 2016/05/11 v2.12 LaTeX color extensions (UK)

(/usr/local/texlive/2016/texmf-dist/tex/latex/graphics-cfg/color.cfg
File: color.cfg 2016/01/02 v1.6 sample color configuration
)
Package xcolor Info: Driver file: pdftex.def on input line 225.

(/usr/local/texlive/2016/texmf-dist/tex/latex/pdftex-def/pdftex.def
File: pdftex.def 2011/05/27 v0.06d Graphics/color for pdfTeX

(/usr/local/texlive/2016/texmf-dist/tex/generic/oberdiek/infwarerr.sty
Package: infwarerr 2016/05/16 v1.4 Providing info/warning/error messages (HO)
)
(/usr/local/texlive/2016/texmf-dist/tex/generic/oberdiek/ltxcmds.sty
Package: ltxcmds 2016/05/16 v1.23 LaTeX kernel commands for general use (HO)
)
\Gread@gobject=\count110
)
Package xcolor Info: Model `cmy' substituted by `cmy0' on input line 1348.
Package xcolor Info: Model `hsb' substituted by `rgb' on input line 1352.
Package xcolor Info: Model `RGB' extended on input line 1364.
Package xcolor Info: Model `HTML' substituted by `rgb' on input line 1366.
Package xcolor Info: Model `Hsb' substituted by `hsb' on input line 1367.
Package xcolor Info: Model `tHsb' substituted by `hsb' on input line 1368.
Package xcolor Info: Model `HSB' substituted by `hsb' on input line 1369.
Package xcolor Info: Model `Gray' substituted by `gray' on input line 1370.
Package xcolor Info: Model `wave' substituted by `hsb' on input line 1371.

(/usr/local/texlive/2016/texmf-dist/tex/latex/graphics/dvipsnam.def
File: dvipsnam.def 2015/12/30 v3.0k Driver-dependent file (DPC,SPQR)
))
(/usr/local/texlive/2016/texmf-dist/tex/latex/graphics/graphicx.sty
Package: graphicx 2014/10/28 v1.0g Enhanced LaTeX Graphics (DPC,SPQR)

(/usr/local/texlive/2016/texmf-dist/tex/latex/graphics/graphics.sty
Package: graphics 2016/05/09 v1.0r Standard LaTeX Graphics (DPC,SPQR)

(/usr/local/texlive/2016/texmf-dist/tex/latex/graphics/trig.sty
Package: trig 2016/01/03 v1.10 sin cos tan (DPC)
)
(/usr/local/texlive/2016/texmf-dist/tex/latex/graphics-cfg/graphics.cfg
File: graphics.cfg 2016/01/02 v1.10 sample graphics configuration
)
Package graphics Info: Driver file: pdftex.def on input line 96.
)
\Gin@req@height=\dimen147
\Gin@req@width=\dimen148
)
(/usr/local/texlive/2016/texmf-dist/tex/latex/psnfss/pifont.sty
Package: pifont 2005/04/12 PSNFSS-v9.2a Pi font support (SPQR) 
LaTeX Font Info:    Try loading font information for U+pzd on input line 63.

(/usr/local/texlive/2016/texmf-dist/tex/latex/psnfss/upzd.fd
File: upzd.fd 2001/06/04 font definitions for U/pzd.
)
LaTeX Font Info:    Try loading font information for U+psy on input line 64.

(/usr/local/texlive/2016/texmf-dist/tex/latex/psnfss/upsy.fd
File: upsy.fd 2001/06/04 font definitions for U/psy.
))
(/usr/local/texlive/2016/texmf-dist/tex/latex/savesym/savesym.sty
Package: savesym 2013/09/02 v1.2 Saves and restores symbols (JG)
)
(/usr/local/texlive/2016/texmf-dist/tex/latex/tools/xspace.sty
Package: xspace 2014/10/28 v1.13 Space after command names (DPC,MH)
)
(/usr/local/texlive/2016/texmf-dist/tex/latex/natbib/natbib.sty
Package: natbib 2010/09/13 8.31b (PWD, AO)
\bibhang=\skip50
\bibsep=\skip51
LaTeX Info: Redefining \cite on input line 694.
\c@NAT@ctr=\count111
)
(/usr/local/texlive/2016/texmf-dist/tex/latex/algorithms/algorithm.sty
Package: algorithm 2009/08/24 v0.1 Document Style `algorithm' - floating enviro
nment

(/usr/local/texlive/2016/texmf-dist/tex/latex/float/float.sty
Package: float 2001/11/08 v1.3d Float enhancements (AL)
\c@float@type=\count112
\float@exts=\toks28
\float@box=\box32
\@float@everytoks=\toks29
\@floatcapt=\box33
)
(/usr/local/texlive/2016/texmf-dist/tex/latex/base/ifthen.sty
Package: ifthen 2014/09/29 v1.1c Standard LaTeX ifthen package (DPC)
)
\@float@every@algorithm=\toks30
\c@algorithm=\count113
)
(/usr/local/texlive/2016/texmf-dist/tex/latex/algorithms/algorithmic.sty
Package: algorithmic 2009/08/24 v0.1 Document Style `algorithmic'
\c@ALC@unique=\count114
\c@ALC@line=\count115
\c@ALC@rem=\count116
\c@ALC@depth=\count117
\ALC@tlm=\skip52
\algorithmicindent=\skip53
)
(/usr/local/texlive/2016/texmf-dist/tex/latex/pgf/frontendlayer/tikz.sty
(/usr/local/texlive/2016/texmf-dist/tex/latex/pgf/basiclayer/pgf.sty
(/usr/local/texlive/2016/texmf-dist/tex/latex/pgf/utilities/pgfrcs.sty
(/usr/local/texlive/2016/texmf-dist/tex/generic/pgf/utilities/pgfutil-common.te
x
\pgfutil@everybye=\toks31
\pgfutil@tempdima=\dimen149
\pgfutil@tempdimb=\dimen150

(/usr/local/texlive/2016/texmf-dist/tex/generic/pgf/utilities/pgfutil-common-li
sts.tex))
(/usr/local/texlive/2016/texmf-dist/tex/generic/pgf/utilities/pgfutil-latex.def
\pgfutil@abb=\box34
(/usr/local/texlive/2016/texmf-dist/tex/latex/ms/everyshi.sty
Package: everyshi 2001/05/15 v3.00 EveryShipout Package (MS)
))
(/usr/local/texlive/2016/texmf-dist/tex/generic/pgf/utilities/pgfrcs.code.tex
Package: pgfrcs 2015/08/07 v3.0.1a (rcs-revision 1.31)
))
Package: pgf 2015/08/07 v3.0.1a (rcs-revision 1.15)
(/usr/local/texlive/2016/texmf-dist/tex/latex/pgf/basiclayer/pgfcore.sty
(/usr/local/texlive/2016/texmf-dist/tex/latex/pgf/systemlayer/pgfsys.sty
(/usr/local/texlive/2016/texmf-dist/tex/generic/pgf/systemlayer/pgfsys.code.tex
Package: pgfsys 2014/07/09 v3.0.1a (rcs-revision 1.48)
(/usr/local/texlive/2016/texmf-dist/tex/generic/pgf/utilities/pgfkeys.code.tex
\pgfkeys@pathtoks=\toks32
\pgfkeys@temptoks=\toks33

(/usr/local/texlive/2016/texmf-dist/tex/generic/pgf/utilities/pgfkeysfiltered.c
ode.tex
\pgfkeys@tmptoks=\toks34
))
\pgf@x=\dimen151
\pgf@y=\dimen152
\pgf@xa=\dimen153
\pgf@ya=\dimen154
\pgf@xb=\dimen155
\pgf@yb=\dimen156
\pgf@xc=\dimen157
\pgf@yc=\dimen158
\w@pgf@writea=\write5
\r@pgf@reada=\read2
\c@pgf@counta=\count118
\c@pgf@countb=\count119
\c@pgf@countc=\count120
\c@pgf@countd=\count121
\t@pgf@toka=\toks35
\t@pgf@tokb=\toks36
\t@pgf@tokc=\toks37

(/usr/local/texlive/2016/texmf-dist/tex/generic/pgf/systemlayer/pgf.cfg
File: pgf.cfg 2008/05/14  (rcs-revision 1.7)
)
Driver file for pgf: pgfsys-pdftex.def

(/usr/local/texlive/2016/texmf-dist/tex/generic/pgf/systemlayer/pgfsys-pdftex.d
ef
File: pgfsys-pdftex.def 2014/10/11  (rcs-revision 1.35)

(/usr/local/texlive/2016/texmf-dist/tex/generic/pgf/systemlayer/pgfsys-common-p
df.def
File: pgfsys-common-pdf.def 2013/10/10  (rcs-revision 1.13)
)))
(/usr/local/texlive/2016/texmf-dist/tex/generic/pgf/systemlayer/pgfsyssoftpath.
code.tex
File: pgfsyssoftpath.code.tex 2013/09/09  (rcs-revision 1.9)
\pgfsyssoftpath@smallbuffer@items=\count122
\pgfsyssoftpath@bigbuffer@items=\count123
)
(/usr/local/texlive/2016/texmf-dist/tex/generic/pgf/systemlayer/pgfsysprotocol.
code.tex
File: pgfsysprotocol.code.tex 2006/10/16  (rcs-revision 1.4)
))
(/usr/local/texlive/2016/texmf-dist/tex/generic/pgf/basiclayer/pgfcore.code.tex
Package: pgfcore 2010/04/11 v3.0.1a (rcs-revision 1.7)
(/usr/local/texlive/2016/texmf-dist/tex/generic/pgf/math/pgfmath.code.tex
(/usr/local/texlive/2016/texmf-dist/tex/generic/pgf/math/pgfmathcalc.code.tex
(/usr/local/texlive/2016/texmf-dist/tex/generic/pgf/math/pgfmathutil.code.tex)
(/usr/local/texlive/2016/texmf-dist/tex/generic/pgf/math/pgfmathparser.code.tex
\pgfmath@dimen=\dimen159
\pgfmath@count=\count124
\pgfmath@box=\box35
\pgfmath@toks=\toks38
\pgfmath@stack@operand=\toks39
\pgfmath@stack@operation=\toks40
)
(/usr/local/texlive/2016/texmf-dist/tex/generic/pgf/math/pgfmathfunctions.code.
tex
(/usr/local/texlive/2016/texmf-dist/tex/generic/pgf/math/pgfmathfunctions.basic
.code.tex)
(/usr/local/texlive/2016/texmf-dist/tex/generic/pgf/math/pgfmathfunctions.trigo
nometric.code.tex)
(/usr/local/texlive/2016/texmf-dist/tex/generic/pgf/math/pgfmathfunctions.rando
m.code.tex)
(/usr/local/texlive/2016/texmf-dist/tex/generic/pgf/math/pgfmathfunctions.compa
rison.code.tex)
(/usr/local/texlive/2016/texmf-dist/tex/generic/pgf/math/pgfmathfunctions.base.
code.tex)
(/usr/local/texlive/2016/texmf-dist/tex/generic/pgf/math/pgfmathfunctions.round
.code.tex)
(/usr/local/texlive/2016/texmf-dist/tex/generic/pgf/math/pgfmathfunctions.misc.
code.tex)
(/usr/local/texlive/2016/texmf-dist/tex/generic/pgf/math/pgfmathfunctions.integ
erarithmetics.code.tex)))
(/usr/local/texlive/2016/texmf-dist/tex/generic/pgf/math/pgfmathfloat.code.tex
\c@pgfmathroundto@lastzeros=\count125
))
(/usr/local/texlive/2016/texmf-dist/tex/generic/pgf/basiclayer/pgfcorepoints.co
de.tex
File: pgfcorepoints.code.tex 2013/10/07  (rcs-revision 1.27)
\pgf@picminx=\dimen160
\pgf@picmaxx=\dimen161
\pgf@picminy=\dimen162
\pgf@picmaxy=\dimen163
\pgf@pathminx=\dimen164
\pgf@pathmaxx=\dimen165
\pgf@pathminy=\dimen166
\pgf@pathmaxy=\dimen167
\pgf@xx=\dimen168
\pgf@xy=\dimen169
\pgf@yx=\dimen170
\pgf@yy=\dimen171
\pgf@zx=\dimen172
\pgf@zy=\dimen173
)
(/usr/local/texlive/2016/texmf-dist/tex/generic/pgf/basiclayer/pgfcorepathconst
ruct.code.tex
File: pgfcorepathconstruct.code.tex 2013/10/07  (rcs-revision 1.29)
\pgf@path@lastx=\dimen174
\pgf@path@lasty=\dimen175
)
(/usr/local/texlive/2016/texmf-dist/tex/generic/pgf/basiclayer/pgfcorepathusage
.code.tex
File: pgfcorepathusage.code.tex 2014/11/02  (rcs-revision 1.24)
\pgf@shorten@end@additional=\dimen176
\pgf@shorten@start@additional=\dimen177
)
(/usr/local/texlive/2016/texmf-dist/tex/generic/pgf/basiclayer/pgfcorescopes.co
de.tex
File: pgfcorescopes.code.tex 2015/05/08  (rcs-revision 1.46)
\pgfpic=\box36
\pgf@hbox=\box37
\pgf@layerbox@main=\box38
\pgf@picture@serial@count=\count126
)
(/usr/local/texlive/2016/texmf-dist/tex/generic/pgf/basiclayer/pgfcoregraphicst
ate.code.tex
File: pgfcoregraphicstate.code.tex 2014/11/02  (rcs-revision 1.12)
\pgflinewidth=\dimen178
)
(/usr/local/texlive/2016/texmf-dist/tex/generic/pgf/basiclayer/pgfcoretransform
ations.code.tex
File: pgfcoretransformations.code.tex 2015/08/07  (rcs-revision 1.20)
\pgf@pt@x=\dimen179
\pgf@pt@y=\dimen180
\pgf@pt@temp=\dimen181
)
(/usr/local/texlive/2016/texmf-dist/tex/generic/pgf/basiclayer/pgfcorequick.cod
e.tex
File: pgfcorequick.code.tex 2008/10/09  (rcs-revision 1.3)
)
(/usr/local/texlive/2016/texmf-dist/tex/generic/pgf/basiclayer/pgfcoreobjects.c
ode.tex
File: pgfcoreobjects.code.tex 2006/10/11  (rcs-revision 1.2)
)
(/usr/local/texlive/2016/texmf-dist/tex/generic/pgf/basiclayer/pgfcorepathproce
ssing.code.tex
File: pgfcorepathprocessing.code.tex 2013/09/09  (rcs-revision 1.9)
)
(/usr/local/texlive/2016/texmf-dist/tex/generic/pgf/basiclayer/pgfcorearrows.co
de.tex
File: pgfcorearrows.code.tex 2015/05/14  (rcs-revision 1.43)
\pgfarrowsep=\dimen182
)
(/usr/local/texlive/2016/texmf-dist/tex/generic/pgf/basiclayer/pgfcoreshade.cod
e.tex
File: pgfcoreshade.code.tex 2013/07/15  (rcs-revision 1.15)
\pgf@max=\dimen183
\pgf@sys@shading@range@num=\count127
)
(/usr/local/texlive/2016/texmf-dist/tex/generic/pgf/basiclayer/pgfcoreimage.cod
e.tex
File: pgfcoreimage.code.tex 2013/07/15  (rcs-revision 1.18)

(/usr/local/texlive/2016/texmf-dist/tex/generic/pgf/basiclayer/pgfcoreexternal.
code.tex
File: pgfcoreexternal.code.tex 2014/07/09  (rcs-revision 1.21)
\pgfexternal@startupbox=\box39
))
(/usr/local/texlive/2016/texmf-dist/tex/generic/pgf/basiclayer/pgfcorelayers.co
de.tex
File: pgfcorelayers.code.tex 2013/07/18  (rcs-revision 1.7)
)
(/usr/local/texlive/2016/texmf-dist/tex/generic/pgf/basiclayer/pgfcoretranspare
ncy.code.tex
File: pgfcoretransparency.code.tex 2013/09/30  (rcs-revision 1.5)
)
(/usr/local/texlive/2016/texmf-dist/tex/generic/pgf/basiclayer/pgfcorepatterns.
code.tex
File: pgfcorepatterns.code.tex 2013/11/07  (rcs-revision 1.5)
)))
(/usr/local/texlive/2016/texmf-dist/tex/generic/pgf/modules/pgfmoduleshapes.cod
e.tex
File: pgfmoduleshapes.code.tex 2014/03/21  (rcs-revision 1.35)
\pgfnodeparttextbox=\box40
)
(/usr/local/texlive/2016/texmf-dist/tex/generic/pgf/modules/pgfmoduleplot.code.
tex
File: pgfmoduleplot.code.tex 2015/08/03  (rcs-revision 1.13)
)
(/usr/local/texlive/2016/texmf-dist/tex/latex/pgf/compatibility/pgfcomp-version
-0-65.sty
Package: pgfcomp-version-0-65 2007/07/03 v3.0.1a (rcs-revision 1.7)
\pgf@nodesepstart=\dimen184
\pgf@nodesepend=\dimen185
)
(/usr/local/texlive/2016/texmf-dist/tex/latex/pgf/compatibility/pgfcomp-version
-1-18.sty
Package: pgfcomp-version-1-18 2007/07/23 v3.0.1a (rcs-revision 1.1)
))
(/usr/local/texlive/2016/texmf-dist/tex/latex/pgf/utilities/pgffor.sty
(/usr/local/texlive/2016/texmf-dist/tex/latex/pgf/utilities/pgfkeys.sty
(/usr/local/texlive/2016/texmf-dist/tex/generic/pgf/utilities/pgfkeys.code.tex)
) (/usr/local/texlive/2016/texmf-dist/tex/latex/pgf/math/pgfmath.sty
(/usr/local/texlive/2016/texmf-dist/tex/generic/pgf/math/pgfmath.code.tex))
(/usr/local/texlive/2016/texmf-dist/tex/generic/pgf/utilities/pgffor.code.tex
Package: pgffor 2013/12/13 v3.0.1a (rcs-revision 1.25)

(/usr/local/texlive/2016/texmf-dist/tex/generic/pgf/math/pgfmath.code.tex)
\pgffor@iter=\dimen186
\pgffor@skip=\dimen187
\pgffor@stack=\toks41
\pgffor@toks=\toks42
))
(/usr/local/texlive/2016/texmf-dist/tex/generic/pgf/frontendlayer/tikz/tikz.cod
e.tex
Package: tikz 2015/08/07 v3.0.1a (rcs-revision 1.151)

(/usr/local/texlive/2016/texmf-dist/tex/generic/pgf/libraries/pgflibraryplothan
dlers.code.tex
File: pgflibraryplothandlers.code.tex 2013/08/31 v3.0.1a (rcs-revision 1.20)
\pgf@plot@mark@count=\count128
\pgfplotmarksize=\dimen188
)
\tikz@lastx=\dimen189
\tikz@lasty=\dimen190
\tikz@lastxsaved=\dimen191
\tikz@lastysaved=\dimen192
\tikzleveldistance=\dimen193
\tikzsiblingdistance=\dimen194
\tikz@figbox=\box41
\tikz@figbox@bg=\box42
\tikz@tempbox=\box43
\tikz@tempbox@bg=\box44
\tikztreelevel=\count129
\tikznumberofchildren=\count130
\tikznumberofcurrentchild=\count131
\tikz@fig@count=\count132

(/usr/local/texlive/2016/texmf-dist/tex/generic/pgf/modules/pgfmodulematrix.cod
e.tex
File: pgfmodulematrix.code.tex 2013/09/17  (rcs-revision 1.8)
\pgfmatrixcurrentrow=\count133
\pgfmatrixcurrentcolumn=\count134
\pgf@matrix@numberofcolumns=\count135
)
\tikz@expandcount=\count136

(/usr/local/texlive/2016/texmf-dist/tex/generic/pgf/frontendlayer/tikz/librarie
s/tikzlibrarytopaths.code.tex
File: tikzlibrarytopaths.code.tex 2008/06/17 v3.0.1a (rcs-revision 1.2)
)))
(/usr/local/texlive/2016/texmf-dist/tex/latex/pgfplots/pgfplots.sty
(/usr/local/texlive/2016/texmf-dist/tex/generic/pgfplots/pgfplots.revision.tex)
Package: pgfplots 2016/01/06 v1.13 Data Visualization (1.13)
(/usr/local/texlive/2016/texmf-dist/tex/generic/pgfplots/pgfplots.code.tex
(/usr/local/texlive/2016/texmf-dist/tex/generic/pgfplots/pgfplotscore.code.tex
\t@pgfplots@toka=\toks43
\t@pgfplots@tokb=\toks44
\t@pgfplots@tokc=\toks45
\pgfplots@tmpa=\dimen195
\c@pgfplots@coordindex=\count137
\c@pgfplots@scanlineindex=\count138

(/usr/local/texlive/2016/texmf-dist/tex/generic/pgfplots/sys/pgfplotssysgeneric
.code.tex))
(/usr/local/texlive/2016/texmf-dist/tex/generic/pgfplots/libs/pgfplotslibrary.c
ode.tex)
(/usr/local/texlive/2016/texmf-dist/tex/generic/pgfplots/oldpgfcompatib/pgfplot
soldpgfsupp_loader.code.tex
(/usr/local/texlive/2016/texmf-dist/tex/generic/pgf/libraries/pgflibraryfpu.cod
e.tex)
Package pgfplots: loading complementary arithmetics for your pgf version...

(/usr/local/texlive/2016/texmf-dist/tex/generic/pgfplots/oldpgfcompatib/pgfplot
soldpgfsupp_pgflibraryfpu.code.tex)
(/usr/local/texlive/2016/texmf-dist/tex/generic/pgfplots/oldpgfcompatib/pgfplot
soldpgfsupp_pgfmathfloat.code.tex
\c@pgfmathroundto@lastzeros=\count139
))
(/usr/local/texlive/2016/texmf-dist/tex/generic/pgfplots/util/pgfplotsutil.code
.tex
(/usr/local/texlive/2016/texmf-dist/tex/generic/pgfplots/liststructure/pgfplots
liststructure.code.tex)
(/usr/local/texlive/2016/texmf-dist/tex/generic/pgfplots/liststructure/pgfplots
liststructureext.code.tex)
(/usr/local/texlive/2016/texmf-dist/tex/generic/pgfplots/liststructure/pgfplots
array.code.tex
\c@pgfplotsarray@tmp=\count140
)
(/usr/local/texlive/2016/texmf-dist/tex/generic/pgfplots/liststructure/pgfplots
matrix.code.tex)
(/usr/local/texlive/2016/texmf-dist/tex/generic/pgfplots/numtable/pgfplotstable
shared.code.tex
\c@pgfplotstable@counta=\count141
\t@pgfplotstable@a=\toks46
)
(/usr/local/texlive/2016/texmf-dist/tex/generic/pgfplots/liststructure/pgfplots
deque.code.tex)
(/usr/local/texlive/2016/texmf-dist/tex/generic/pgfplots/util/pgfplotsbinary.co
de.tex
(/usr/local/texlive/2016/texmf-dist/tex/generic/pgfplots/util/pgfplotsbinary.da
ta.code.tex))
(/usr/local/texlive/2016/texmf-dist/tex/generic/pgfplots/util/pgfplotsutil.verb
.code.tex)
(/usr/local/texlive/2016/texmf-dist/tex/generic/pgfplots/libs/pgflibrarypgfplot
s.surfshading.code.tex
\c@pgfplotslibrarysurf@no=\count142

(/usr/local/texlive/2016/texmf-dist/tex/generic/pgfplots/sys/pgflibrarypgfplots
.surfshading.pgfsys-pdftex.def)))
(/usr/local/texlive/2016/texmf-dist/tex/generic/pgfplots/util/pgfplotscolormap.
code.tex
(/usr/local/texlive/2016/texmf-dist/tex/generic/pgfplots/util/pgfplotscolor.cod
e.tex))
(/usr/local/texlive/2016/texmf-dist/tex/generic/pgfplots/pgfplotsstackedplots.c
ode.tex)
(/usr/local/texlive/2016/texmf-dist/tex/generic/pgfplots/pgfplotsplothandlers.c
ode.tex
(/usr/local/texlive/2016/texmf-dist/tex/generic/pgfplots/pgfplotsmeshplothandle
r.code.tex
(/usr/local/texlive/2016/texmf-dist/tex/generic/pgfplots/pgfplotsmeshplotimage.
code.tex)))
(/usr/local/texlive/2016/texmf-dist/tex/generic/pgfplots/pgfplots.scaling.code.
tex)
(/usr/local/texlive/2016/texmf-dist/tex/generic/pgfplots/pgfplotscoordprocessin
g.code.tex)
(/usr/local/texlive/2016/texmf-dist/tex/generic/pgfplots/pgfplots.errorbars.cod
e.tex)
(/usr/local/texlive/2016/texmf-dist/tex/generic/pgfplots/pgfplots.markers.code.
tex)
(/usr/local/texlive/2016/texmf-dist/tex/generic/pgfplots/pgfplotsticks.code.tex
)
(/usr/local/texlive/2016/texmf-dist/tex/generic/pgfplots/pgfplots.paths.code.te
x)
(/usr/local/texlive/2016/texmf-dist/tex/generic/pgf/frontendlayer/tikz/librarie
s/tikzlibrarydecorations.code.tex
(/usr/local/texlive/2016/texmf-dist/tex/generic/pgf/modules/pgfmoduledecoration
s.code.tex
\pgfdecoratedcompleteddistance=\dimen196
\pgfdecoratedremainingdistance=\dimen197
\pgfdecoratedinputsegmentcompleteddistance=\dimen198
\pgfdecoratedinputsegmentremainingdistance=\dimen199
Normal \dimen register pool exhausted, switching to extended pool.
\pgf@decorate@distancetomove=\dimen256
\pgf@decorate@repeatstate=\count143
\pgfdecorationsegmentamplitude=\dimen257
\pgfdecorationsegmentlength=\dimen258
)
\tikz@lib@dec@box=\box45
)
(/usr/local/texlive/2016/texmf-dist/tex/generic/pgf/frontendlayer/tikz/librarie
s/tikzlibrarydecorations.pathmorphing.code.tex
(/usr/local/texlive/2016/texmf-dist/tex/generic/pgf/libraries/decorations/pgfli
brarydecorations.pathmorphing.code.tex))
(/usr/local/texlive/2016/texmf-dist/tex/generic/pgf/frontendlayer/tikz/librarie
s/tikzlibrarydecorations.pathreplacing.code.tex
(/usr/local/texlive/2016/texmf-dist/tex/generic/pgf/libraries/decorations/pgfli
brarydecorations.pathreplacing.code.tex))
\pgfplots@numplots=\count144
\pgfplots@xmin@reg=\dimen259
\pgfplots@xmax@reg=\dimen260
\pgfplots@ymin@reg=\dimen261
\pgfplots@ymax@reg=\dimen262
\pgfplots@zmin@reg=\dimen263
\pgfplots@zmax@reg=\dimen264
)
(/usr/local/texlive/2016/texmf-dist/tex/generic/pgf/frontendlayer/tikz/librarie
s/tikzlibraryplotmarks.code.tex
File: tikzlibraryplotmarks.code.tex 2008/01/09 v3.0.1a (rcs-revision 1.1)

(/usr/local/texlive/2016/texmf-dist/tex/generic/pgf/libraries/pgflibraryplotmar
ks.code.tex
File: pgflibraryplotmarks.code.tex 2015/08/03 v3.0.1a (rcs-revision 1.14)
)))
(/usr/local/texlive/2016/texmf-dist/tex/latex/placeins/placeins.sty
Package: placeins 2005/04/18  v 2.2
)
(/usr/local/texlive/2016/texmf-dist/tex/generic/pgfplots/libs/tikzlibrarypgfplo
ts.external.code.tex
(/usr/local/texlive/2016/texmf-dist/tex/latex/pgf/frontendlayer/libraries/tikzl
ibraryexternal.code.tex
(/usr/local/texlive/2016/texmf-dist/tex/generic/oberdiek/pdftexcmds.sty
Package: pdftexcmds 2016/05/10 v0.21 Utility functions of pdfTeX for LuaTeX (HO
)

(/usr/local/texlive/2016/texmf-dist/tex/generic/oberdiek/ifluatex.sty
Package: ifluatex 2016/05/16 v1.4 Provides the ifluatex switch (HO)
Package ifluatex Info: LuaTeX not detected.
)
Package pdftexcmds Info: LuaTeX not detected.
Package pdftexcmds Info: \pdf@primitive is available.
Package pdftexcmds Info: \pdf@ifprimitive is available.
Package pdftexcmds Info: \pdfdraftmode found.
)
(/usr/local/texlive/2016/texmf-dist/tex/generic/pgf/frontendlayer/tikz/librarie
s/tikzexternalshared.code.tex))
Package pgfplots external lib: loading complementary code for your PGF version.
..

(/usr/local/texlive/2016/texmf-dist/tex/generic/pgfplots/oldpgfcompatib/pgfplot
soldpgfsupp_pgfcoreexternal.code.tex
File: pgfcoreexternal.code.tex 2015/08/29  (rcs-revision 1.22)
\pgfexternal@startupbox=\box46
)
(/usr/local/texlive/2016/texmf-dist/tex/generic/pgfplots/oldpgfcompatib/pgfplot
soldpgfsupp_tikzlibraryexternal.code.tex
(/usr/local/texlive/2016/texmf-dist/tex/latex/oberdiek/atveryend.sty
Package: atveryend 2016/05/16 v1.9 Hooks at the very end of document (HO)
Package atveryend Info: \enddocument detected (standard20110627).
)
(/usr/local/texlive/2016/texmf-dist/tex/generic/pgfplots/oldpgfcompatib/pgfplot
soldpgfsupp_tikzexternalshared.code.tex)))
\openout5 = `iitpkd.auxlock'.


(/usr/local/texlive/2016/texmf-dist/tex/generic/pgf/frontendlayer/tikz/librarie
s/tikzlibraryintersections.code.tex
(/usr/local/texlive/2016/texmf-dist/tex/generic/pgf/libraries/pgflibraryinterse
ctions.code.tex
\pgf@intersect@solutions=\count145
))
(/usr/local/texlive/2016/texmf-dist/tex/generic/pgf/frontendlayer/tikz/librarie
s/tikzlibraryarrows.code.tex
File: tikzlibraryarrows.code.tex 2008/01/09 v3.0.1a (rcs-revision 1.1)

(/usr/local/texlive/2016/texmf-dist/tex/generic/pgf/libraries/pgflibraryarrows.
code.tex
File: pgflibraryarrows.code.tex 2013/09/23 v3.0.1a (rcs-revision 1.16)
\arrowsize=\dimen265
))
(/usr/local/texlive/2016/texmf-dist/tex/generic/pgf/frontendlayer/tikz/librarie
s/tikzlibrarycalc.code.tex
File: tikzlibrarycalc.code.tex 2013/07/15 v3.0.1a (rcs-revision 1.9)
)
(/usr/local/texlive/2016/texmf-dist/tex/generic/pgf/frontendlayer/tikz/librarie
s/tikzlibraryfit.code.tex
File: tikzlibraryfit.code.tex 2013/07/12 v3.0.1a (rcs-revision 1.5)
)
(/usr/local/texlive/2016/texmf-dist/tex/generic/pgf/frontendlayer/tikz/librarie
s/tikzlibrarypatterns.code.tex
File: tikzlibrarypatterns.code.tex 2008/01/15 v3.0.1a (rcs-revision 1.2)

(/usr/local/texlive/2016/texmf-dist/tex/generic/pgf/libraries/pgflibrarypattern
s.code.tex
File: pgflibrarypatterns.code.tex 2008/03/03 v3.0.1a (rcs-revision 1.13)
))
(/usr/local/texlive/2016/texmf-dist/tex/generic/pgf/frontendlayer/tikz/librarie
s/tikzlibraryshapes.geometric.code.tex
File: tikzlibraryshapes.geometric.code.tex 2008/01/09 v3.0.1a (rcs-revision 1.1
)

(/usr/local/texlive/2016/texmf-dist/tex/generic/pgf/libraries/shapes/pgflibrary
shapes.geometric.code.tex
File: pgflibraryshapes.geometric.code.tex 2008/06/26 v3.0.1a (rcs-revision 1.1)

))
(/usr/local/texlive/2016/texmf-dist/tex/generic/pgf/frontendlayer/tikz/librarie
s/tikzlibraryshapes.misc.code.tex
File: tikzlibraryshapes.misc.code.tex 2008/01/09 v3.0.1a (rcs-revision 1.1)

(/usr/local/texlive/2016/texmf-dist/tex/generic/pgf/libraries/shapes/pgflibrary
shapes.misc.code.tex
File: pgflibraryshapes.misc.code.tex 2013/07/18 v3.0.1a (rcs-revision 1.5)
))
(/usr/local/texlive/2016/texmf-dist/tex/generic/pgf/frontendlayer/tikz/librarie
s/tikzlibraryshapes.symbols.code.tex
File: tikzlibraryshapes.symbols.code.tex 2008/01/09 v3.0.1a (rcs-revision 1.1)

(/usr/local/texlive/2016/texmf-dist/tex/generic/pgf/libraries/shapes/pgflibrary
shapes.symbols.code.tex
File: pgflibraryshapes.symbols.code.tex 2013/09/11 v3.0.1a (rcs-revision 1.6)
))
(/usr/local/texlive/2016/texmf-dist/tex/generic/pgf/frontendlayer/tikz/librarie
s/tikzlibraryshapes.arrows.code.tex
File: tikzlibraryshapes.arrows.code.tex 2008/01/09 v3.0.1a (rcs-revision 1.1)

(/usr/local/texlive/2016/texmf-dist/tex/generic/pgf/libraries/shapes/pgflibrary
shapes.arrows.code.tex
File: pgflibraryshapes.arrows.code.tex 2008/06/26 v3.0.1a (rcs-revision 1.1)
))
(/usr/local/texlive/2016/texmf-dist/tex/generic/pgf/frontendlayer/tikz/librarie
s/tikzlibraryshapes.callouts.code.tex
(/usr/local/texlive/2016/texmf-dist/tex/generic/pgf/libraries/shapes/pgflibrary
shapes.callouts.code.tex))
(/usr/local/texlive/2016/texmf-dist/tex/generic/pgf/frontendlayer/tikz/librarie
s/tikzlibraryshapes.multipart.code.tex
File: tikzlibraryshapes.multipart.code.tex 2008/01/09 v3.0.1a (rcs-revision 1.1
)

(/usr/local/texlive/2016/texmf-dist/tex/generic/pgf/libraries/shapes/pgflibrary
shapes.multipart.code.tex
File: pgflibraryshapes.multipart.code.tex 2010/01/07 v3.0.1a (rcs-revision 1.2)

\pgfnodepartlowerbox=\box47
\pgfnodeparttwobox=\box48
\pgfnodepartthreebox=\box49
\pgfnodepartfourbox=\box50
\pgfnodeparttwentybox=\box51
\pgfnodepartnineteenbox=\box52
\pgfnodeparteighteenbox=\box53
\pgfnodepartseventeenbox=\box54
\pgfnodepartsixteenbox=\box55
\pgfnodepartfifteenbox=\box56
\pgfnodepartfourteenbox=\box57
\pgfnodepartthirteenbox=\box58
\pgfnodeparttwelvebox=\box59
\pgfnodepartelevenbox=\box60
\pgfnodeparttenbox=\box61
\pgfnodepartninebox=\box62
\pgfnodeparteightbox=\box63
\pgfnodepartsevenbox=\box64
\pgfnodepartsixbox=\box65
\pgfnodepartfivebox=\box66
))
(/usr/local/texlive/2016/texmf-dist/tex/generic/pgf/frontendlayer/tikz/librarie
s/tikzlibraryshapes.gates.logic.US.code.tex
File: tikzlibraryshapes.gates.logic.US.code.tex 2008/01/25 v3.0.1a (rcs-revisio
n 1.1)

(/usr/local/texlive/2016/texmf-dist/tex/generic/pgf/libraries/shapes/circuits/p
gflibraryshapes.gates.logic.US.code.tex
(/usr/local/texlive/2016/texmf-dist/tex/generic/pgf/libraries/shapes/circuits/p
gflibraryshapes.gates.logic.code.tex)))
(/usr/local/texlive/2016/texmf-dist/tex/generic/pgf/frontendlayer/tikz/librarie
s/tikzlibraryshapes.gates.logic.IEC.code.tex
File: tikzlibraryshapes.gates.logic.IEC.code.tex 2008/01/27 v3.0.1a (rcs-revisi
on 1.3)

(/usr/local/texlive/2016/texmf-dist/tex/generic/pgf/libraries/shapes/circuits/p
gflibraryshapes.gates.logic.IEC.code.tex))
(/usr/local/texlive/2016/texmf-dist/tex/generic/pgf/frontendlayer/tikz/librarie
s/tikzlibraryer.code.tex
File: tikzlibraryer.code.tex 2008/02/20 v3.0.1a (rcs-revision 1.2)
)
(/usr/local/texlive/2016/texmf-dist/tex/generic/pgf/frontendlayer/tikz/librarie
s/tikzlibraryautomata.code.tex
File: tikzlibraryautomata.code.tex 2008/07/14 v3.0.1a (rcs-revision 1.3)
)
(/usr/local/texlive/2016/texmf-dist/tex/generic/pgf/frontendlayer/tikz/librarie
s/tikzlibrarybackgrounds.code.tex
File: tikzlibrarybackgrounds.code.tex 2013/07/18 v3.0.1a (rcs-revision 1.3)
\pgf@layerbox@background=\box67
\pgf@layerboxsaved@background=\box68
)
(/usr/local/texlive/2016/texmf-dist/tex/generic/pgf/frontendlayer/tikz/librarie
s/tikzlibrarychains.code.tex
File: tikzlibrarychains.code.tex 2013/07/15 v3.0.1a (rcs-revision 1.6)

(/usr/local/texlive/2016/texmf-dist/tex/generic/pgf/frontendlayer/tikz/librarie
s/tikzlibrarypositioning.code.tex
File: tikzlibrarypositioning.code.tex 2008/10/06 v3.0.1a (rcs-revision 1.7)
))
(/usr/local/texlive/2016/texmf-dist/tex/generic/pgf/frontendlayer/tikz/librarie
s/tikzlibrarytrees.code.tex
File: tikzlibrarytrees.code.tex 2008/02/24 v3.0.1a (rcs-revision 1.2)
)
(/usr/local/texlive/2016/texmf-dist/tex/generic/pgf/frontendlayer/tikz/librarie
s/tikzlibrarypetri.code.tex
File: tikzlibrarypetri.code.tex 2013/07/17 v3.0.1a (rcs-revision 1.3)
)
(/usr/local/texlive/2016/texmf-dist/tex/generic/pgf/frontendlayer/tikz/librarie
s/tikzlibrarymindmap.code.tex
File: tikzlibrarymindmap.code.tex 2013/07/16 v3.0.1a (rcs-revision 1.10)
)
(/usr/local/texlive/2016/texmf-dist/tex/generic/pgf/frontendlayer/tikz/librarie
s/tikzlibrarymatrix.code.tex
File: tikzlibrarymatrix.code.tex 2013/07/12 v3.0.1a (rcs-revision 1.4)
)
(/usr/local/texlive/2016/texmf-dist/tex/generic/pgf/frontendlayer/tikz/librarie
s/tikzlibrarycalendar.code.tex
File: tikzlibrarycalendar.code.tex 2013/07/15 v3.0.1a (rcs-revision 1.3)

(/usr/local/texlive/2016/texmf-dist/tex/latex/pgf/utilities/pgfcalendar.sty
(/usr/local/texlive/2016/texmf-dist/tex/generic/pgf/utilities/pgfcalendar.code.
tex
File: pgfcalendar.code.tex 2007/07/23 v3.0.1a (rcs-revision 1.11)
\pgfcalendarcurrentjulian=\count146
)))
(/usr/local/texlive/2016/texmf-dist/tex/generic/pgf/frontendlayer/tikz/librarie
s/tikzlibraryfolding.code.tex
File: tikzlibraryfolding.code.tex 2015/08/03 v3.0.1a (rcs-revision 1.5)
\tikz@lib@fold@length=\dimen266
)
(/usr/local/texlive/2016/texmf-dist/tex/generic/pgf/frontendlayer/tikz/librarie
s/tikzlibraryfadings.code.tex
File: tikzlibraryfadings.code.tex 2009/11/15 v3.0.1a (rcs-revision 1.2)

(/usr/local/texlive/2016/texmf-dist/tex/generic/pgf/libraries/pgflibraryfadings
.code.tex
File: pgflibraryfadings.code.tex 2008/02/07 v3.0.1a (rcs-revision 1.3)
))
(/usr/local/texlive/2016/texmf-dist/tex/generic/pgf/frontendlayer/tikz/librarie
s/tikzlibrarythrough.code.tex
File: tikzlibrarythrough.code.tex 2008/02/03 v3.0.1a (rcs-revision 1.1)
)
(/usr/local/texlive/2016/texmf-dist/tex/generic/pgf/frontendlayer/tikz/librarie
s/tikzlibraryscopes.code.tex
File: tikzlibraryscopes.code.tex 2008/06/27 v3.0.1a (rcs-revision 1.2)
)
(/usr/local/texlive/2016/texmf-dist/tex/generic/pgf/frontendlayer/tikz/librarie
s/tikzlibrarydecorations.fractals.code.tex
(/usr/local/texlive/2016/texmf-dist/tex/generic/pgf/libraries/decorations/pgfli
brarydecorations.fractals.code.tex))
(/usr/local/texlive/2016/texmf-dist/tex/generic/pgf/frontendlayer/tikz/librarie
s/tikzlibrarydecorations.shapes.code.tex
(/usr/local/texlive/2016/texmf-dist/tex/generic/pgf/libraries/decorations/pgfli
brarydecorations.shapes.code.tex))
(/usr/local/texlive/2016/texmf-dist/tex/generic/pgf/frontendlayer/tikz/librarie
s/tikzlibrarydecorations.text.code.tex
(/usr/local/texlive/2016/texmf-dist/tex/generic/pgf/libraries/decorations/pgfli
brarydecorations.text.code.tex
\pgf@lib@dec@text@box=\box69
)
\tikz@lib@dec@te@box=\box70
)
(/usr/local/texlive/2016/texmf-dist/tex/generic/pgf/frontendlayer/tikz/librarie
s/tikzlibrarydecorations.footprints.code.tex
(/usr/local/texlive/2016/texmf-dist/tex/generic/pgf/libraries/decorations/pgfli
brarydecorations.footprints.code.tex))
(/usr/local/texlive/2016/texmf-dist/tex/generic/pgf/frontendlayer/tikz/librarie
s/tikzlibrarydecorations.markings.code.tex
(/usr/local/texlive/2016/texmf-dist/tex/generic/pgf/libraries/decorations/pgfli
brarydecorations.markings.code.tex))
(/usr/local/texlive/2016/texmf-dist/tex/generic/pgf/frontendlayer/tikz/librarie
s/tikzlibraryshadows.code.tex
File: tikzlibraryshadows.code.tex 2008/01/13 v3.0.1a (rcs-revision 1.3)
)
(/usr/local/texlive/2016/texmf-dist/tex/generic/pgf/frontendlayer/tikz/librarie
s/circuits/tikzlibrarycircuits.code.tex
\tikz@lib@circ@count=\count147
\tikzcircuitssizeunit=\dimen267
)
(/usr/local/texlive/2016/texmf-dist/tex/generic/pgf/frontendlayer/tikz/librarie
s/tikzlibraryshapes.code.tex
File: tikzlibraryshapes.code.tex 2008/01/09 v3.0.1a (rcs-revision 1.1)
)
\c@assumption=\count148
\c@remark=\count149
\c@subequation=\count150
\c@algostep=\count151
\c@acalgorithm=\count152
)
(/usr/local/texlive/2016/texmf-dist/tex/latex/amsfonts/amssymb.sty
Package: amssymb 2013/01/14 v3.01 AMS font symbols

(/usr/local/texlive/2016/texmf-dist/tex/latex/amsfonts/amsfonts.sty
Package: amsfonts 2013/01/14 v3.01 Basic AMSFonts support
\symAMSa=\mathgroup5
\symAMSb=\mathgroup6
LaTeX Font Info:    Overwriting math alphabet `\mathfrak' in version `bold'
(Font)                  U/euf/m/n --> U/euf/b/n on input line 106.
))
(/usr/local/texlive/2016/texmf-dist/tex/latex/tools/multicol.sty
Package: multicol 2016/04/07 v1.8p multicolumn formatting (FMi)
\c@tracingmulticols=\count153
\mult@box=\box71
\multicol@leftmargin=\dimen268
\c@unbalance=\count154
\c@collectmore=\count155
\doublecol@number=\count156
\multicoltolerance=\count157
\multicolpretolerance=\count158
\full@width=\dimen269
\page@free=\dimen270
\premulticols=\dimen271
\postmulticols=\dimen272
\multicolsep=\skip54
\multicolbaselineskip=\skip55
\partial@page=\box72
\last@line=\box73
\maxbalancingoverflow=\dimen273
\mult@rightbox=\box74
\mult@grightbox=\box75
\mult@gfirstbox=\box76
\mult@firstbox=\box77
\@tempa=\box78
\@tempa=\box79
\@tempa=\box80
\@tempa=\box81
\@tempa=\box82
\@tempa=\box83
\@tempa=\box84
\@tempa=\box85
\@tempa=\box86
\@tempa=\box87
\@tempa=\box88
\@tempa=\box89
\@tempa=\box90
\@tempa=\box91
\@tempa=\box92
\@tempa=\box93
\@tempa=\box94
\c@columnbadness=\count159
\c@finalcolumnbadness=\count160
\last@try=\dimen274
\multicolovershoot=\dimen275
\multicolundershoot=\dimen276
\mult@nat@firstbox=\box95
\colbreak@box=\box96
\mc@col@check@num=\count161
)
(/usr/local/texlive/2016/texmf-dist/tex/latex/booktabs/booktabs.sty
Package: booktabs 2016/04/27 v1.618033 publication quality tables
\heavyrulewidth=\dimen277
\lightrulewidth=\dimen278
\cmidrulewidth=\dimen279
\belowrulesep=\dimen280
\belowbottomsep=\dimen281
\aboverulesep=\dimen282
\abovetopsep=\dimen283
\cmidrulesep=\dimen284
\cmidrulekern=\dimen285
\defaultaddspace=\dimen286
\@cmidla=\count162
\@cmidlb=\count163
\@aboverulesep=\dimen287
\@belowrulesep=\dimen288
\@thisruleclass=\count164
\@lastruleclass=\count165
\@thisrulewidth=\dimen289
)
(/usr/local/texlive/2016/texmf-dist/tex/latex/multirow/multirow.sty
\bigstrutjot=\dimen290
)
(/usr/local/texlive/2016/texmf-dist/tex/latex/fancyhdr/fancyhdr.sty
\fancy@headwidth=\skip56
\f@ncyO@elh=\skip57
\f@ncyO@erh=\skip58
\f@ncyO@olh=\skip59
\f@ncyO@orh=\skip60
\f@ncyO@elf=\skip61
\f@ncyO@erf=\skip62
\f@ncyO@olf=\skip63
\f@ncyO@orf=\skip64
)
(/usr/local/texlive/2016/texmf-dist/tex/latex/cleveref/cleveref.sty
Package: cleveref 2013/12/28 v0.19 Intelligent cross-referencing
)
(/usr/local/texlive/2016/texmf-dist/tex/latex/wrapfig/wrapfig.sty
\wrapoverhang=\dimen291
\WF@size=\dimen292
\c@WF@wrappedlines=\count166
\WF@box=\box97
\WF@everypar=\toks47
Package: wrapfig 2003/01/31  v 3.6
)
(/usr/local/texlive/2016/texmf-dist/tex/latex/tools/enumerate.sty
Package: enumerate 2015/07/23 v3.00 enumerate extensions (DPC)
\@enLab=\toks48
)
(/usr/local/texlive/2016/texmf-dist/tex/latex/cancel/cancel.sty
Package: cancel 2013/04/12 v2.2 Cancel math terms
)
(/usr/local/texlive/2016/texmf-dist/tex/latex/jknapltx/mathrsfs.sty
Package: mathrsfs 1996/01/01 Math RSFS package v1.0 (jk)
\symrsfs=\mathgroup7
)
(/usr/local/texlive/2016/texmf-dist/tex/latex/titlesec/titlesec.sty
Package: titlesec 2016/03/21 v2.10.2 Sectioning titles
\ttl@box=\box98
\beforetitleunit=\skip65
\aftertitleunit=\skip66
\ttl@plus=\dimen293
\ttl@minus=\dimen294
\ttl@toksa=\toks49
\titlewidth=\dimen295
\titlewidthlast=\dimen296
\titlewidthfirst=\dimen297
)
(/usr/local/texlive/2016/texmf-dist/tex/latex/mdwtools/mdwlist.sty
Package: mdwlist 1996/05/02 1.1 Various list-related things
)
(/usr/local/texlive/2016/texmf-dist/tex/latex/varwidth/varwidth.sty
Package: varwidth 2009/03/30 ver 0.92;  Variable-width minipages
\@vwid@box=\box99
\sift@deathcycles=\count167
\@vwid@loff=\dimen298
\@vwid@roff=\dimen299
)
(/usr/local/texlive/2016/texmf-dist/tex/latex/breakurl/breakurl.sty
Package: breakurl 2013/04/10 v1.40 Breakable hyperref URLs

(/usr/local/texlive/2016/texmf-dist/tex/latex/xkeyval/xkeyval.sty
Package: xkeyval 2014/12/03 v2.7a package option processing (HA)

(/usr/local/texlive/2016/texmf-dist/tex/generic/xkeyval/xkeyval.tex
(/usr/local/texlive/2016/texmf-dist/tex/generic/xkeyval/xkvutils.tex
\XKV@toks=\toks50
\XKV@tempa@toks=\toks51
)
\XKV@depth=\count168
File: xkeyval.tex 2014/12/03 v2.7a key=value parser (HA)
))

Package breakurl Warning: You are using breakurl while processing via pdflatex.

(breakurl)                \burl will be just a synonym of \url.
(breakurl)                 on input line 48.

) (/usr/local/texlive/2016/texmf-dist/tex/latex/datetime/datetime.sty
Package: datetime 2015/03/20 v2.60 Date Time Package

(/usr/local/texlive/2016/texmf-dist/tex/latex/etoolbox/etoolbox.sty
Package: etoolbox 2015/08/02 v2.2a e-TeX tools for LaTeX (JAW)
\etb@tempcnta=\count169
)
(/usr/local/texlive/2016/texmf-dist/tex/latex/fmtcount/fmtcount.sty
Package: fmtcount 2015/05/05 v3.01

(/usr/local/texlive/2016/texmf-dist/tex/latex/fmtcount/fcprefix.sty
Package: fcprefix 2012/09/28

(/usr/local/texlive/2016/texmf-dist/tex/latex/fmtcount/fcnumparser.sty
Package: fcnumparser 2012/09/28
\fc@digit@counter=\count170
))
(/usr/local/texlive/2016/texmf-dist/tex/generic/ifxetex/ifxetex.sty
Package: ifxetex 2010/09/12 v0.6 Provides ifxetex conditional
)
\c@padzeroesN=\count171
\fc@tmpcatcode=\count172
\@DT@modctr=\count173
\@ordinalctr=\count174
\@orgargctr=\count175
\@strctr=\count176
\@tmpstrctr=\count177
\@DT@loopN=\count178
\@DT@X=\count179

(/usr/local/texlive/2016/texmf-dist/tex/latex/fmtcount/fc-english.def
File: fc-english.def 2013/08/17
))
(/usr/local/texlive/2016/texmf-dist/tex/latex/datetime/datetime-defaults.sty
Package: datetime-defaults 2013/09/10
)
\@day=\count180
\@month=\count181
\@year=\count182
\c@HOUR=\count183
\c@HOURXII=\count184
\c@MINUTE=\count185
\c@TOHOUR=\count186
\c@TOMINUTE=\count187
\c@SECOND=\count188
\currenthour=\count189
\currentminute=\count190
\currentsecond=\count191
Package datetime Info: No datetime.cfg file found, using default settings on in
put line 308.
\@dtctr=\count192
\dayofyear=\count193
\dayofweek=\count194
LaTeX Info: Redefining \today on input line 736.
\dt@a=\toks52
\dt@b=\toks53
)
(/usr/local/texlive/2016/texmf-dist/tex/latex/pdfpages/pdfpages.sty
Package: pdfpages 2016/04/19 v0.5f Insert pages of external PDF documents (AM)

(/usr/local/texlive/2016/texmf-dist/tex/latex/tools/calc.sty
Package: calc 2014/10/28 v4.3 Infix arithmetic (KKT,FJ)
\calc@Acount=\count195
\calc@Bcount=\count196
\calc@Adimen=\dimen300
\calc@Bdimen=\dimen301
\calc@Askip=\skip67
\calc@Bskip=\skip68
LaTeX Info: Redefining \setlength on input line 80.
LaTeX Info: Redefining \addtolength on input line 81.
\calc@Ccount=\count197
\calc@Cskip=\skip69
)
(/usr/local/texlive/2016/texmf-dist/tex/latex/eso-pic/eso-pic.sty
Package: eso-pic 2015/07/21 v2.0g eso-pic (RN)

(/usr/local/texlive/2016/texmf-dist/tex/generic/oberdiek/atbegshi.sty
Package: atbegshi 2016/05/16 v1.17 At begin shipout hook (HO)
))
\AM@pagewidth=\dimen302
\AM@pageheight=\dimen303

(/usr/local/texlive/2016/texmf-dist/tex/latex/pdfpages/pppdftex.def
File: pppdftex.def 2016/04/19 v0.5f Pdfpages driver for pdfTeX (AM)
)
\AM@pagebox=\box100
\AM@global@opts=\toks54
\AM@toc@title=\toks55
\c@AM@survey=\count198
\AM@templatesizebox=\box101
)
(/usr/local/texlive/2016/texmf-dist/tex/latex/setspace/setspace.sty
Package: setspace 2011/12/19 v6.7a set line spacing
)

LaTeX Warning: Unused global option(s):
    [8pt].

No file iitpkd.aux.
\openout1 = `iitpkd.aux'.

LaTeX Font Info:    Checking defaults for OML/cmm/m/it on input line 32.
LaTeX Font Info:    ... okay on input line 32.
LaTeX Font Info:    Checking defaults for T1/cmr/m/n on input line 32.
LaTeX Font Info:    ... okay on input line 32.
LaTeX Font Info:    Checking defaults for OT1/cmr/m/n on input line 32.
LaTeX Font Info:    ... okay on input line 32.
LaTeX Font Info:    Checking defaults for OMS/cmsy/m/n on input line 32.
LaTeX Font Info:    ... okay on input line 32.
LaTeX Font Info:    Checking defaults for OMX/cmex/m/n on input line 32.
LaTeX Font Info:    ... okay on input line 32.
LaTeX Font Info:    Checking defaults for U/cmr/m/n on input line 32.
LaTeX Font Info:    ... okay on input line 32.
LaTeX Font Info:    Try loading font information for U+lasy on input line 32.
(/usr/local/texlive/2016/texmf-dist/tex/latex/base/ulasy.fd
File: ulasy.fd 1998/08/17 v2.2e LaTeX symbol font definitions
)
LaTeX Font Info:    Try loading font information for U+msa on input line 32.

(/usr/local/texlive/2016/texmf-dist/tex/latex/amsfonts/umsa.fd
File: umsa.fd 2013/01/14 v3.01 AMS symbols A
)
LaTeX Font Info:    Try loading font information for U+msb on input line 32.

(/usr/local/texlive/2016/texmf-dist/tex/latex/amsfonts/umsb.fd
File: umsb.fd 2013/01/14 v3.01 AMS symbols B
)
LaTeX Font Info:    Try loading font information for U+rsfs on input line 32.

(/usr/local/texlive/2016/texmf-dist/tex/latex/jknapltx/ursfs.fd
File: ursfs.fd 1998/03/24 rsfs font definition file (jk)
)
Package xypdf Info: Line width: 0.39998pt on input line 32.

(/usr/local/texlive/2016/texmf-dist/tex/context/base/mkii/supp-pdf.mkii
[Loading MPS to PDF converter (version 2006.09.02).]
\scratchcounter=\count199
\scratchdimen=\dimen304
\scratchbox=\box102
Normal \count register pool exhausted, switching to extended pool.
\nofMPsegments=\count277
\nofMParguments=\count278
\everyMPshowfont=\toks56
\MPscratchCnt=\count279
\MPscratchDim=\dimen305
\MPnumerator=\count280
\makeMPintoPDFobject=\count281
\everyMPtoPDFconversion=\toks57
) (/usr/local/texlive/2016/texmf-dist/tex/latex/oberdiek/epstopdf-base.sty
Package: epstopdf-base 2016/05/15 v2.6 Base part for package epstopdf

(/usr/local/texlive/2016/texmf-dist/tex/latex/oberdiek/grfext.sty
Package: grfext 2016/05/16 v1.2 Manage graphics extensions (HO)

(/usr/local/texlive/2016/texmf-dist/tex/generic/oberdiek/kvdefinekeys.sty
Package: kvdefinekeys 2016/05/16 v1.4 Define keys (HO)
))
(/usr/local/texlive/2016/texmf-dist/tex/latex/oberdiek/kvoptions.sty
Package: kvoptions 2016/05/16 v3.12 Key value format for package options (HO)

(/usr/local/texlive/2016/texmf-dist/tex/generic/oberdiek/kvsetkeys.sty
Package: kvsetkeys 2016/05/16 v1.17 Key value parser (HO)

(/usr/local/texlive/2016/texmf-dist/tex/generic/oberdiek/etexcmds.sty
Package: etexcmds 2016/05/16 v1.6 Avoid name clashes with e-TeX commands (HO)
Package etexcmds Info: Could not find \expanded.
(etexcmds)             That can mean that you are not using pdfTeX 1.50 or
(etexcmds)             that some package has redefined \expanded.
(etexcmds)             In the latter case, load this package earlier.
)))
Package grfext Info: Graphics extension search list:
(grfext)             [.png,.pdf,.jpg,.mps,.jpeg,.jbig2,.jb2,.PNG,.PDF,.JPG,.JPE
G,.JBIG2,.JB2,.eps]
(grfext)             \AppendGraphicsExtensions on input line 456.

(/usr/local/texlive/2016/texmf-dist/tex/latex/latexconfig/epstopdf-sys.cfg
File: epstopdf-sys.cfg 2010/07/13 v1.3 Configuration of (r)epstopdf for TeX Liv
e
))
ABD: EveryShipout initializing macros
Package pgfplots notification 'compat/show suggested version=true': document ha
s been generated with the most recent feature set (\pgfplotsset{compat=1.13}).

\AtBeginShipoutBox=\box103
(/usr/local/texlive/2016/texmf-dist/tex/latex/oberdiek/pdflscape.sty
Package: pdflscape 2016/05/14 v0.11 Display of landscape pages in PDF (HO)

(/usr/local/texlive/2016/texmf-dist/tex/latex/graphics/lscape.sty
Package: lscape 2000/10/22 v3.01 Landscape Pages (DPC)
)
Package pdflscape Info: Auto-detected driver: pdftex on input line 81.
)
<ChandrashekarL.pdf, id=29, 614.295pt x 794.97pt>
File: ChandrashekarL.pdf Graphic file (type pdf)
 <use ChandrashekarL.pdf>
Package pdftex.def Info: ChandrashekarL.pdf used on input line 33.
(pdftex.def)             Requested size: 614.29349pt x 794.96806pt.
File: ChandrashekarL.pdf Graphic file (type pdf)

<use ChandrashekarL.pdf>
Package pdftex.def Info: ChandrashekarL.pdf used on input line 33.
(pdftex.def)             Requested size: 614.29349pt x 794.96806pt.

<ChandrashekarL.pdf, id=32, page=1, 614.295pt x 794.97pt>
File: ChandrashekarL.pdf Graphic file (type pdf)

<use ChandrashekarL.pdf, page 1>
Package pdftex.def Info: ChandrashekarL.pdf, page1 used on input line 33.
(pdftex.def)             Requested size: 614.29349pt x 794.96806pt.
File: ChandrashekarL.pdf Graphic file (type pdf)
 <use ChandrashekarL.pdf, page 1>
Package pdftex.def Info: ChandrashekarL.pdf, page1 used on input line 33.
(pdftex.def)             Requested size: 614.58406pt x 795.3441pt.
File: ChandrashekarL.pdf Graphic file (type pdf)

<use ChandrashekarL.pdf, page 1>
Package pdftex.def Info: ChandrashekarL.pdf, page1 used on input line 33.
(pdftex.def)             Requested size: 614.58406pt x 795.3441pt.
File: ChandrashekarL.pdf Graphic file (type pdf)
 <use ChandrashekarL.pdf, page 1>
Package pdftex.def Info: ChandrashekarL.pdf, page1 used on input line 33.
(pdftex.def)             Requested size: 614.58406pt x 795.3441pt.
File: ChandrashekarL.pdf Graphic file (type pdf)

<use ChandrashekarL.pdf, page 1>
Package pdftex.def Info: ChandrashekarL.pdf, page1 used on input line 33.
(pdftex.def)             Requested size: 614.58406pt x 795.3441pt.
 [1

 <./ChandrashekarL.pdf{/usr/local/texlive/2016/texmf-var/fonts/map/pdftex/updma
p/pdftex.map}>]
<ChandrashekarL.pdf, id=63, page=2, 614.295pt x 794.97pt>
File: ChandrashekarL.pdf Graphic file (type pdf)

<use ChandrashekarL.pdf, page 2>
Package pdftex.def Info: ChandrashekarL.pdf, page2 used on input line 33.
(pdftex.def)             Requested size: 614.58406pt x 795.3441pt.
File: ChandrashekarL.pdf Graphic file (type pdf)
 <use ChandrashekarL.pdf, page 2>
Package pdftex.def Info: ChandrashekarL.pdf, page2 used on input line 33.
(pdftex.def)             Requested size: 614.58406pt x 795.3441pt.
File: ChandrashekarL.pdf Graphic file (type pdf)

<use ChandrashekarL.pdf, page 2>
Package pdftex.def Info: ChandrashekarL.pdf, page2 used on input line 33.
(pdftex.def)             Requested size: 614.58406pt x 795.3441pt.
 [2 <./ChandrashekarL.pdf>]
<ChandrashekarL.pdf, id=72, page=3, 614.295pt x 794.97pt>
File: ChandrashekarL.pdf Graphic file (type pdf)

<use ChandrashekarL.pdf, page 3>
Package pdftex.def Info: ChandrashekarL.pdf, page3 used on input line 33.
(pdftex.def)             Requested size: 614.58406pt x 795.3441pt.
File: ChandrashekarL.pdf Graphic file (type pdf)
 <use ChandrashekarL.pdf, page 3>
Package pdftex.def Info: ChandrashekarL.pdf, page3 used on input line 33.
(pdftex.def)             Requested size: 614.58406pt x 795.3441pt.
File: ChandrashekarL.pdf Graphic file (type pdf)

<use ChandrashekarL.pdf, page 3>
Package pdftex.def Info: ChandrashekarL.pdf, page3 used on input line 33.
(pdftex.def)             Requested size: 614.58406pt x 795.3441pt.
 [3 <./ChandrashekarL.pdf>]
<ChandrashekarL.pdf, id=81, page=4, 614.295pt x 794.97pt>
File: ChandrashekarL.pdf Graphic file (type pdf)

<use ChandrashekarL.pdf, page 4>
Package pdftex.def Info: ChandrashekarL.pdf, page4 used on input line 33.
(pdftex.def)             Requested size: 614.58406pt x 795.3441pt.
File: ChandrashekarL.pdf Graphic file (type pdf)
 <use ChandrashekarL.pdf, page 4>
Package pdftex.def Info: ChandrashekarL.pdf, page4 used on input line 33.
(pdftex.def)             Requested size: 614.58406pt x 795.3441pt.
File: ChandrashekarL.pdf Graphic file (type pdf)

<use ChandrashekarL.pdf, page 4>
Package pdftex.def Info: ChandrashekarL.pdf, page4 used on input line 33.
(pdftex.def)             Requested size: 614.58406pt x 795.3441pt.
 [4 <./ChandrashekarL.pdf>]
<teaching_plan.pdf, id=85, 614.295pt x 794.97pt>
File: teaching_plan.pdf Graphic file (type pdf)
 <use teaching_plan.pdf>
Package pdftex.def Info: teaching_plan.pdf used on input line 34.
(pdftex.def)             Requested size: 614.29349pt x 794.96806pt.
File: teaching_plan.pdf Graphic file (type pdf)

<use teaching_plan.pdf>
Package pdftex.def Info: teaching_plan.pdf used on input line 34.
(pdftex.def)             Requested size: 614.29349pt x 794.96806pt.

<teaching_plan.pdf, id=88, page=1, 614.295pt x 794.97pt>
File: teaching_plan.pdf Graphic file (type pdf)

<use teaching_plan.pdf, page 1>
Package pdftex.def Info: teaching_plan.pdf, page1 used on input line 34.
(pdftex.def)             Requested size: 614.29349pt x 794.96806pt.
File: teaching_plan.pdf Graphic file (type pdf)
 <use teaching_plan.pdf, page 1>
Package pdftex.def Info: teaching_plan.pdf, page1 used on input line 34.
(pdftex.def)             Requested size: 614.58406pt x 795.3441pt.
File: teaching_plan.pdf Graphic file (type pdf)

<use teaching_plan.pdf, page 1>
Package pdftex.def Info: teaching_plan.pdf, page1 used on input line 34.
(pdftex.def)             Requested size: 614.58406pt x 795.3441pt.
File: teaching_plan.pdf Graphic file (type pdf)
 <use teaching_plan.pdf, page 1>
Package pdftex.def Info: teaching_plan.pdf, page1 used on input line 34.
(pdftex.def)             Requested size: 614.58406pt x 795.3441pt.
File: teaching_plan.pdf Graphic file (type pdf)

<use teaching_plan.pdf, page 1>
Package pdftex.def Info: teaching_plan.pdf, page1 used on input line 34.
(pdftex.def)             Requested size: 614.58406pt x 795.3441pt.
 [5 <./teaching_plan.pdf>]
<teaching_plan.pdf, id=108, page=2, 614.295pt x 794.97pt>
File: teaching_plan.pdf Graphic file (type pdf)

<use teaching_plan.pdf, page 2>
Package pdftex.def Info: teaching_plan.pdf, page2 used on input line 34.
(pdftex.def)             Requested size: 614.58406pt x 795.3441pt.
File: teaching_plan.pdf Graphic file (type pdf)
 <use teaching_plan.pdf, page 2>
Package pdftex.def Info: teaching_plan.pdf, page2 used on input line 34.
(pdftex.def)             Requested size: 614.58406pt x 795.3441pt.
File: teaching_plan.pdf Graphic file (type pdf)

<use teaching_plan.pdf, page 2>
Package pdftex.def Info: teaching_plan.pdf, page2 used on input line 34.
(pdftex.def)             Requested size: 614.58406pt x 795.3441pt.
 [6 <./teaching_plan.pdf>]
<teaching_plan.pdf, id=117, page=3, 614.295pt x 794.97pt>
File: teaching_plan.pdf Graphic file (type pdf)

<use teaching_plan.pdf, page 3>
Package pdftex.def Info: teaching_plan.pdf, page3 used on input line 34.
(pdftex.def)             Requested size: 614.58406pt x 795.3441pt.
File: teaching_plan.pdf Graphic file (type pdf)
 <use teaching_plan.pdf, page 3>
Package pdftex.def Info: teaching_plan.pdf, page3 used on input line 34.
(pdftex.def)             Requested size: 614.58406pt x 795.3441pt.
File: teaching_plan.pdf Graphic file (type pdf)

<use teaching_plan.pdf, page 3>
Package pdftex.def Info: teaching_plan.pdf, page3 used on input line 34.
(pdftex.def)             Requested size: 614.58406pt x 795.3441pt.
 [7 <./teaching_plan.pdf>]
<research_proposal.pdf, id=122, 614.295pt x 794.97pt>
File: research_proposal.pdf Graphic file (type pdf)

<use research_proposal.pdf>
Package pdftex.def Info: research_proposal.pdf used on input line 35.
(pdftex.def)             Requested size: 614.29349pt x 794.96806pt.
File: research_proposal.pdf Graphic file (type pdf)
 <use research_proposal.pdf>
Package pdftex.def Info: research_proposal.pdf used on input line 35.
(pdftex.def)             Requested size: 614.29349pt x 794.96806pt.

<research_proposal.pdf, id=125, page=1, 614.295pt x 794.97pt>
File: research_proposal.pdf Graphic file (type pdf)

<use research_proposal.pdf, page 1>
Package pdftex.def Info: research_proposal.pdf, page1 used on input line 35.
(pdftex.def)             Requested size: 614.29349pt x 794.96806pt.
File: research_proposal.pdf Graphic file (type pdf)
 <use research_proposal.pdf, page 1>
Package pdftex.def Info: research_proposal.pdf, page1 used on input line 35.
(pdftex.def)             Requested size: 614.58406pt x 795.3441pt.
File: research_proposal.pdf Graphic file (type pdf)

<use research_proposal.pdf, page 1>
Package pdftex.def Info: research_proposal.pdf, page1 used on input line 35.
(pdftex.def)             Requested size: 614.58406pt x 795.3441pt.
File: research_proposal.pdf Graphic file (type pdf)
 <use research_proposal.pdf, page 1>
Package pdftex.def Info: research_proposal.pdf, page1 used on input line 35.
(pdftex.def)             Requested size: 614.58406pt x 795.3441pt.
File: research_proposal.pdf Graphic file (type pdf)

<use research_proposal.pdf, page 1>
Package pdftex.def Info: research_proposal.pdf, page1 used on input line 35.
(pdftex.def)             Requested size: 614.58406pt x 795.3441pt.
 [8 <./research_proposal.pdf>]
<research_proposal.pdf, id=160, page=2, 614.295pt x 794.97pt>
File: research_proposal.pdf Graphic file (type pdf)

<use research_proposal.pdf, page 2>
Package pdftex.def Info: research_proposal.pdf, page2 used on input line 35.
(pdftex.def)             Requested size: 614.58406pt x 795.3441pt.
File: research_proposal.pdf Graphic file (type pdf)
 <use research_proposal.pdf, page 2>
Package pdftex.def Info: research_proposal.pdf, page2 used on input line 35.
(pdftex.def)             Requested size: 614.58406pt x 795.3441pt.
File: research_proposal.pdf Graphic file (type pdf)

<use research_proposal.pdf, page 2>
Package pdftex.def Info: research_proposal.pdf, page2 used on input line 35.
(pdftex.def)             Requested size: 614.58406pt x 795.3441pt.
 [9 <./research_proposal.pdf>]
<research_proposal.pdf, id=169, page=3, 614.295pt x 794.97pt>
File: research_proposal.pdf Graphic file (type pdf)

<use research_proposal.pdf, page 3>
Package pdftex.def Info: research_proposal.pdf, page3 used on input line 35.
(pdftex.def)             Requested size: 614.58406pt x 795.3441pt.
File: research_proposal.pdf Graphic file (type pdf)
 <use research_proposal.pdf, page 3>
Package pdftex.def Info: research_proposal.pdf, page3 used on input line 35.
(pdftex.def)             Requested size: 614.58406pt x 795.3441pt.
File: research_proposal.pdf Graphic file (type pdf)

<use research_proposal.pdf, page 3>
Package pdftex.def Info: research_proposal.pdf, page3 used on input line 35.
(pdftex.def)             Requested size: 614.58406pt x 795.3441pt.
 [10 <./research_proposal.pdf>]
<ttsastb.pdf, id=176, 597.50829pt x 845.0471pt>
File: ttsastb.pdf Graphic file (type pdf)
 <use ttsastb.pdf>
Package pdftex.def Info: ttsastb.pdf used on input line 36.
(pdftex.def)             Requested size: 597.50682pt x 845.04504pt.
File: ttsastb.pdf Graphic file (type pdf)

<use ttsastb.pdf>
Package pdftex.def Info: ttsastb.pdf used on input line 36.
(pdftex.def)             Requested size: 597.50682pt x 845.04504pt.
 <ttsastb.pdf, id=179, page=1, 597.50829pt x 845.0471pt>
File: ttsastb.pdf Graphic file (type pdf)

<use ttsastb.pdf, page 1>
Package pdftex.def Info: ttsastb.pdf, page1 used on input line 36.
(pdftex.def)             Requested size: 597.50682pt x 845.04504pt.
File: ttsastb.pdf Graphic file (type pdf)
 <use ttsastb.pdf, page 1>
Package pdftex.def Info: ttsastb.pdf, page1 used on input line 36.
(pdftex.def)             Requested size: 562.12285pt x 795.00201pt.
File: ttsastb.pdf Graphic file (type pdf)
 <use ttsastb.pdf, page 1>
Package pdftex.def Info: ttsastb.pdf, page1 used on input line 36.
(pdftex.def)             Requested size: 562.12285pt x 795.00201pt.
File: ttsastb.pdf Graphic file (type pdf)

<use ttsastb.pdf, page 1>
Package pdftex.def Info: ttsastb.pdf, page1 used on input line 36.
(pdftex.def)             Requested size: 562.12285pt x 795.00201pt.
File: ttsastb.pdf Graphic file (type pdf)
 <use ttsastb.pdf, page 1>
Package pdftex.def Info: ttsastb.pdf, page1 used on input line 36.
(pdftex.def)             Requested size: 562.12285pt x 795.00201pt.
 [11 <./ttsastb.pdf>]
<ttsastb.pdf, id=239, page=2, 597.50829pt x 845.0471pt>
File: ttsastb.pdf Graphic file (type pdf)

<use ttsastb.pdf, page 2>
Package pdftex.def Info: ttsastb.pdf, page2 used on input line 36.
(pdftex.def)             Requested size: 562.12285pt x 795.00201pt.
File: ttsastb.pdf Graphic file (type pdf)
 <use ttsastb.pdf, page 2>
Package pdftex.def Info: ttsastb.pdf, page2 used on input line 36.
(pdftex.def)             Requested size: 562.12285pt x 795.00201pt.
File: ttsastb.pdf Graphic file (type pdf)
 <use ttsastb.pdf, page 2>
Package pdftex.def Info: ttsastb.pdf, page2 used on input line 36.
(pdftex.def)             Requested size: 562.12285pt x 795.00201pt.

[12 <./ttsastb.pdf>] <ttsastb.pdf, id=248, page=3, 597.50829pt x 845.0471pt>
File: ttsastb.pdf Graphic file (type pdf)

<use ttsastb.pdf, page 3>
Package pdftex.def Info: ttsastb.pdf, page3 used on input line 36.
(pdftex.def)             Requested size: 562.12285pt x 795.00201pt.
File: ttsastb.pdf Graphic file (type pdf)
 <use ttsastb.pdf, page 3>
Package pdftex.def Info: ttsastb.pdf, page3 used on input line 36.
(pdftex.def)             Requested size: 562.12285pt x 795.00201pt.
File: ttsastb.pdf Graphic file (type pdf)
 <use ttsastb.pdf, page 3>
Package pdftex.def Info: ttsastb.pdf, page3 used on input line 36.
(pdftex.def)             Requested size: 562.12285pt x 795.00201pt.

[13 <./ttsastb.pdf>] <ttsastb.pdf, id=258, page=4, 597.50829pt x 845.0471pt>
File: ttsastb.pdf Graphic file (type pdf)

<use ttsastb.pdf, page 4>
Package pdftex.def Info: ttsastb.pdf, page4 used on input line 36.
(pdftex.def)             Requested size: 562.12285pt x 795.00201pt.
File: ttsastb.pdf Graphic file (type pdf)
 <use ttsastb.pdf, page 4>
Package pdftex.def Info: ttsastb.pdf, page4 used on input line 36.
(pdftex.def)             Requested size: 562.12285pt x 795.00201pt.
File: ttsastb.pdf Graphic file (type pdf)
 <use ttsastb.pdf, page 4>
Package pdftex.def Info: ttsastb.pdf, page4 used on input line 36.
(pdftex.def)             Requested size: 562.12285pt x 795.00201pt.

[14 <./ttsastb.pdf>] <ttsastb.pdf, id=267, page=5, 597.50829pt x 845.0471pt>
File: ttsastb.pdf Graphic file (type pdf)

<use ttsastb.pdf, page 5>
Package pdftex.def Info: ttsastb.pdf, page5 used on input line 36.
(pdftex.def)             Requested size: 562.12285pt x 795.00201pt.
File: ttsastb.pdf Graphic file (type pdf)
 <use ttsastb.pdf, page 5>
Package pdftex.def Info: ttsastb.pdf, page5 used on input line 36.
(pdftex.def)             Requested size: 562.12285pt x 795.00201pt.
File: ttsastb.pdf Graphic file (type pdf)
 <use ttsastb.pdf, page 5>
Package pdftex.def Info: ttsastb.pdf, page5 used on input line 36.
(pdftex.def)             Requested size: 562.12285pt x 795.00201pt.

[15 <./ttsastb.pdf>] <ttsastb.pdf, id=271, page=6, 597.50829pt x 845.0471pt>
File: ttsastb.pdf Graphic file (type pdf)

<use ttsastb.pdf, page 6>
Package pdftex.def Info: ttsastb.pdf, page6 used on input line 36.
(pdftex.def)             Requested size: 562.12285pt x 795.00201pt.
File: ttsastb.pdf Graphic file (type pdf)
 <use ttsastb.pdf, page 6>
Package pdftex.def Info: ttsastb.pdf, page6 used on input line 36.
(pdftex.def)             Requested size: 562.12285pt x 795.00201pt.
File: ttsastb.pdf Graphic file (type pdf)
 <use ttsastb.pdf, page 6>
Package pdftex.def Info: ttsastb.pdf, page6 used on input line 36.
(pdftex.def)             Requested size: 562.12285pt x 795.00201pt.

[16 <./ttsastb.pdf>] <ttsastb.pdf, id=275, page=7, 597.50829pt x 845.0471pt>
File: ttsastb.pdf Graphic file (type pdf)

<use ttsastb.pdf, page 7>
Package pdftex.def Info: ttsastb.pdf, page7 used on input line 36.
(pdftex.def)             Requested size: 562.12285pt x 795.00201pt.
File: ttsastb.pdf Graphic file (type pdf)
 <use ttsastb.pdf, page 7>
Package pdftex.def Info: ttsastb.pdf, page7 used on input line 36.
(pdftex.def)             Requested size: 562.12285pt x 795.00201pt.
File: ttsastb.pdf Graphic file (type pdf)
 <use ttsastb.pdf, page 7>
Package pdftex.def Info: ttsastb.pdf, page7 used on input line 36.
(pdftex.def)             Requested size: 562.12285pt x 795.00201pt.

[17 <./ttsastb.pdf>] <ttsastb.pdf, id=279, page=8, 597.50829pt x 845.0471pt>
File: ttsastb.pdf Graphic file (type pdf)

<use ttsastb.pdf, page 8>
Package pdftex.def Info: ttsastb.pdf, page8 used on input line 36.
(pdftex.def)             Requested size: 562.12285pt x 795.00201pt.
File: ttsastb.pdf Graphic file (type pdf)
 <use ttsastb.pdf, page 8>
Package pdftex.def Info: ttsastb.pdf, page8 used on input line 36.
(pdftex.def)             Requested size: 562.12285pt x 795.00201pt.
File: ttsastb.pdf Graphic file (type pdf)
 <use ttsastb.pdf, page 8>
Package pdftex.def Info: ttsastb.pdf, page8 used on input line 36.
(pdftex.def)             Requested size: 562.12285pt x 795.00201pt.

[18 <./ttsastb.pdf>] <ttsastb.pdf, id=283, page=9, 597.50829pt x 845.0471pt>
File: ttsastb.pdf Graphic file (type pdf)

<use ttsastb.pdf, page 9>
Package pdftex.def Info: ttsastb.pdf, page9 used on input line 36.
(pdftex.def)             Requested size: 562.12285pt x 795.00201pt.
File: ttsastb.pdf Graphic file (type pdf)
 <use ttsastb.pdf, page 9>
Package pdftex.def Info: ttsastb.pdf, page9 used on input line 36.
(pdftex.def)             Requested size: 562.12285pt x 795.00201pt.
File: ttsastb.pdf Graphic file (type pdf)
 <use ttsastb.pdf, page 9>
Package pdftex.def Info: ttsastb.pdf, page9 used on input line 36.
(pdftex.def)             Requested size: 562.12285pt x 795.00201pt.

[19 <./ttsastb.pdf>] <aaai2015_grlp.pdf, id=298, 614.295pt x 794.97pt>
File: aaai2015_grlp.pdf Graphic file (type pdf)

<use aaai2015_grlp.pdf>
Package pdftex.def Info: aaai2015_grlp.pdf used on input line 37.
(pdftex.def)             Requested size: 614.29349pt x 794.96806pt.
File: aaai2015_grlp.pdf Graphic file (type pdf)
 <use aaai2015_grlp.pdf>
Package pdftex.def Info: aaai2015_grlp.pdf used on input line 37.
(pdftex.def)             Requested size: 614.29349pt x 794.96806pt.

<aaai2015_grlp.pdf, id=301, page=1, 614.295pt x 794.97pt>
File: aaai2015_grlp.pdf Graphic file (type pdf)

<use aaai2015_grlp.pdf, page 1>
Package pdftex.def Info: aaai2015_grlp.pdf, page1 used on input line 37.
(pdftex.def)             Requested size: 614.29349pt x 794.96806pt.
File: aaai2015_grlp.pdf Graphic file (type pdf)
 <use aaai2015_grlp.pdf, page 1>
Package pdftex.def Info: aaai2015_grlp.pdf, page1 used on input line 37.
(pdftex.def)             Requested size: 614.58406pt x 795.3441pt.
File: aaai2015_grlp.pdf Graphic file (type pdf)

<use aaai2015_grlp.pdf, page 1>
Package pdftex.def Info: aaai2015_grlp.pdf, page1 used on input line 37.
(pdftex.def)             Requested size: 614.58406pt x 795.3441pt.
File: aaai2015_grlp.pdf Graphic file (type pdf)
 <use aaai2015_grlp.pdf, page 1>
Package pdftex.def Info: aaai2015_grlp.pdf, page1 used on input line 37.
(pdftex.def)             Requested size: 614.58406pt x 795.3441pt.
File: aaai2015_grlp.pdf Graphic file (type pdf)

<use aaai2015_grlp.pdf, page 1>
Package pdftex.def Info: aaai2015_grlp.pdf, page1 used on input line 37.
(pdftex.def)             Requested size: 614.58406pt x 795.3441pt.
 [20 <./aaai2015_grlp.pdf>]
<aaai2015_grlp.pdf, id=336, page=2, 614.295pt x 794.97pt>
File: aaai2015_grlp.pdf Graphic file (type pdf)

<use aaai2015_grlp.pdf, page 2>
Package pdftex.def Info: aaai2015_grlp.pdf, page2 used on input line 37.
(pdftex.def)             Requested size: 614.58406pt x 795.3441pt.
File: aaai2015_grlp.pdf Graphic file (type pdf)
 <use aaai2015_grlp.pdf, page 2>
Package pdftex.def Info: aaai2015_grlp.pdf, page2 used on input line 37.
(pdftex.def)             Requested size: 614.58406pt x 795.3441pt.
File: aaai2015_grlp.pdf Graphic file (type pdf)

<use aaai2015_grlp.pdf, page 2>
Package pdftex.def Info: aaai2015_grlp.pdf, page2 used on input line 37.
(pdftex.def)             Requested size: 614.58406pt x 795.3441pt.
 [21 <./aaai2015_grlp.pdf>]
<aaai2015_grlp.pdf, id=366, page=3, 614.295pt x 794.97pt>
File: aaai2015_grlp.pdf Graphic file (type pdf)

<use aaai2015_grlp.pdf, page 3>
Package pdftex.def Info: aaai2015_grlp.pdf, page3 used on input line 37.
(pdftex.def)             Requested size: 614.58406pt x 795.3441pt.
File: aaai2015_grlp.pdf Graphic file (type pdf)
 <use aaai2015_grlp.pdf, page 3>
Package pdftex.def Info: aaai2015_grlp.pdf, page3 used on input line 37.
(pdftex.def)             Requested size: 614.58406pt x 795.3441pt.
File: aaai2015_grlp.pdf Graphic file (type pdf)

<use aaai2015_grlp.pdf, page 3>
Package pdftex.def Info: aaai2015_grlp.pdf, page3 used on input line 37.
(pdftex.def)             Requested size: 614.58406pt x 795.3441pt.
 [22 <./aaai2015_grlp.pdf>]
<aaai2015_grlp.pdf, id=395, page=4, 614.295pt x 794.97pt>
File: aaai2015_grlp.pdf Graphic file (type pdf)

<use aaai2015_grlp.pdf, page 4>
Package pdftex.def Info: aaai2015_grlp.pdf, page4 used on input line 37.
(pdftex.def)             Requested size: 614.58406pt x 795.3441pt.
File: aaai2015_grlp.pdf Graphic file (type pdf)
 <use aaai2015_grlp.pdf, page 4>
Package pdftex.def Info: aaai2015_grlp.pdf, page4 used on input line 37.
(pdftex.def)             Requested size: 614.58406pt x 795.3441pt.
File: aaai2015_grlp.pdf Graphic file (type pdf)

<use aaai2015_grlp.pdf, page 4>
Package pdftex.def Info: aaai2015_grlp.pdf, page4 used on input line 37.
(pdftex.def)             Requested size: 614.58406pt x 795.3441pt.
 [23 <./aaai2015_grlp.pdf>]
<aaai2015_grlp.pdf, id=402, page=5, 614.295pt x 794.97pt>
File: aaai2015_grlp.pdf Graphic file (type pdf)

<use aaai2015_grlp.pdf, page 5>
Package pdftex.def Info: aaai2015_grlp.pdf, page5 used on input line 37.
(pdftex.def)             Requested size: 614.58406pt x 795.3441pt.
File: aaai2015_grlp.pdf Graphic file (type pdf)
 <use aaai2015_grlp.pdf, page 5>
Package pdftex.def Info: aaai2015_grlp.pdf, page5 used on input line 37.
(pdftex.def)             Requested size: 614.58406pt x 795.3441pt.
File: aaai2015_grlp.pdf Graphic file (type pdf)

<use aaai2015_grlp.pdf, page 5>
Package pdftex.def Info: aaai2015_grlp.pdf, page5 used on input line 37.
(pdftex.def)             Requested size: 614.58406pt x 795.3441pt.
 [24 <./aaai2015_grlp.pdf>]
<aaai2015_grlp.pdf, id=411, page=6, 614.295pt x 794.97pt>
File: aaai2015_grlp.pdf Graphic file (type pdf)

<use aaai2015_grlp.pdf, page 6>
Package pdftex.def Info: aaai2015_grlp.pdf, page6 used on input line 37.
(pdftex.def)             Requested size: 614.58406pt x 795.3441pt.
File: aaai2015_grlp.pdf Graphic file (type pdf)
 <use aaai2015_grlp.pdf, page 6>
Package pdftex.def Info: aaai2015_grlp.pdf, page6 used on input line 37.
(pdftex.def)             Requested size: 614.58406pt x 795.3441pt.
File: aaai2015_grlp.pdf Graphic file (type pdf)

<use aaai2015_grlp.pdf, page 6>
Package pdftex.def Info: aaai2015_grlp.pdf, page6 used on input line 37.
(pdftex.def)             Requested size: 614.58406pt x 795.3441pt.
 [25 <./aaai2015_grlp.pdf>]
<aaai2015_grlp.pdf, id=430, page=7, 614.295pt x 794.97pt>
File: aaai2015_grlp.pdf Graphic file (type pdf)

<use aaai2015_grlp.pdf, page 7>
Package pdftex.def Info: aaai2015_grlp.pdf, page7 used on input line 37.
(pdftex.def)             Requested size: 614.58406pt x 795.3441pt.
File: aaai2015_grlp.pdf Graphic file (type pdf)
 <use aaai2015_grlp.pdf, page 7>
Package pdftex.def Info: aaai2015_grlp.pdf, page7 used on input line 37.
(pdftex.def)             Requested size: 614.58406pt x 795.3441pt.
File: aaai2015_grlp.pdf Graphic file (type pdf)

<use aaai2015_grlp.pdf, page 7>
Package pdftex.def Info: aaai2015_grlp.pdf, page7 used on input line 37.
(pdftex.def)             Requested size: 614.58406pt x 795.3441pt.
 [26 <./aaai2015_grlp.pdf>]
<minplfa.pdf, id=434, 614.295pt x 794.97pt>
File: minplfa.pdf Graphic file (type pdf)
 <use minplfa.pdf>
Package pdftex.def Info: minplfa.pdf used on input line 38.
(pdftex.def)             Requested size: 614.29349pt x 794.96806pt.
File: minplfa.pdf Graphic file (type pdf)

<use minplfa.pdf>
Package pdftex.def Info: minplfa.pdf used on input line 38.
(pdftex.def)             Requested size: 614.29349pt x 794.96806pt.
 <minplfa.pdf, id=437, page=1, 614.295pt x 794.97pt>
File: minplfa.pdf Graphic file (type pdf)

<use minplfa.pdf, page 1>
Package pdftex.def Info: minplfa.pdf, page1 used on input line 38.
(pdftex.def)             Requested size: 614.29349pt x 794.96806pt.
File: minplfa.pdf Graphic file (type pdf)
 <use minplfa.pdf, page 1>
Package pdftex.def Info: minplfa.pdf, page1 used on input line 38.
(pdftex.def)             Requested size: 614.58406pt x 795.3441pt.
File: minplfa.pdf Graphic file (type pdf)
 <use minplfa.pdf, page 1>
Package pdftex.def Info: minplfa.pdf, page1 used on input line 38.
(pdftex.def)             Requested size: 614.58406pt x 795.3441pt.
File: minplfa.pdf Graphic file (type pdf)

<use minplfa.pdf, page 1>
Package pdftex.def Info: minplfa.pdf, page1 used on input line 38.
(pdftex.def)             Requested size: 614.58406pt x 795.3441pt.
File: minplfa.pdf Graphic file (type pdf)
 <use minplfa.pdf, page 1>
Package pdftex.def Info: minplfa.pdf, page1 used on input line 38.
(pdftex.def)             Requested size: 614.58406pt x 795.3441pt.
 [27 <./minplfa.pdf>]
<minplfa.pdf, id=509, page=2, 614.295pt x 794.97pt>
File: minplfa.pdf Graphic file (type pdf)
 <use minplfa.pdf, page 2>
Package pdftex.def Info: minplfa.pdf, page2 used on input line 38.
(pdftex.def)             Requested size: 614.58406pt x 795.3441pt.
File: minplfa.pdf Graphic file (type pdf)

<use minplfa.pdf, page 2>
Package pdftex.def Info: minplfa.pdf, page2 used on input line 38.
(pdftex.def)             Requested size: 614.58406pt x 795.3441pt.
File: minplfa.pdf Graphic file (type pdf)
 <use minplfa.pdf, page 2>
Package pdftex.def Info: minplfa.pdf, page2 used on input line 38.
(pdftex.def)             Requested size: 614.58406pt x 795.3441pt.
 [28 <./minplfa.pdf>]
<minplfa.pdf, id=519, page=3, 614.295pt x 794.97pt>
File: minplfa.pdf Graphic file (type pdf)
 <use minplfa.pdf, page 3>
Package pdftex.def Info: minplfa.pdf, page3 used on input line 38.
(pdftex.def)             Requested size: 614.58406pt x 795.3441pt.
File: minplfa.pdf Graphic file (type pdf)

<use minplfa.pdf, page 3>
Package pdftex.def Info: minplfa.pdf, page3 used on input line 38.
(pdftex.def)             Requested size: 614.58406pt x 795.3441pt.
File: minplfa.pdf Graphic file (type pdf)
 <use minplfa.pdf, page 3>
Package pdftex.def Info: minplfa.pdf, page3 used on input line 38.
(pdftex.def)             Requested size: 614.58406pt x 795.3441pt.
 [29 <./minplfa.pdf>]
<minplfa.pdf, id=523, page=4, 614.295pt x 794.97pt>
File: minplfa.pdf Graphic file (type pdf)
 <use minplfa.pdf, page 4>
Package pdftex.def Info: minplfa.pdf, page4 used on input line 38.
(pdftex.def)             Requested size: 614.58406pt x 795.3441pt.
File: minplfa.pdf Graphic file (type pdf)

<use minplfa.pdf, page 4>
Package pdftex.def Info: minplfa.pdf, page4 used on input line 38.
(pdftex.def)             Requested size: 614.58406pt x 795.3441pt.
File: minplfa.pdf Graphic file (type pdf)
 <use minplfa.pdf, page 4>
Package pdftex.def Info: minplfa.pdf, page4 used on input line 38.
(pdftex.def)             Requested size: 614.58406pt x 795.3441pt.
 [30 <./minplfa.pdf>]
<minplfa.pdf, id=530, page=5, 614.295pt x 794.97pt>
File: minplfa.pdf Graphic file (type pdf)
 <use minplfa.pdf, page 5>
Package pdftex.def Info: minplfa.pdf, page5 used on input line 38.
(pdftex.def)             Requested size: 614.58406pt x 795.3441pt.
File: minplfa.pdf Graphic file (type pdf)

<use minplfa.pdf, page 5>
Package pdftex.def Info: minplfa.pdf, page5 used on input line 38.
(pdftex.def)             Requested size: 614.58406pt x 795.3441pt.
File: minplfa.pdf Graphic file (type pdf)
 <use minplfa.pdf, page 5>
Package pdftex.def Info: minplfa.pdf, page5 used on input line 38.
(pdftex.def)             Requested size: 614.58406pt x 795.3441pt.
 [31 <./minplfa.pdf>]
<minplfa.pdf, id=535, page=6, 614.295pt x 794.97pt>
File: minplfa.pdf Graphic file (type pdf)
 <use minplfa.pdf, page 6>
Package pdftex.def Info: minplfa.pdf, page6 used on input line 38.
(pdftex.def)             Requested size: 614.58406pt x 795.3441pt.
File: minplfa.pdf Graphic file (type pdf)

<use minplfa.pdf, page 6>
Package pdftex.def Info: minplfa.pdf, page6 used on input line 38.
(pdftex.def)             Requested size: 614.58406pt x 795.3441pt.
File: minplfa.pdf Graphic file (type pdf)
 <use minplfa.pdf, page 6>
Package pdftex.def Info: minplfa.pdf, page6 used on input line 38.
(pdftex.def)             Requested size: 614.58406pt x 795.3441pt.
 [32 <./minplfa.pdf>]
Package atveryend Info: Empty hook `BeforeClearDocument' on input line 39.
Package atveryend Info: Empty hook `AfterLastShipout' on input line 39.

(./iitpkd.aux)
Package atveryend Info: Executing hook `AtVeryEndDocument' on input line 39.
Package atveryend Info: Empty hook `AtEndAfterFileList' on input line 39.
Package atveryend Info: Empty hook `AtVeryVeryEnd' on input line 39.
 ) 
Here is how much of TeX's memory you used:
 35241 strings out of 493014
 851616 string characters out of 6133351
 1088677 words of memory out of 5000000
 37949 multiletter control sequences out of 15000+600000
 8291 words of font info for 39 fonts, out of 8000000 for 9000
 1141 hyphenation exceptions out of 8191
 57i,18n,84p,3254b,609s stack positions out of 5000i,500n,10000p,200000b,80000s
</usr/local/texlive/2016/texmf-dist/fonts/type1/public/amsfonts/cm/cmbx10.pfb
></usr/local/texlive/2016/texmf-dist/fonts/type1/public/amsfonts/cm/cmbx12.pfb>
</usr/local/texlive/2016/texmf-dist/fonts/type1/public/amsfonts/cm/cmbx6.pfb></
usr/local/texlive/2016/texmf-dist/fonts/type1/public/amsfonts/cm/cmbx7.pfb></us
r/local/texlive/2016/texmf-dist/fonts/type1/public/amsfonts/cm/cmbx9.pfb></usr/
local/texlive/2016/texmf-dist/fonts/type1/public/amsfonts/cm/cmex10.pfb></usr/l
ocal/texlive/2016/texmf-dist/fonts/type1/public/amsfonts/cmextra/cmex9.pfb></us
r/local/texlive/2016/texmf-dist/fonts/type1/public/amsfonts/cm/cmmi10.pfb></usr
/local/texlive/2016/texmf-dist/fonts/type1/public/amsfonts/cm/cmmi12.pfb></usr/
local/texlive/2016/texmf-dist/fonts/type1/public/amsfonts/cm/cmmi5.pfb></usr/lo
cal/texlive/2016/texmf-dist/fonts/type1/public/amsfonts/cm/cmmi6.pfb></usr/loca
l/texlive/2016/texmf-dist/fonts/type1/public/amsfonts/cm/cmmi7.pfb></usr/local/
texlive/2016/texmf-dist/fonts/type1/public/amsfonts/cm/cmmi8.pfb></usr/local/te
xlive/2016/texmf-dist/fonts/type1/public/amsfonts/cm/cmmi9.pfb></usr/local/texl
ive/2016/texmf-dist/fonts/type1/public/amsfonts/cm/cmr10.pfb></usr/local/texliv
e/2016/texmf-dist/fonts/type1/public/amsfonts/cm/cmr12.pfb></usr/local/texlive/
2016/texmf-dist/fonts/type1/public/amsfonts/cm/cmr17.pfb></usr/local/texlive/20
16/texmf-dist/fonts/type1/public/amsfonts/cm/cmr5.pfb></usr/local/texlive/2016/
texmf-dist/fonts/type1/public/amsfonts/cm/cmr6.pfb></usr/local/texlive/2016/tex
mf-dist/fonts/type1/public/amsfonts/cm/cmr7.pfb></usr/local/texlive/2016/texmf-
dist/fonts/type1/public/amsfonts/cm/cmr8.pfb></usr/local/texlive/2016/texmf-dis
t/fonts/type1/public/amsfonts/cm/cmr9.pfb></usr/local/texlive/2016/texmf-dist/f
onts/type1/public/amsfonts/cm/cmsy10.pfb></usr/local/texlive/2016/texmf-dist/fo
nts/type1/public/amsfonts/cm/cmsy5.pfb></usr/local/texlive/2016/texmf-dist/font
s/type1/public/amsfonts/cm/cmsy6.pfb></usr/local/texlive/2016/texmf-dist/fonts/
type1/public/amsfonts/cm/cmsy7.pfb></usr/local/texlive/2016/texmf-dist/fonts/ty
pe1/public/amsfonts/cm/cmsy8.pfb></usr/local/texlive/2016/texmf-dist/fonts/type
1/public/amsfonts/cm/cmsy9.pfb></usr/local/texlive/2016/texmf-dist/fonts/type1/
public/amsfonts/cm/cmti10.pfb></usr/local/texlive/2016/texmf-dist/fonts/type1/u
rw/courier/ucrr8a.pfb></usr/local/texlive/2016/texmf-dist/fonts/type1/urw/times
/utmb8a.pfb></usr/local/texlive/2016/texmf-dist/fonts/type1/urw/times/utmbi8a.p
fb></usr/local/texlive/2016/texmf-dist/fonts/type1/urw/times/utmr8a.pfb></usr/l
ocal/texlive/2016/texmf-dist/fonts/type1/urw/times/utmr8a.pfb></usr/local/texli
ve/2016/texmf-dist/fonts/type1/urw/times/utmri8a.pfb></usr/local/texlive/2016/t
exmf-dist/fonts/type1/urw/zapfding/uzdr.pfb>
Output written on iitpkd.pdf (32 pages, 698431 bytes).
PDF statistics:
 588 PDF objects out of 1000 (max. 8388607)
 444 compressed objects within 5 object streams
 0 named destinations out of 1000 (max. 500000)
 359 words of extra memory for PDF output out of 10000 (max. 10000000)

